[2026-06-18T16:16:38.341+0000] {local_task_job_runner.py:123} INFO - ::group::Pre task execution logs
[2026-06-18T16:16:38.386+0000] {taskinstance.py:2612} INFO - Dependencies all met for dep_context=non-requeueable deps ti=<TaskInstance: ml_pipeline_with_mlflow.train_logistic_regression scheduled__2026-06-17T00:00:00+00:00 [queued]>
[2026-06-18T16:16:38.412+0000] {taskinstance.py:2612} INFO - Dependencies all met for dep_context=requeueable deps ti=<TaskInstance: ml_pipeline_with_mlflow.train_logistic_regression scheduled__2026-06-17T00:00:00+00:00 [queued]>
[2026-06-18T16:16:38.414+0000] {taskinstance.py:2865} INFO - Starting attempt 1 of 2
[2026-06-18T16:16:38.450+0000] {taskinstance.py:2888} INFO - Executing <Task(PythonOperator): train_logistic_regression> on 2026-06-17 00:00:00+00:00
[2026-06-18T16:16:38.475+0000] {standard_task_runner.py:72} INFO - Started process 2426 to run task
[2026-06-18T16:16:38.494+0000] {standard_task_runner.py:104} INFO - Running: ['***', 'tasks', 'run', 'ml_pipeline_with_mlflow', 'train_logistic_regression', 'scheduled__2026-06-17T00:00:00+00:00', '--job-id', '10', '--raw', '--subdir', 'DAGS_FOLDER/full_pipeline.py', '--cfg-path', '/tmp/tmp4jdwxoii']
[2026-06-18T16:16:38.517+0000] {standard_task_runner.py:105} INFO - Job 10: Subtask train_logistic_regression
[2026-06-18T16:16:38.937+0000] {task_command.py:467} INFO - Running <TaskInstance: ml_pipeline_with_mlflow.train_logistic_regression scheduled__2026-06-17T00:00:00+00:00 [running]> on host 7c322b6c4560
[2026-06-18T16:16:39.243+0000] {taskinstance.py:3131} INFO - Exporting env vars: AIRFLOW_CTX_DAG_OWNER='ml_team' AIRFLOW_CTX_DAG_ID='ml_pipeline_with_mlflow' AIRFLOW_CTX_TASK_ID='train_logistic_regression' AIRFLOW_CTX_EXECUTION_DATE='2026-06-17T00:00:00+00:00' AIRFLOW_CTX_TRY_NUMBER='1' AIRFLOW_CTX_DAG_RUN_ID='scheduled__2026-06-17T00:00:00+00:00'
[2026-06-18T16:16:39.260+0000] {taskinstance.py:731} INFO - ::endgroup::
[2026-06-18T16:16:39.312+0000] {logging_mixin.py:190} INFO -  Training Logistic Regression...
[2026-06-18T16:16:39.734+0000] {logging_mixin.py:190} WARNING - 2026/06/18 16:16:39 WARNING mlflow.utils.git_utils: Failed to import Git (the Git executable is probably not on your PATH), so Git SHA is not available. Error: Failed to initialize: Bad git executable.
The git executable must be specified in one of the following ways:
    - be included in your $PATH
    - be set via $GIT_PYTHON_GIT_EXECUTABLE
    - explicitly set via git.refresh(<full-path-to-git-executable>)

All git commands will error until this is rectified.

This initial message can be silenced or aggravated in the future by setting the
$GIT_PYTHON_REFRESH environment variable. Use one of the following values:
    - quiet|q|silence|s|silent|none|n|0: for no message or exception
    - warn|w|warning|log|l|1: for a warning message (logging level CRITICAL, displayed by default)
    - error|e|exception|raise|r|2: for a raised exception

Example:
    export GIT_PYTHON_REFRESH=quiet
[2026-06-18T16:16:59.323+0000] {logging_mixin.py:190} WARNING - 2026/06/18 16:16:59 WARNING mlflow.models.model: Model logged without a signature and input example. Please set `input_example` parameter when logging the model to auto infer the model signature.
[2026-06-18T16:16:59.733+0000] {credentials.py:1124} INFO - Found credentials in environment variables.
[2026-06-18T16:17:00.284+0000] {logging_mixin.py:190} INFO -  Logistic Regression trained!
[2026-06-18T16:17:00.285+0000] {logging_mixin.py:190} INFO -   Run ID: 562db450a7784072bb3d1e019c606b19
[2026-06-18T16:17:00.286+0000] {logging_mixin.py:190} INFO -   Test Accuracy: 0.7350
[2026-06-18T16:17:00.387+0000] {logging_mixin.py:190} WARNING - 2026/06/18 16:17:00 INFO mlflow.tracking._tracking_service.client: 🏃 View run LogisticRegression at: http://mlflow:5001/#/experiments/1/runs/562db450a7784072bb3d1e019c606b19.
[2026-06-18T16:17:00.389+0000] {logging_mixin.py:190} WARNING - 2026/06/18 16:17:00 INFO mlflow.tracking._tracking_service.client: 🧪 View experiment at: http://mlflow:5001/#/experiments/1.
[2026-06-18T16:17:00.429+0000] {python.py:240} INFO - Done. Returned value was: {'train_accuracy': 0.7225, 'test_accuracy': 0.735, 'test_precision': 0.7369011839708561, 'test_recall': 0.735, 'test_f1': 0.7352591627485413}
[2026-06-18T16:17:00.480+0000] {taskinstance.py:340} INFO - ::group::Post task execution logs
[2026-06-18T16:17:00.486+0000] {taskinstance.py:352} INFO - Marking task as SUCCESS. dag_id=ml_pipeline_with_mlflow, task_id=train_logistic_regression, run_id=scheduled__2026-06-17T00:00:00+00:00, execution_date=20260617T000000, start_date=20260618T161638, end_date=20260618T161700
[2026-06-18T16:17:00.585+0000] {local_task_job_runner.py:266} INFO - Task exited with return code 0
[2026-06-18T16:17:00.642+0000] {taskinstance.py:3900} INFO - 0 downstream tasks scheduled from follow-on schedule check
[2026-06-18T16:17:00.650+0000] {local_task_job_runner.py:245} INFO - ::endgroup::
