[2026-03-03T00:08:20.503+0000] {processor.py:186} INFO - Started process (PID=3193) to work on /opt/airflow/dags/full_pipeline.py
[2026-03-03T00:08:20.505+0000] {processor.py:914} INFO - Processing file /opt/airflow/dags/full_pipeline.py for tasks to queue
[2026-03-03T00:08:20.512+0000] {logging_mixin.py:190} INFO - [2026-03-03T00:08:20.511+0000] {dagbag.py:588} INFO - Filling up the DagBag from /opt/airflow/dags/full_pipeline.py
[2026-03-03T00:08:21.635+0000] {processor.py:925} INFO - DAG(s) 'ml_pipeline_with_mlflow' retrieved from /opt/airflow/dags/full_pipeline.py
[2026-03-03T00:08:21.659+0000] {logging_mixin.py:190} INFO - [2026-03-03T00:08:21.658+0000] {dag.py:3239} INFO - Sync 1 DAGs
[2026-03-03T00:08:21.675+0000] {logging_mixin.py:190} INFO - [2026-03-03T00:08:21.675+0000] {dag.py:4180} INFO - Setting next_dagrun for ml_pipeline_with_mlflow to 2026-03-03 00:00:00+00:00, run_after=2026-03-04 00:00:00+00:00
[2026-03-03T00:08:21.690+0000] {processor.py:208} INFO - Processing /opt/airflow/dags/full_pipeline.py took 1.197 seconds
[2026-03-03T00:25:26.494+0000] {processor.py:186} INFO - Started process (PID=3506) to work on /opt/airflow/dags/full_pipeline.py
[2026-03-03T00:25:26.497+0000] {processor.py:914} INFO - Processing file /opt/airflow/dags/full_pipeline.py for tasks to queue
[2026-03-03T00:25:26.499+0000] {logging_mixin.py:190} INFO - [2026-03-03T00:25:26.499+0000] {dagbag.py:588} INFO - Filling up the DagBag from /opt/airflow/dags/full_pipeline.py
[2026-03-03T00:25:27.322+0000] {processor.py:925} INFO - DAG(s) 'ml_pipeline_with_mlflow' retrieved from /opt/airflow/dags/full_pipeline.py
[2026-03-03T00:25:27.343+0000] {logging_mixin.py:190} INFO - [2026-03-03T00:25:27.343+0000] {dag.py:3239} INFO - Sync 1 DAGs
[2026-03-03T00:25:27.357+0000] {logging_mixin.py:190} INFO - [2026-03-03T00:25:27.357+0000] {dag.py:4180} INFO - Setting next_dagrun for ml_pipeline_with_mlflow to 2026-03-03 00:00:00+00:00, run_after=2026-03-04 00:00:00+00:00
[2026-03-03T00:25:27.367+0000] {processor.py:208} INFO - Processing /opt/airflow/dags/full_pipeline.py took 0.881 seconds
[2026-03-03T00:32:47.402+0000] {processor.py:186} INFO - Started process (PID=3538) to work on /opt/airflow/dags/full_pipeline.py
[2026-03-03T00:32:47.403+0000] {processor.py:914} INFO - Processing file /opt/airflow/dags/full_pipeline.py for tasks to queue
[2026-03-03T00:32:47.409+0000] {logging_mixin.py:190} INFO - [2026-03-03T00:32:47.408+0000] {dagbag.py:588} INFO - Filling up the DagBag from /opt/airflow/dags/full_pipeline.py
[2026-03-03T00:32:48.232+0000] {processor.py:925} INFO - DAG(s) 'ml_pipeline_with_mlflow' retrieved from /opt/airflow/dags/full_pipeline.py
[2026-03-03T00:32:48.248+0000] {logging_mixin.py:190} INFO - [2026-03-03T00:32:48.248+0000] {dag.py:3239} INFO - Sync 1 DAGs
[2026-03-03T00:32:48.263+0000] {logging_mixin.py:190} INFO - [2026-03-03T00:32:48.263+0000] {dag.py:4180} INFO - Setting next_dagrun for ml_pipeline_with_mlflow to 2026-03-03 00:00:00+00:00, run_after=2026-03-04 00:00:00+00:00
[2026-03-03T00:32:48.279+0000] {processor.py:208} INFO - Processing /opt/airflow/dags/full_pipeline.py took 0.886 seconds
[2026-03-03T00:33:18.779+0000] {processor.py:186} INFO - Started process (PID=3576) to work on /opt/airflow/dags/full_pipeline.py
[2026-03-03T00:33:18.781+0000] {processor.py:914} INFO - Processing file /opt/airflow/dags/full_pipeline.py for tasks to queue
[2026-03-03T00:33:18.784+0000] {logging_mixin.py:190} INFO - [2026-03-03T00:33:18.784+0000] {dagbag.py:588} INFO - Filling up the DagBag from /opt/airflow/dags/full_pipeline.py
[2026-03-03T00:33:19.564+0000] {processor.py:925} INFO - DAG(s) 'ml_pipeline_with_mlflow' retrieved from /opt/airflow/dags/full_pipeline.py
[2026-03-03T00:33:19.579+0000] {logging_mixin.py:190} INFO - [2026-03-03T00:33:19.579+0000] {dag.py:3239} INFO - Sync 1 DAGs
[2026-03-03T00:33:19.594+0000] {logging_mixin.py:190} INFO - [2026-03-03T00:33:19.594+0000] {dag.py:4180} INFO - Setting next_dagrun for ml_pipeline_with_mlflow to 2026-03-03 00:00:00+00:00, run_after=2026-03-04 00:00:00+00:00
[2026-03-03T00:33:19.607+0000] {processor.py:208} INFO - Processing /opt/airflow/dags/full_pipeline.py took 0.838 seconds
[2026-03-03T00:54:05.921+0000] {processor.py:186} INFO - Started process (PID=3602) to work on /opt/airflow/dags/full_pipeline.py
[2026-03-03T00:54:05.922+0000] {processor.py:914} INFO - Processing file /opt/airflow/dags/full_pipeline.py for tasks to queue
[2026-03-03T00:54:05.925+0000] {logging_mixin.py:190} INFO - [2026-03-03T00:54:05.925+0000] {dagbag.py:588} INFO - Filling up the DagBag from /opt/airflow/dags/full_pipeline.py
[2026-03-03T00:54:06.799+0000] {processor.py:925} INFO - DAG(s) 'ml_pipeline_with_mlflow' retrieved from /opt/airflow/dags/full_pipeline.py
[2026-03-03T00:54:06.820+0000] {logging_mixin.py:190} INFO - [2026-03-03T00:54:06.820+0000] {dag.py:3239} INFO - Sync 1 DAGs
[2026-03-03T00:54:06.835+0000] {logging_mixin.py:190} INFO - [2026-03-03T00:54:06.835+0000] {dag.py:4180} INFO - Setting next_dagrun for ml_pipeline_with_mlflow to 2026-03-03 00:00:00+00:00, run_after=2026-03-04 00:00:00+00:00
[2026-03-03T00:54:06.847+0000] {processor.py:208} INFO - Processing /opt/airflow/dags/full_pipeline.py took 0.938 seconds
[2026-03-03T01:09:45.753+0000] {processor.py:186} INFO - Started process (PID=3634) to work on /opt/airflow/dags/full_pipeline.py
[2026-03-03T01:09:45.754+0000] {processor.py:914} INFO - Processing file /opt/airflow/dags/full_pipeline.py for tasks to queue
[2026-03-03T01:09:45.756+0000] {logging_mixin.py:190} INFO - [2026-03-03T01:09:45.756+0000] {dagbag.py:588} INFO - Filling up the DagBag from /opt/airflow/dags/full_pipeline.py
[2026-03-03T01:09:46.592+0000] {processor.py:925} INFO - DAG(s) 'ml_pipeline_with_mlflow' retrieved from /opt/airflow/dags/full_pipeline.py
[2026-03-03T01:09:46.606+0000] {logging_mixin.py:190} INFO - [2026-03-03T01:09:46.605+0000] {dag.py:3239} INFO - Sync 1 DAGs
[2026-03-03T01:09:46.617+0000] {logging_mixin.py:190} INFO - [2026-03-03T01:09:46.617+0000] {dag.py:4180} INFO - Setting next_dagrun for ml_pipeline_with_mlflow to 2026-03-03 00:00:00+00:00, run_after=2026-03-04 00:00:00+00:00
[2026-03-03T01:09:46.627+0000] {processor.py:208} INFO - Processing /opt/airflow/dags/full_pipeline.py took 0.880 seconds
[2026-03-03T01:55:02.123+0000] {processor.py:186} INFO - Started process (PID=3666) to work on /opt/airflow/dags/full_pipeline.py
[2026-03-03T01:55:02.124+0000] {processor.py:914} INFO - Processing file /opt/airflow/dags/full_pipeline.py for tasks to queue
[2026-03-03T01:55:02.126+0000] {logging_mixin.py:190} INFO - [2026-03-03T01:55:02.125+0000] {dagbag.py:588} INFO - Filling up the DagBag from /opt/airflow/dags/full_pipeline.py
[2026-03-03T01:55:02.876+0000] {processor.py:925} INFO - DAG(s) 'ml_pipeline_with_mlflow' retrieved from /opt/airflow/dags/full_pipeline.py
[2026-03-03T01:55:02.893+0000] {logging_mixin.py:190} INFO - [2026-03-03T01:55:02.893+0000] {dag.py:3239} INFO - Sync 1 DAGs
[2026-03-03T01:55:02.907+0000] {logging_mixin.py:190} INFO - [2026-03-03T01:55:02.907+0000] {dag.py:4180} INFO - Setting next_dagrun for ml_pipeline_with_mlflow to 2026-03-03 00:00:00+00:00, run_after=2026-03-04 00:00:00+00:00
[2026-03-03T01:55:02.919+0000] {processor.py:208} INFO - Processing /opt/airflow/dags/full_pipeline.py took 0.803 seconds
[2026-03-03T02:11:43.122+0000] {processor.py:186} INFO - Started process (PID=3697) to work on /opt/airflow/dags/full_pipeline.py
[2026-03-03T02:11:43.171+0000] {processor.py:914} INFO - Processing file /opt/airflow/dags/full_pipeline.py for tasks to queue
[2026-03-03T02:11:43.173+0000] {logging_mixin.py:190} INFO - [2026-03-03T02:11:43.173+0000] {dagbag.py:588} INFO - Filling up the DagBag from /opt/airflow/dags/full_pipeline.py
[2026-03-03T02:11:43.964+0000] {processor.py:925} INFO - DAG(s) 'ml_pipeline_with_mlflow' retrieved from /opt/airflow/dags/full_pipeline.py
[2026-03-03T02:11:43.980+0000] {logging_mixin.py:190} INFO - [2026-03-03T02:11:43.980+0000] {dag.py:3239} INFO - Sync 1 DAGs
[2026-03-03T02:11:43.993+0000] {logging_mixin.py:190} INFO - [2026-03-03T02:11:43.992+0000] {dag.py:4180} INFO - Setting next_dagrun for ml_pipeline_with_mlflow to 2026-03-03 00:00:00+00:00, run_after=2026-03-04 00:00:00+00:00
[2026-03-03T02:11:44.006+0000] {processor.py:208} INFO - Processing /opt/airflow/dags/full_pipeline.py took 0.893 seconds
[2026-03-03T02:12:14.625+0000] {processor.py:186} INFO - Started process (PID=3734) to work on /opt/airflow/dags/full_pipeline.py
[2026-03-03T02:12:14.627+0000] {processor.py:914} INFO - Processing file /opt/airflow/dags/full_pipeline.py for tasks to queue
[2026-03-03T02:12:14.631+0000] {logging_mixin.py:190} INFO - [2026-03-03T02:12:14.631+0000] {dagbag.py:588} INFO - Filling up the DagBag from /opt/airflow/dags/full_pipeline.py
[2026-03-03T02:12:15.402+0000] {processor.py:925} INFO - DAG(s) 'ml_pipeline_with_mlflow' retrieved from /opt/airflow/dags/full_pipeline.py
[2026-03-03T02:12:15.420+0000] {logging_mixin.py:190} INFO - [2026-03-03T02:12:15.420+0000] {dag.py:3239} INFO - Sync 1 DAGs
[2026-03-03T02:12:15.437+0000] {logging_mixin.py:190} INFO - [2026-03-03T02:12:15.437+0000] {dag.py:4180} INFO - Setting next_dagrun for ml_pipeline_with_mlflow to 2026-03-03 00:00:00+00:00, run_after=2026-03-04 00:00:00+00:00
[2026-03-03T02:12:15.448+0000] {processor.py:208} INFO - Processing /opt/airflow/dags/full_pipeline.py took 0.834 seconds
[2026-03-03T02:55:49.685+0000] {processor.py:186} INFO - Started process (PID=3760) to work on /opt/airflow/dags/full_pipeline.py
[2026-03-03T02:55:49.686+0000] {processor.py:914} INFO - Processing file /opt/airflow/dags/full_pipeline.py for tasks to queue
[2026-03-03T02:55:49.689+0000] {logging_mixin.py:190} INFO - [2026-03-03T02:55:49.688+0000] {dagbag.py:588} INFO - Filling up the DagBag from /opt/airflow/dags/full_pipeline.py
[2026-03-03T02:55:50.571+0000] {processor.py:925} INFO - DAG(s) 'ml_pipeline_with_mlflow' retrieved from /opt/airflow/dags/full_pipeline.py
[2026-03-03T02:55:50.598+0000] {logging_mixin.py:190} INFO - [2026-03-03T02:55:50.598+0000] {dag.py:3239} INFO - Sync 1 DAGs
[2026-03-03T02:55:50.617+0000] {logging_mixin.py:190} INFO - [2026-03-03T02:55:50.617+0000] {dag.py:4180} INFO - Setting next_dagrun for ml_pipeline_with_mlflow to 2026-03-03 00:00:00+00:00, run_after=2026-03-04 00:00:00+00:00
[2026-03-03T02:55:50.639+0000] {processor.py:208} INFO - Processing /opt/airflow/dags/full_pipeline.py took 0.965 seconds
[2026-03-03T02:56:21.210+0000] {processor.py:186} INFO - Started process (PID=3798) to work on /opt/airflow/dags/full_pipeline.py
[2026-03-03T02:56:21.211+0000] {processor.py:914} INFO - Processing file /opt/airflow/dags/full_pipeline.py for tasks to queue
[2026-03-03T02:56:21.215+0000] {logging_mixin.py:190} INFO - [2026-03-03T02:56:21.215+0000] {dagbag.py:588} INFO - Filling up the DagBag from /opt/airflow/dags/full_pipeline.py
[2026-03-03T02:56:22.094+0000] {processor.py:925} INFO - DAG(s) 'ml_pipeline_with_mlflow' retrieved from /opt/airflow/dags/full_pipeline.py
[2026-03-03T02:56:22.114+0000] {logging_mixin.py:190} INFO - [2026-03-03T02:56:22.113+0000] {dag.py:3239} INFO - Sync 1 DAGs
[2026-03-03T02:56:22.125+0000] {logging_mixin.py:190} INFO - [2026-03-03T02:56:22.125+0000] {dag.py:4180} INFO - Setting next_dagrun for ml_pipeline_with_mlflow to 2026-03-03 00:00:00+00:00, run_after=2026-03-04 00:00:00+00:00
[2026-03-03T02:56:22.136+0000] {processor.py:208} INFO - Processing /opt/airflow/dags/full_pipeline.py took 0.935 seconds
[2026-03-03T03:23:58.679+0000] {processor.py:186} INFO - Started process (PID=3824) to work on /opt/airflow/dags/full_pipeline.py
[2026-03-03T03:23:58.682+0000] {processor.py:914} INFO - Processing file /opt/airflow/dags/full_pipeline.py for tasks to queue
[2026-03-03T03:23:58.685+0000] {logging_mixin.py:190} INFO - [2026-03-03T03:23:58.684+0000] {dagbag.py:588} INFO - Filling up the DagBag from /opt/airflow/dags/full_pipeline.py
[2026-03-03T03:23:59.568+0000] {processor.py:925} INFO - DAG(s) 'ml_pipeline_with_mlflow' retrieved from /opt/airflow/dags/full_pipeline.py
[2026-03-03T03:23:59.591+0000] {logging_mixin.py:190} INFO - [2026-03-03T03:23:59.591+0000] {dag.py:3239} INFO - Sync 1 DAGs
[2026-03-03T03:23:59.605+0000] {logging_mixin.py:190} INFO - [2026-03-03T03:23:59.605+0000] {dag.py:4180} INFO - Setting next_dagrun for ml_pipeline_with_mlflow to 2026-03-03 00:00:00+00:00, run_after=2026-03-04 00:00:00+00:00
[2026-03-03T03:23:59.618+0000] {processor.py:208} INFO - Processing /opt/airflow/dags/full_pipeline.py took 0.949 seconds
[2026-03-03T03:26:30.374+0000] {processor.py:186} INFO - Started process (PID=3856) to work on /opt/airflow/dags/full_pipeline.py
[2026-03-03T03:26:30.378+0000] {processor.py:914} INFO - Processing file /opt/airflow/dags/full_pipeline.py for tasks to queue
[2026-03-03T03:26:30.381+0000] {logging_mixin.py:190} INFO - [2026-03-03T03:26:30.381+0000] {dagbag.py:588} INFO - Filling up the DagBag from /opt/airflow/dags/full_pipeline.py
[2026-03-03T03:26:31.247+0000] {processor.py:925} INFO - DAG(s) 'ml_pipeline_with_mlflow' retrieved from /opt/airflow/dags/full_pipeline.py
[2026-03-03T03:26:31.266+0000] {logging_mixin.py:190} INFO - [2026-03-03T03:26:31.265+0000] {dag.py:3239} INFO - Sync 1 DAGs
[2026-03-03T03:26:31.283+0000] {logging_mixin.py:190} INFO - [2026-03-03T03:26:31.283+0000] {dag.py:4180} INFO - Setting next_dagrun for ml_pipeline_with_mlflow to 2026-03-03 00:00:00+00:00, run_after=2026-03-04 00:00:00+00:00
[2026-03-03T03:26:31.296+0000] {processor.py:208} INFO - Processing /opt/airflow/dags/full_pipeline.py took 0.934 seconds
[2026-03-03T03:43:02.789+0000] {processor.py:186} INFO - Started process (PID=3888) to work on /opt/airflow/dags/full_pipeline.py
[2026-03-03T03:43:02.790+0000] {processor.py:914} INFO - Processing file /opt/airflow/dags/full_pipeline.py for tasks to queue
[2026-03-03T03:43:02.791+0000] {logging_mixin.py:190} INFO - [2026-03-03T03:43:02.791+0000] {dagbag.py:588} INFO - Filling up the DagBag from /opt/airflow/dags/full_pipeline.py
[2026-03-03T03:43:03.576+0000] {processor.py:925} INFO - DAG(s) 'ml_pipeline_with_mlflow' retrieved from /opt/airflow/dags/full_pipeline.py
[2026-03-03T03:43:03.592+0000] {logging_mixin.py:190} INFO - [2026-03-03T03:43:03.592+0000] {dag.py:3239} INFO - Sync 1 DAGs
[2026-03-03T03:43:03.605+0000] {logging_mixin.py:190} INFO - [2026-03-03T03:43:03.605+0000] {dag.py:4180} INFO - Setting next_dagrun for ml_pipeline_with_mlflow to 2026-03-03 00:00:00+00:00, run_after=2026-03-04 00:00:00+00:00
[2026-03-03T03:43:03.614+0000] {processor.py:208} INFO - Processing /opt/airflow/dags/full_pipeline.py took 0.830 seconds
[2026-03-03T03:57:13.062+0000] {processor.py:186} INFO - Started process (PID=3920) to work on /opt/airflow/dags/full_pipeline.py
[2026-03-03T03:57:13.066+0000] {processor.py:914} INFO - Processing file /opt/airflow/dags/full_pipeline.py for tasks to queue
[2026-03-03T03:57:13.068+0000] {logging_mixin.py:190} INFO - [2026-03-03T03:57:13.068+0000] {dagbag.py:588} INFO - Filling up the DagBag from /opt/airflow/dags/full_pipeline.py
[2026-03-03T03:57:13.792+0000] {processor.py:925} INFO - DAG(s) 'ml_pipeline_with_mlflow' retrieved from /opt/airflow/dags/full_pipeline.py
[2026-03-03T03:57:13.811+0000] {logging_mixin.py:190} INFO - [2026-03-03T03:57:13.811+0000] {dag.py:3239} INFO - Sync 1 DAGs
[2026-03-03T03:57:13.825+0000] {logging_mixin.py:190} INFO - [2026-03-03T03:57:13.825+0000] {dag.py:4180} INFO - Setting next_dagrun for ml_pipeline_with_mlflow to 2026-03-03 00:00:00+00:00, run_after=2026-03-04 00:00:00+00:00
[2026-03-03T03:57:13.836+0000] {processor.py:208} INFO - Processing /opt/airflow/dags/full_pipeline.py took 0.781 seconds
[2026-03-03T04:07:06.435+0000] {processor.py:186} INFO - Started process (PID=3952) to work on /opt/airflow/dags/full_pipeline.py
[2026-03-03T04:07:06.439+0000] {processor.py:914} INFO - Processing file /opt/airflow/dags/full_pipeline.py for tasks to queue
[2026-03-03T04:07:06.441+0000] {logging_mixin.py:190} INFO - [2026-03-03T04:07:06.441+0000] {dagbag.py:588} INFO - Filling up the DagBag from /opt/airflow/dags/full_pipeline.py
[2026-03-03T04:07:07.526+0000] {processor.py:925} INFO - DAG(s) 'ml_pipeline_with_mlflow' retrieved from /opt/airflow/dags/full_pipeline.py
[2026-03-03T04:07:07.568+0000] {logging_mixin.py:190} INFO - [2026-03-03T04:07:07.567+0000] {dag.py:3239} INFO - Sync 1 DAGs
[2026-03-03T04:07:07.600+0000] {logging_mixin.py:190} INFO - [2026-03-03T04:07:07.600+0000] {dag.py:4180} INFO - Setting next_dagrun for ml_pipeline_with_mlflow to 2026-03-03 00:00:00+00:00, run_after=2026-03-04 00:00:00+00:00
[2026-03-03T04:07:07.622+0000] {processor.py:208} INFO - Processing /opt/airflow/dags/full_pipeline.py took 1.196 seconds
[2026-03-03T04:07:38.144+0000] {processor.py:186} INFO - Started process (PID=3990) to work on /opt/airflow/dags/full_pipeline.py
[2026-03-03T04:07:38.147+0000] {processor.py:914} INFO - Processing file /opt/airflow/dags/full_pipeline.py for tasks to queue
[2026-03-03T04:07:38.150+0000] {logging_mixin.py:190} INFO - [2026-03-03T04:07:38.150+0000] {dagbag.py:588} INFO - Filling up the DagBag from /opt/airflow/dags/full_pipeline.py
[2026-03-03T04:07:38.969+0000] {processor.py:925} INFO - DAG(s) 'ml_pipeline_with_mlflow' retrieved from /opt/airflow/dags/full_pipeline.py
[2026-03-03T04:07:38.988+0000] {logging_mixin.py:190} INFO - [2026-03-03T04:07:38.988+0000] {dag.py:3239} INFO - Sync 1 DAGs
[2026-03-03T04:07:38.998+0000] {logging_mixin.py:190} INFO - [2026-03-03T04:07:38.998+0000] {dag.py:4180} INFO - Setting next_dagrun for ml_pipeline_with_mlflow to 2026-03-03 00:00:00+00:00, run_after=2026-03-04 00:00:00+00:00
[2026-03-03T04:07:39.008+0000] {processor.py:208} INFO - Processing /opt/airflow/dags/full_pipeline.py took 0.878 seconds
[2026-03-03T04:08:21.023+0000] {processor.py:186} INFO - Started process (PID=4016) to work on /opt/airflow/dags/full_pipeline.py
[2026-03-03T04:08:21.026+0000] {processor.py:914} INFO - Processing file /opt/airflow/dags/full_pipeline.py for tasks to queue
[2026-03-03T04:08:21.033+0000] {logging_mixin.py:190} INFO - [2026-03-03T04:08:21.032+0000] {dagbag.py:588} INFO - Filling up the DagBag from /opt/airflow/dags/full_pipeline.py
[2026-03-03T04:08:22.609+0000] {processor.py:925} INFO - DAG(s) 'ml_pipeline_with_mlflow' retrieved from /opt/airflow/dags/full_pipeline.py
[2026-03-03T04:08:22.627+0000] {logging_mixin.py:190} INFO - [2026-03-03T04:08:22.627+0000] {dag.py:3239} INFO - Sync 1 DAGs
[2026-03-03T04:08:22.641+0000] {logging_mixin.py:190} INFO - [2026-03-03T04:08:22.641+0000] {dag.py:4180} INFO - Setting next_dagrun for ml_pipeline_with_mlflow to 2026-03-03 00:00:00+00:00, run_after=2026-03-04 00:00:00+00:00
[2026-03-03T04:08:22.655+0000] {processor.py:208} INFO - Processing /opt/airflow/dags/full_pipeline.py took 1.661 seconds
