[2026-03-02T10:35:06.948+0000] {local_task_job_runner.py:123} INFO - ::group::Pre task execution logs
[2026-03-02T10:35:06.957+0000] {taskinstance.py:2612} INFO - Dependencies all met for dep_context=non-requeueable deps ti=<TaskInstance: ml_pipeline_with_mlflow.register_model scheduled__2026-03-01T00:00:00+00:00 [queued]>
[2026-03-02T10:35:06.961+0000] {taskinstance.py:2612} INFO - Dependencies all met for dep_context=requeueable deps ti=<TaskInstance: ml_pipeline_with_mlflow.register_model scheduled__2026-03-01T00:00:00+00:00 [queued]>
[2026-03-02T10:35:06.963+0000] {taskinstance.py:2865} INFO - Starting attempt 1 of 2
[2026-03-02T10:35:06.969+0000] {taskinstance.py:2888} INFO - Executing <Task(PythonOperator): register_model> on 2026-03-01 00:00:00+00:00
[2026-03-02T10:35:06.973+0000] {standard_task_runner.py:72} INFO - Started process 957 to run task
[2026-03-02T10:35:06.975+0000] {standard_task_runner.py:104} INFO - Running: ['***', 'tasks', 'run', 'ml_pipeline_with_mlflow', 'register_model', 'scheduled__2026-03-01T00:00:00+00:00', '--job-id', '17', '--raw', '--subdir', 'DAGS_FOLDER/full_pipeline.py', '--cfg-path', '/tmp/tmpme9dmt1b']
[2026-03-02T10:35:06.977+0000] {standard_task_runner.py:105} INFO - Job 17: Subtask register_model
[2026-03-02T10:35:07.004+0000] {task_command.py:467} INFO - Running <TaskInstance: ml_pipeline_with_mlflow.register_model scheduled__2026-03-01T00:00:00+00:00 [running]> on host 6f79ea9f2e18
[2026-03-02T10:35:07.041+0000] {taskinstance.py:3131} INFO - Exporting env vars: AIRFLOW_CTX_DAG_OWNER='ml_team' AIRFLOW_CTX_DAG_ID='ml_pipeline_with_mlflow' AIRFLOW_CTX_TASK_ID='register_model' AIRFLOW_CTX_EXECUTION_DATE='2026-03-01T00:00:00+00:00' AIRFLOW_CTX_TRY_NUMBER='1' AIRFLOW_CTX_DAG_RUN_ID='scheduled__2026-03-01T00:00:00+00:00'
[2026-03-02T10:35:07.042+0000] {taskinstance.py:731} INFO - ::endgroup::
[2026-03-02T10:35:07.048+0000] {logging_mixin.py:190} INFO -  Registering model to MLFlow Model Registry...
[2026-03-02T10:35:07.106+0000] {logging_mixin.py:190} WARNING - Successfully registered model 'wine_quality_model'.
[2026-03-02T10:35:07.122+0000] {logging_mixin.py:190} WARNING - 2026/03/02 10:35:07 INFO mlflow.store.model_registry.abstract_store: Waiting up to 300 seconds for model version to finish creation. Model name: wine_quality_model, version 1
[2026-03-02T10:35:07.122+0000] {logging_mixin.py:190} WARNING - Created version '1' of model 'wine_quality_model'.
[2026-03-02T10:35:07.123+0000] {logging_mixin.py:190} INFO -  Model registered!
[2026-03-02T10:35:07.123+0000] {logging_mixin.py:190} INFO -   Model Name: wine_quality_model
[2026-03-02T10:35:07.123+0000] {logging_mixin.py:190} INFO -   Version: 1
[2026-03-02T10:35:07.123+0000] {logging_mixin.py:190} INFO -   Algorithm: GradientBoosting
[2026-03-02T10:35:07.123+0000] {logging_mixin.py:190} INFO -   Accuracy: 0.9000
[2026-03-02T10:35:07.123+0000] {python.py:240} INFO - Done. Returned value was: {'model_name': 'wine_quality_model', 'version': '1', 'algorithm': 'GradientBoosting', 'accuracy': 0.9}
[2026-03-02T10:35:07.133+0000] {taskinstance.py:340} INFO - ::group::Post task execution logs
[2026-03-02T10:35:07.134+0000] {taskinstance.py:352} INFO - Marking task as SUCCESS. dag_id=ml_pipeline_with_mlflow, task_id=register_model, run_id=scheduled__2026-03-01T00:00:00+00:00, execution_date=20260301T000000, start_date=20260302T103506, end_date=20260302T103507
[2026-03-02T10:35:07.157+0000] {local_task_job_runner.py:266} INFO - Task exited with return code 0
[2026-03-02T10:35:07.169+0000] {taskinstance.py:3900} INFO - 1 downstream tasks scheduled from follow-on schedule check
[2026-03-02T10:35:07.170+0000] {local_task_job_runner.py:245} INFO - ::endgroup::
