[2026-06-18T16:17:07.114+0000] {local_task_job_runner.py:123} INFO - ::group::Pre task execution logs
[2026-06-18T16:17:07.138+0000] {taskinstance.py:2612} INFO - Dependencies all met for dep_context=non-requeueable deps ti=<TaskInstance: ml_pipeline_with_mlflow.select_best_model scheduled__2026-06-17T00:00:00+00:00 [queued]>
[2026-06-18T16:17:07.151+0000] {taskinstance.py:2612} INFO - Dependencies all met for dep_context=requeueable deps ti=<TaskInstance: ml_pipeline_with_mlflow.select_best_model scheduled__2026-06-17T00:00:00+00:00 [queued]>
[2026-06-18T16:17:07.153+0000] {taskinstance.py:2865} INFO - Starting attempt 1 of 2
[2026-06-18T16:17:07.176+0000] {taskinstance.py:2888} INFO - Executing <Task(PythonOperator): select_best_model> on 2026-06-17 00:00:00+00:00
[2026-06-18T16:17:07.187+0000] {standard_task_runner.py:72} INFO - Started process 2672 to run task
[2026-06-18T16:17:07.193+0000] {standard_task_runner.py:104} INFO - Running: ['***', 'tasks', 'run', 'ml_pipeline_with_mlflow', 'select_best_model', 'scheduled__2026-06-17T00:00:00+00:00', '--job-id', '16', '--raw', '--subdir', 'DAGS_FOLDER/full_pipeline.py', '--cfg-path', '/tmp/tmp53lwx603']
[2026-06-18T16:17:07.198+0000] {standard_task_runner.py:105} INFO - Job 16: Subtask select_best_model
[2026-06-18T16:17:07.276+0000] {task_command.py:467} INFO - Running <TaskInstance: ml_pipeline_with_mlflow.select_best_model scheduled__2026-06-17T00:00:00+00:00 [running]> on host 7c322b6c4560
[2026-06-18T16:17:07.386+0000] {taskinstance.py:3131} INFO - Exporting env vars: AIRFLOW_CTX_DAG_OWNER='ml_team' AIRFLOW_CTX_DAG_ID='ml_pipeline_with_mlflow' AIRFLOW_CTX_TASK_ID='select_best_model' AIRFLOW_CTX_EXECUTION_DATE='2026-06-17T00:00:00+00:00' AIRFLOW_CTX_TRY_NUMBER='1' AIRFLOW_CTX_DAG_RUN_ID='scheduled__2026-06-17T00:00:00+00:00'
[2026-06-18T16:17:07.388+0000] {taskinstance.py:731} INFO - ::endgroup::
[2026-06-18T16:17:07.439+0000] {logging_mixin.py:190} INFO - Model comparison:
[2026-06-18T16:17:07.441+0000] {logging_mixin.py:190} INFO -   RandomForest: 0.8850
[2026-06-18T16:17:07.442+0000] {logging_mixin.py:190} INFO -   GradientBoosting: 0.9000
[2026-06-18T16:17:07.443+0000] {logging_mixin.py:190} INFO -   LogisticRegression: 0.7350
[2026-06-18T16:17:07.453+0000] {logging_mixin.py:190} INFO - 
 Best model: GradientBoosting
[2026-06-18T16:17:07.454+0000] {logging_mixin.py:190} INFO -   Accuracy: 0.9000
[2026-06-18T16:17:07.456+0000] {logging_mixin.py:190} INFO -   Run ID: 7f15d586fb094233beef080bb58c48c0
[2026-06-18T16:17:07.508+0000] {python.py:240} INFO - Done. Returned value was: {'best_model': 'GradientBoosting', 'best_run_id': '7f15d586fb094233beef080bb58c48c0', 'best_accuracy': 0.9}
[2026-06-18T16:17:07.536+0000] {taskinstance.py:340} INFO - ::group::Post task execution logs
[2026-06-18T16:17:07.537+0000] {taskinstance.py:352} INFO - Marking task as SUCCESS. dag_id=ml_pipeline_with_mlflow, task_id=select_best_model, run_id=scheduled__2026-06-17T00:00:00+00:00, execution_date=20260617T000000, start_date=20260618T161707, end_date=20260618T161707
[2026-06-18T16:17:07.568+0000] {local_task_job_runner.py:266} INFO - Task exited with return code 0
[2026-06-18T16:17:07.606+0000] {taskinstance.py:3900} INFO - 1 downstream tasks scheduled from follow-on schedule check
[2026-06-18T16:17:07.610+0000] {local_task_job_runner.py:245} INFO - ::endgroup::
