[2026-03-02T10:35:03.711+0000] {local_task_job_runner.py:123} INFO - ::group::Pre task execution logs
[2026-03-02T10:35:03.722+0000] {taskinstance.py:2612} INFO - Dependencies all met for dep_context=non-requeueable deps ti=<TaskInstance: ml_pipeline_with_mlflow.train_random_forest manual__2026-03-02T10:34:56.598976+00:00 [queued]>
[2026-03-02T10:35:03.731+0000] {taskinstance.py:2612} INFO - Dependencies all met for dep_context=requeueable deps ti=<TaskInstance: ml_pipeline_with_mlflow.train_random_forest manual__2026-03-02T10:34:56.598976+00:00 [queued]>
[2026-03-02T10:35:03.733+0000] {taskinstance.py:2865} INFO - Starting attempt 1 of 2
[2026-03-02T10:35:03.744+0000] {taskinstance.py:2888} INFO - Executing <Task(PythonOperator): train_random_forest> on 2026-03-02 10:34:56.598976+00:00
[2026-03-02T10:35:03.749+0000] {standard_task_runner.py:72} INFO - Started process 840 to run task
[2026-03-02T10:35:03.752+0000] {standard_task_runner.py:104} INFO - Running: ['***', 'tasks', 'run', 'ml_pipeline_with_mlflow', 'train_random_forest', 'manual__2026-03-02T10:34:56.598976+00:00', '--job-id', '13', '--raw', '--subdir', 'DAGS_FOLDER/full_pipeline.py', '--cfg-path', '/tmp/tmp6mqi2gkv']
[2026-03-02T10:35:03.755+0000] {standard_task_runner.py:105} INFO - Job 13: Subtask train_random_forest
[2026-03-02T10:35:03.793+0000] {task_command.py:467} INFO - Running <TaskInstance: ml_pipeline_with_mlflow.train_random_forest manual__2026-03-02T10:34:56.598976+00:00 [running]> on host 6f79ea9f2e18
[2026-03-02T10:35:03.840+0000] {taskinstance.py:3131} INFO - Exporting env vars: AIRFLOW_CTX_DAG_OWNER='ml_team' AIRFLOW_CTX_DAG_ID='ml_pipeline_with_mlflow' AIRFLOW_CTX_TASK_ID='train_random_forest' AIRFLOW_CTX_EXECUTION_DATE='2026-03-02T10:34:56.598976+00:00' AIRFLOW_CTX_TRY_NUMBER='1' AIRFLOW_CTX_DAG_RUN_ID='manual__2026-03-02T10:34:56.598976+00:00'
[2026-03-02T10:35:03.844+0000] {taskinstance.py:731} INFO - ::endgroup::
[2026-03-02T10:35:03.851+0000] {logging_mixin.py:190} INFO -  Training Random Forest...
[2026-03-02T10:35:03.911+0000] {logging_mixin.py:190} WARNING - 2026/03/02 10:35:03 WARNING mlflow.utils.git_utils: Failed to import Git (the Git executable is probably not on your PATH), so Git SHA is not available. Error: Failed to initialize: Bad git executable.
The git executable must be specified in one of the following ways:
    - be included in your $PATH
    - be set via $GIT_PYTHON_GIT_EXECUTABLE
    - explicitly set via git.refresh(<full-path-to-git-executable>)

All git commands will error until this is rectified.

This initial message can be silenced or aggravated in the future by setting the
$GIT_PYTHON_REFRESH environment variable. Use one of the following values:
    - quiet|q|silence|s|silent|none|n|0: for no message or exception
    - warn|w|warning|log|l|1: for a warning message (logging level CRITICAL, displayed by default)
    - error|e|exception|raise|r|2: for a raised exception

Example:
    export GIT_PYTHON_REFRESH=quiet
[2026-03-02T10:35:06.391+0000] {logging_mixin.py:190} WARNING - 2026/03/02 10:35:06 WARNING mlflow.models.model: Model logged without a signature and input example. Please set `input_example` parameter when logging the model to auto infer the model signature.
[2026-03-02T10:35:06.454+0000] {credentials.py:1124} INFO - Found credentials in environment variables.
[2026-03-02T10:35:06.652+0000] {logging_mixin.py:190} INFO -  Random Forest trained!
[2026-03-02T10:35:06.653+0000] {logging_mixin.py:190} INFO -  Run ID: 99a36b99eb56417eb0aa1f3322e6ac7f
[2026-03-02T10:35:06.653+0000] {logging_mixin.py:190} INFO -  Test Accuracy: 0.8850
[2026-03-02T10:35:06.674+0000] {logging_mixin.py:190} WARNING - 2026/03/02 10:35:06 INFO mlflow.tracking._tracking_service.client: 🏃 View run RandomForest at: http://mlflow:5001/#/experiments/3/runs/99a36b99eb56417eb0aa1f3322e6ac7f.
[2026-03-02T10:35:06.675+0000] {logging_mixin.py:190} WARNING - 2026/03/02 10:35:06 INFO mlflow.tracking._tracking_service.client: 🧪 View experiment at: http://mlflow:5001/#/experiments/3.
[2026-03-02T10:35:06.681+0000] {python.py:240} INFO - Done. Returned value was: {'train_accuracy': 0.99875, 'test_accuracy': 0.885, 'test_precision': 0.8870811839842792, 'test_recall': 0.885, 'test_f1': 0.8843514902363823}
[2026-03-02T10:35:06.691+0000] {taskinstance.py:340} INFO - ::group::Post task execution logs
[2026-03-02T10:35:06.692+0000] {taskinstance.py:352} INFO - Marking task as SUCCESS. dag_id=ml_pipeline_with_mlflow, task_id=train_random_forest, run_id=manual__2026-03-02T10:34:56.598976+00:00, execution_date=20260302T103456, start_date=20260302T103503, end_date=20260302T103506
[2026-03-02T10:35:06.729+0000] {local_task_job_runner.py:266} INFO - Task exited with return code 0
[2026-03-02T10:35:06.744+0000] {taskinstance.py:3900} INFO - 0 downstream tasks scheduled from follow-on schedule check
[2026-03-02T10:35:06.745+0000] {local_task_job_runner.py:245} INFO - ::endgroup::
