[2026-06-20T10:00:19.149+0000] {processor.py:186} INFO - Started process (PID=188) to work on /opt/airflow/dags/full_pipeline.py
[2026-06-20T10:00:19.150+0000] {processor.py:914} INFO - Processing file /opt/airflow/dags/full_pipeline.py for tasks to queue
[2026-06-20T10:00:19.153+0000] {logging_mixin.py:190} INFO - [2026-06-20T10:00:19.153+0000] {dagbag.py:588} INFO - Filling up the DagBag from /opt/airflow/dags/full_pipeline.py
[2026-06-20T10:00:24.216+0000] {processor.py:925} INFO - DAG(s) 'ml_pipeline_with_mlflow' retrieved from /opt/airflow/dags/full_pipeline.py
[2026-06-20T10:00:24.260+0000] {logging_mixin.py:190} INFO - [2026-06-20T10:00:24.259+0000] {dag.py:3239} INFO - Sync 1 DAGs
[2026-06-20T10:00:24.302+0000] {logging_mixin.py:190} INFO - [2026-06-20T10:00:24.302+0000] {dag.py:4180} INFO - Setting next_dagrun for ml_pipeline_with_mlflow to 2026-06-19 00:00:00+00:00, run_after=2026-06-20 00:00:00+00:00
[2026-06-20T10:00:24.366+0000] {processor.py:208} INFO - Processing /opt/airflow/dags/full_pipeline.py took 5.230 seconds
[2026-06-20T10:00:54.970+0000] {processor.py:186} INFO - Started process (PID=214) to work on /opt/airflow/dags/full_pipeline.py
[2026-06-20T10:00:54.971+0000] {processor.py:914} INFO - Processing file /opt/airflow/dags/full_pipeline.py for tasks to queue
[2026-06-20T10:00:54.973+0000] {logging_mixin.py:190} INFO - [2026-06-20T10:00:54.973+0000] {dagbag.py:588} INFO - Filling up the DagBag from /opt/airflow/dags/full_pipeline.py
[2026-06-20T10:00:58.381+0000] {processor.py:925} INFO - DAG(s) 'ml_pipeline_with_mlflow' retrieved from /opt/airflow/dags/full_pipeline.py
[2026-06-20T10:00:58.433+0000] {logging_mixin.py:190} INFO - [2026-06-20T10:00:58.433+0000] {dag.py:3239} INFO - Sync 1 DAGs
[2026-06-20T10:00:58.471+0000] {logging_mixin.py:190} INFO - [2026-06-20T10:00:58.470+0000] {dag.py:4180} INFO - Setting next_dagrun for ml_pipeline_with_mlflow to 2026-06-19 00:00:00+00:00, run_after=2026-06-20 00:00:00+00:00
[2026-06-20T10:00:58.497+0000] {processor.py:208} INFO - Processing /opt/airflow/dags/full_pipeline.py took 3.536 seconds
[2026-06-20T10:01:28.989+0000] {processor.py:186} INFO - Started process (PID=247) to work on /opt/airflow/dags/full_pipeline.py
[2026-06-20T10:01:28.990+0000] {processor.py:914} INFO - Processing file /opt/airflow/dags/full_pipeline.py for tasks to queue
[2026-06-20T10:01:28.992+0000] {logging_mixin.py:190} INFO - [2026-06-20T10:01:28.992+0000] {dagbag.py:588} INFO - Filling up the DagBag from /opt/airflow/dags/full_pipeline.py
[2026-06-20T10:01:31.242+0000] {processor.py:925} INFO - DAG(s) 'ml_pipeline_with_mlflow' retrieved from /opt/airflow/dags/full_pipeline.py
[2026-06-20T10:01:31.281+0000] {logging_mixin.py:190} INFO - [2026-06-20T10:01:31.281+0000] {dag.py:3239} INFO - Sync 1 DAGs
[2026-06-20T10:01:31.312+0000] {logging_mixin.py:190} INFO - [2026-06-20T10:01:31.311+0000] {dag.py:4180} INFO - Setting next_dagrun for ml_pipeline_with_mlflow to 2026-06-19 00:00:00+00:00, run_after=2026-06-20 00:00:00+00:00
[2026-06-20T10:01:31.344+0000] {processor.py:208} INFO - Processing /opt/airflow/dags/full_pipeline.py took 2.367 seconds
[2026-06-20T10:02:01.429+0000] {processor.py:186} INFO - Started process (PID=277) to work on /opt/airflow/dags/full_pipeline.py
[2026-06-20T10:02:01.430+0000] {processor.py:914} INFO - Processing file /opt/airflow/dags/full_pipeline.py for tasks to queue
[2026-06-20T10:02:01.433+0000] {logging_mixin.py:190} INFO - [2026-06-20T10:02:01.432+0000] {dagbag.py:588} INFO - Filling up the DagBag from /opt/airflow/dags/full_pipeline.py
[2026-06-20T10:02:03.675+0000] {processor.py:925} INFO - DAG(s) 'ml_pipeline_with_mlflow' retrieved from /opt/airflow/dags/full_pipeline.py
[2026-06-20T10:02:03.711+0000] {logging_mixin.py:190} INFO - [2026-06-20T10:02:03.710+0000] {dag.py:3239} INFO - Sync 1 DAGs
[2026-06-20T10:02:03.743+0000] {logging_mixin.py:190} INFO - [2026-06-20T10:02:03.743+0000] {dag.py:4180} INFO - Setting next_dagrun for ml_pipeline_with_mlflow to 2026-06-19 00:00:00+00:00, run_after=2026-06-20 00:00:00+00:00
[2026-06-20T10:02:03.769+0000] {processor.py:208} INFO - Processing /opt/airflow/dags/full_pipeline.py took 2.349 seconds
[2026-06-20T10:02:33.991+0000] {processor.py:186} INFO - Started process (PID=313) to work on /opt/airflow/dags/full_pipeline.py
[2026-06-20T10:02:33.992+0000] {processor.py:914} INFO - Processing file /opt/airflow/dags/full_pipeline.py for tasks to queue
[2026-06-20T10:02:33.994+0000] {logging_mixin.py:190} INFO - [2026-06-20T10:02:33.993+0000] {dagbag.py:588} INFO - Filling up the DagBag from /opt/airflow/dags/full_pipeline.py
[2026-06-20T10:02:36.133+0000] {processor.py:925} INFO - DAG(s) 'ml_pipeline_with_mlflow' retrieved from /opt/airflow/dags/full_pipeline.py
[2026-06-20T10:02:36.187+0000] {logging_mixin.py:190} INFO - [2026-06-20T10:02:36.186+0000] {dag.py:3239} INFO - Sync 1 DAGs
[2026-06-20T10:02:36.241+0000] {logging_mixin.py:190} INFO - [2026-06-20T10:02:36.241+0000] {dag.py:4180} INFO - Setting next_dagrun for ml_pipeline_with_mlflow to 2026-06-19 00:00:00+00:00, run_after=2026-06-20 00:00:00+00:00
[2026-06-20T10:02:36.294+0000] {processor.py:208} INFO - Processing /opt/airflow/dags/full_pipeline.py took 2.312 seconds
[2026-06-20T10:03:07.113+0000] {processor.py:186} INFO - Started process (PID=347) to work on /opt/airflow/dags/full_pipeline.py
[2026-06-20T10:03:07.114+0000] {processor.py:914} INFO - Processing file /opt/airflow/dags/full_pipeline.py for tasks to queue
[2026-06-20T10:03:07.116+0000] {logging_mixin.py:190} INFO - [2026-06-20T10:03:07.116+0000] {dagbag.py:588} INFO - Filling up the DagBag from /opt/airflow/dags/full_pipeline.py
[2026-06-20T10:03:09.289+0000] {processor.py:925} INFO - DAG(s) 'ml_pipeline_with_mlflow' retrieved from /opt/airflow/dags/full_pipeline.py
[2026-06-20T10:03:09.327+0000] {logging_mixin.py:190} INFO - [2026-06-20T10:03:09.326+0000] {dag.py:3239} INFO - Sync 1 DAGs
[2026-06-20T10:03:09.357+0000] {logging_mixin.py:190} INFO - [2026-06-20T10:03:09.356+0000] {dag.py:4180} INFO - Setting next_dagrun for ml_pipeline_with_mlflow to 2026-06-19 00:00:00+00:00, run_after=2026-06-20 00:00:00+00:00
[2026-06-20T10:03:09.383+0000] {processor.py:208} INFO - Processing /opt/airflow/dags/full_pipeline.py took 2.278 seconds
[2026-06-20T10:03:39.581+0000] {processor.py:186} INFO - Started process (PID=380) to work on /opt/airflow/dags/full_pipeline.py
[2026-06-20T10:03:39.582+0000] {processor.py:914} INFO - Processing file /opt/airflow/dags/full_pipeline.py for tasks to queue
[2026-06-20T10:03:39.584+0000] {logging_mixin.py:190} INFO - [2026-06-20T10:03:39.584+0000] {dagbag.py:588} INFO - Filling up the DagBag from /opt/airflow/dags/full_pipeline.py
[2026-06-20T10:03:41.778+0000] {processor.py:925} INFO - DAG(s) 'ml_pipeline_with_mlflow' retrieved from /opt/airflow/dags/full_pipeline.py
[2026-06-20T10:03:41.817+0000] {logging_mixin.py:190} INFO - [2026-06-20T10:03:41.817+0000] {dag.py:3239} INFO - Sync 1 DAGs
[2026-06-20T10:03:41.852+0000] {logging_mixin.py:190} INFO - [2026-06-20T10:03:41.852+0000] {dag.py:4180} INFO - Setting next_dagrun for ml_pipeline_with_mlflow to 2026-06-19 00:00:00+00:00, run_after=2026-06-20 00:00:00+00:00
[2026-06-20T10:03:41.880+0000] {processor.py:208} INFO - Processing /opt/airflow/dags/full_pipeline.py took 2.308 seconds
[2026-06-20T10:04:12.617+0000] {processor.py:186} INFO - Started process (PID=413) to work on /opt/airflow/dags/full_pipeline.py
[2026-06-20T10:04:12.618+0000] {processor.py:914} INFO - Processing file /opt/airflow/dags/full_pipeline.py for tasks to queue
[2026-06-20T10:04:12.620+0000] {logging_mixin.py:190} INFO - [2026-06-20T10:04:12.619+0000] {dagbag.py:588} INFO - Filling up the DagBag from /opt/airflow/dags/full_pipeline.py
[2026-06-20T10:04:14.836+0000] {processor.py:925} INFO - DAG(s) 'ml_pipeline_with_mlflow' retrieved from /opt/airflow/dags/full_pipeline.py
[2026-06-20T10:04:14.872+0000] {logging_mixin.py:190} INFO - [2026-06-20T10:04:14.871+0000] {dag.py:3239} INFO - Sync 1 DAGs
[2026-06-20T10:04:14.902+0000] {logging_mixin.py:190} INFO - [2026-06-20T10:04:14.902+0000] {dag.py:4180} INFO - Setting next_dagrun for ml_pipeline_with_mlflow to 2026-06-19 00:00:00+00:00, run_after=2026-06-20 00:00:00+00:00
[2026-06-20T10:04:14.929+0000] {processor.py:208} INFO - Processing /opt/airflow/dags/full_pipeline.py took 2.323 seconds
[2026-06-20T10:04:45.735+0000] {processor.py:186} INFO - Started process (PID=446) to work on /opt/airflow/dags/full_pipeline.py
[2026-06-20T10:04:45.736+0000] {processor.py:914} INFO - Processing file /opt/airflow/dags/full_pipeline.py for tasks to queue
[2026-06-20T10:04:45.738+0000] {logging_mixin.py:190} INFO - [2026-06-20T10:04:45.738+0000] {dagbag.py:588} INFO - Filling up the DagBag from /opt/airflow/dags/full_pipeline.py
[2026-06-20T10:04:48.149+0000] {processor.py:925} INFO - DAG(s) 'ml_pipeline_with_mlflow' retrieved from /opt/airflow/dags/full_pipeline.py
[2026-06-20T10:04:48.188+0000] {logging_mixin.py:190} INFO - [2026-06-20T10:04:48.188+0000] {dag.py:3239} INFO - Sync 1 DAGs
[2026-06-20T10:04:48.219+0000] {logging_mixin.py:190} INFO - [2026-06-20T10:04:48.218+0000] {dag.py:4180} INFO - Setting next_dagrun for ml_pipeline_with_mlflow to 2026-06-19 00:00:00+00:00, run_after=2026-06-20 00:00:00+00:00
[2026-06-20T10:04:48.245+0000] {processor.py:208} INFO - Processing /opt/airflow/dags/full_pipeline.py took 2.518 seconds
[2026-06-20T10:05:19.311+0000] {processor.py:186} INFO - Started process (PID=479) to work on /opt/airflow/dags/full_pipeline.py
[2026-06-20T10:05:19.312+0000] {processor.py:914} INFO - Processing file /opt/airflow/dags/full_pipeline.py for tasks to queue
[2026-06-20T10:05:19.314+0000] {logging_mixin.py:190} INFO - [2026-06-20T10:05:19.314+0000] {dagbag.py:588} INFO - Filling up the DagBag from /opt/airflow/dags/full_pipeline.py
[2026-06-20T10:05:21.610+0000] {processor.py:925} INFO - DAG(s) 'ml_pipeline_with_mlflow' retrieved from /opt/airflow/dags/full_pipeline.py
[2026-06-20T10:05:21.653+0000] {logging_mixin.py:190} INFO - [2026-06-20T10:05:21.652+0000] {dag.py:3239} INFO - Sync 1 DAGs
[2026-06-20T10:05:21.688+0000] {logging_mixin.py:190} INFO - [2026-06-20T10:05:21.687+0000] {dag.py:4180} INFO - Setting next_dagrun for ml_pipeline_with_mlflow to 2026-06-19 00:00:00+00:00, run_after=2026-06-20 00:00:00+00:00
[2026-06-20T10:05:21.715+0000] {processor.py:208} INFO - Processing /opt/airflow/dags/full_pipeline.py took 2.413 seconds
[2026-06-20T10:05:52.787+0000] {processor.py:186} INFO - Started process (PID=512) to work on /opt/airflow/dags/full_pipeline.py
[2026-06-20T10:05:52.788+0000] {processor.py:914} INFO - Processing file /opt/airflow/dags/full_pipeline.py for tasks to queue
[2026-06-20T10:05:52.790+0000] {logging_mixin.py:190} INFO - [2026-06-20T10:05:52.789+0000] {dagbag.py:588} INFO - Filling up the DagBag from /opt/airflow/dags/full_pipeline.py
[2026-06-20T10:05:55.123+0000] {processor.py:925} INFO - DAG(s) 'ml_pipeline_with_mlflow' retrieved from /opt/airflow/dags/full_pipeline.py
[2026-06-20T10:05:55.160+0000] {logging_mixin.py:190} INFO - [2026-06-20T10:05:55.159+0000] {dag.py:3239} INFO - Sync 1 DAGs
[2026-06-20T10:05:55.190+0000] {logging_mixin.py:190} INFO - [2026-06-20T10:05:55.190+0000] {dag.py:4180} INFO - Setting next_dagrun for ml_pipeline_with_mlflow to 2026-06-19 00:00:00+00:00, run_after=2026-06-20 00:00:00+00:00
[2026-06-20T10:05:55.217+0000] {processor.py:208} INFO - Processing /opt/airflow/dags/full_pipeline.py took 2.441 seconds
[2026-06-20T10:06:25.630+0000] {processor.py:186} INFO - Started process (PID=545) to work on /opt/airflow/dags/full_pipeline.py
[2026-06-20T10:06:25.631+0000] {processor.py:914} INFO - Processing file /opt/airflow/dags/full_pipeline.py for tasks to queue
[2026-06-20T10:06:25.633+0000] {logging_mixin.py:190} INFO - [2026-06-20T10:06:25.632+0000] {dagbag.py:588} INFO - Filling up the DagBag from /opt/airflow/dags/full_pipeline.py
[2026-06-20T10:06:27.886+0000] {processor.py:925} INFO - DAG(s) 'ml_pipeline_with_mlflow' retrieved from /opt/airflow/dags/full_pipeline.py
[2026-06-20T10:06:27.922+0000] {logging_mixin.py:190} INFO - [2026-06-20T10:06:27.921+0000] {dag.py:3239} INFO - Sync 1 DAGs
[2026-06-20T10:06:27.953+0000] {logging_mixin.py:190} INFO - [2026-06-20T10:06:27.953+0000] {dag.py:4180} INFO - Setting next_dagrun for ml_pipeline_with_mlflow to 2026-06-19 00:00:00+00:00, run_after=2026-06-20 00:00:00+00:00
[2026-06-20T10:06:27.980+0000] {processor.py:208} INFO - Processing /opt/airflow/dags/full_pipeline.py took 2.359 seconds
[2026-06-20T10:06:58.780+0000] {processor.py:186} INFO - Started process (PID=578) to work on /opt/airflow/dags/full_pipeline.py
[2026-06-20T10:06:58.781+0000] {processor.py:914} INFO - Processing file /opt/airflow/dags/full_pipeline.py for tasks to queue
[2026-06-20T10:06:58.783+0000] {logging_mixin.py:190} INFO - [2026-06-20T10:06:58.783+0000] {dagbag.py:588} INFO - Filling up the DagBag from /opt/airflow/dags/full_pipeline.py
[2026-06-20T10:07:00.855+0000] {processor.py:925} INFO - DAG(s) 'ml_pipeline_with_mlflow' retrieved from /opt/airflow/dags/full_pipeline.py
[2026-06-20T10:07:00.895+0000] {logging_mixin.py:190} INFO - [2026-06-20T10:07:00.894+0000] {dag.py:3239} INFO - Sync 1 DAGs
[2026-06-20T10:07:00.927+0000] {logging_mixin.py:190} INFO - [2026-06-20T10:07:00.927+0000] {dag.py:4180} INFO - Setting next_dagrun for ml_pipeline_with_mlflow to 2026-06-19 00:00:00+00:00, run_after=2026-06-20 00:00:00+00:00
[2026-06-20T10:07:00.954+0000] {processor.py:208} INFO - Processing /opt/airflow/dags/full_pipeline.py took 2.182 seconds
[2026-06-20T10:07:31.517+0000] {processor.py:186} INFO - Started process (PID=611) to work on /opt/airflow/dags/full_pipeline.py
[2026-06-20T10:07:31.518+0000] {processor.py:914} INFO - Processing file /opt/airflow/dags/full_pipeline.py for tasks to queue
[2026-06-20T10:07:31.520+0000] {logging_mixin.py:190} INFO - [2026-06-20T10:07:31.520+0000] {dagbag.py:588} INFO - Filling up the DagBag from /opt/airflow/dags/full_pipeline.py
[2026-06-20T10:07:33.617+0000] {processor.py:925} INFO - DAG(s) 'ml_pipeline_with_mlflow' retrieved from /opt/airflow/dags/full_pipeline.py
[2026-06-20T10:07:33.654+0000] {logging_mixin.py:190} INFO - [2026-06-20T10:07:33.653+0000] {dag.py:3239} INFO - Sync 1 DAGs
[2026-06-20T10:07:33.693+0000] {logging_mixin.py:190} INFO - [2026-06-20T10:07:33.692+0000] {dag.py:4180} INFO - Setting next_dagrun for ml_pipeline_with_mlflow to 2026-06-19 00:00:00+00:00, run_after=2026-06-20 00:00:00+00:00
[2026-06-20T10:07:33.725+0000] {processor.py:208} INFO - Processing /opt/airflow/dags/full_pipeline.py took 2.218 seconds
[2026-06-20T10:08:04.041+0000] {processor.py:186} INFO - Started process (PID=644) to work on /opt/airflow/dags/full_pipeline.py
[2026-06-20T10:08:04.042+0000] {processor.py:914} INFO - Processing file /opt/airflow/dags/full_pipeline.py for tasks to queue
[2026-06-20T10:08:04.044+0000] {logging_mixin.py:190} INFO - [2026-06-20T10:08:04.043+0000] {dagbag.py:588} INFO - Filling up the DagBag from /opt/airflow/dags/full_pipeline.py
[2026-06-20T10:08:06.348+0000] {processor.py:925} INFO - DAG(s) 'ml_pipeline_with_mlflow' retrieved from /opt/airflow/dags/full_pipeline.py
[2026-06-20T10:08:06.384+0000] {logging_mixin.py:190} INFO - [2026-06-20T10:08:06.383+0000] {dag.py:3239} INFO - Sync 1 DAGs
[2026-06-20T10:08:06.416+0000] {logging_mixin.py:190} INFO - [2026-06-20T10:08:06.415+0000] {dag.py:4180} INFO - Setting next_dagrun for ml_pipeline_with_mlflow to 2026-06-19 00:00:00+00:00, run_after=2026-06-20 00:00:00+00:00
[2026-06-20T10:08:06.440+0000] {processor.py:208} INFO - Processing /opt/airflow/dags/full_pipeline.py took 2.407 seconds
[2026-06-20T10:08:36.781+0000] {processor.py:186} INFO - Started process (PID=677) to work on /opt/airflow/dags/full_pipeline.py
[2026-06-20T10:08:36.782+0000] {processor.py:914} INFO - Processing file /opt/airflow/dags/full_pipeline.py for tasks to queue
[2026-06-20T10:08:36.784+0000] {logging_mixin.py:190} INFO - [2026-06-20T10:08:36.783+0000] {dagbag.py:588} INFO - Filling up the DagBag from /opt/airflow/dags/full_pipeline.py
[2026-06-20T10:08:39.040+0000] {processor.py:925} INFO - DAG(s) 'ml_pipeline_with_mlflow' retrieved from /opt/airflow/dags/full_pipeline.py
[2026-06-20T10:08:39.076+0000] {logging_mixin.py:190} INFO - [2026-06-20T10:08:39.075+0000] {dag.py:3239} INFO - Sync 1 DAGs
[2026-06-20T10:08:39.108+0000] {logging_mixin.py:190} INFO - [2026-06-20T10:08:39.107+0000] {dag.py:4180} INFO - Setting next_dagrun for ml_pipeline_with_mlflow to 2026-06-19 00:00:00+00:00, run_after=2026-06-20 00:00:00+00:00
[2026-06-20T10:08:39.135+0000] {processor.py:208} INFO - Processing /opt/airflow/dags/full_pipeline.py took 2.363 seconds
[2026-06-20T10:09:09.473+0000] {processor.py:186} INFO - Started process (PID=710) to work on /opt/airflow/dags/full_pipeline.py
[2026-06-20T10:09:09.474+0000] {processor.py:914} INFO - Processing file /opt/airflow/dags/full_pipeline.py for tasks to queue
[2026-06-20T10:09:09.476+0000] {logging_mixin.py:190} INFO - [2026-06-20T10:09:09.476+0000] {dagbag.py:588} INFO - Filling up the DagBag from /opt/airflow/dags/full_pipeline.py
[2026-06-20T10:09:11.596+0000] {processor.py:925} INFO - DAG(s) 'ml_pipeline_with_mlflow' retrieved from /opt/airflow/dags/full_pipeline.py
[2026-06-20T10:09:11.631+0000] {logging_mixin.py:190} INFO - [2026-06-20T10:09:11.631+0000] {dag.py:3239} INFO - Sync 1 DAGs
[2026-06-20T10:09:11.662+0000] {logging_mixin.py:190} INFO - [2026-06-20T10:09:11.662+0000] {dag.py:4180} INFO - Setting next_dagrun for ml_pipeline_with_mlflow to 2026-06-19 00:00:00+00:00, run_after=2026-06-20 00:00:00+00:00
[2026-06-20T10:09:11.690+0000] {processor.py:208} INFO - Processing /opt/airflow/dags/full_pipeline.py took 2.225 seconds
[2026-06-20T10:09:42.376+0000] {processor.py:186} INFO - Started process (PID=743) to work on /opt/airflow/dags/full_pipeline.py
[2026-06-20T10:09:42.377+0000] {processor.py:914} INFO - Processing file /opt/airflow/dags/full_pipeline.py for tasks to queue
[2026-06-20T10:09:42.379+0000] {logging_mixin.py:190} INFO - [2026-06-20T10:09:42.379+0000] {dagbag.py:588} INFO - Filling up the DagBag from /opt/airflow/dags/full_pipeline.py
[2026-06-20T10:09:44.543+0000] {processor.py:925} INFO - DAG(s) 'ml_pipeline_with_mlflow' retrieved from /opt/airflow/dags/full_pipeline.py
[2026-06-20T10:09:44.583+0000] {logging_mixin.py:190} INFO - [2026-06-20T10:09:44.582+0000] {dag.py:3239} INFO - Sync 1 DAGs
[2026-06-20T10:09:44.616+0000] {logging_mixin.py:190} INFO - [2026-06-20T10:09:44.616+0000] {dag.py:4180} INFO - Setting next_dagrun for ml_pipeline_with_mlflow to 2026-06-19 00:00:00+00:00, run_after=2026-06-20 00:00:00+00:00
[2026-06-20T10:09:44.643+0000] {processor.py:208} INFO - Processing /opt/airflow/dags/full_pipeline.py took 2.276 seconds
[2026-06-20T10:10:15.347+0000] {processor.py:186} INFO - Started process (PID=776) to work on /opt/airflow/dags/full_pipeline.py
[2026-06-20T10:10:15.348+0000] {processor.py:914} INFO - Processing file /opt/airflow/dags/full_pipeline.py for tasks to queue
[2026-06-20T10:10:15.351+0000] {logging_mixin.py:190} INFO - [2026-06-20T10:10:15.350+0000] {dagbag.py:588} INFO - Filling up the DagBag from /opt/airflow/dags/full_pipeline.py
[2026-06-20T10:10:17.627+0000] {processor.py:925} INFO - DAG(s) 'ml_pipeline_with_mlflow' retrieved from /opt/airflow/dags/full_pipeline.py
[2026-06-20T10:10:17.674+0000] {logging_mixin.py:190} INFO - [2026-06-20T10:10:17.673+0000] {dag.py:3239} INFO - Sync 1 DAGs
[2026-06-20T10:10:17.720+0000] {logging_mixin.py:190} INFO - [2026-06-20T10:10:17.720+0000] {dag.py:4180} INFO - Setting next_dagrun for ml_pipeline_with_mlflow to 2026-06-19 00:00:00+00:00, run_after=2026-06-20 00:00:00+00:00
[2026-06-20T10:10:17.751+0000] {processor.py:208} INFO - Processing /opt/airflow/dags/full_pipeline.py took 2.412 seconds
[2026-06-20T10:10:47.882+0000] {processor.py:186} INFO - Started process (PID=809) to work on /opt/airflow/dags/full_pipeline.py
[2026-06-20T10:10:47.883+0000] {processor.py:914} INFO - Processing file /opt/airflow/dags/full_pipeline.py for tasks to queue
[2026-06-20T10:10:47.885+0000] {logging_mixin.py:190} INFO - [2026-06-20T10:10:47.885+0000] {dagbag.py:588} INFO - Filling up the DagBag from /opt/airflow/dags/full_pipeline.py
[2026-06-20T10:10:49.990+0000] {processor.py:925} INFO - DAG(s) 'ml_pipeline_with_mlflow' retrieved from /opt/airflow/dags/full_pipeline.py
[2026-06-20T10:10:50.027+0000] {logging_mixin.py:190} INFO - [2026-06-20T10:10:50.026+0000] {dag.py:3239} INFO - Sync 1 DAGs
[2026-06-20T10:10:50.058+0000] {logging_mixin.py:190} INFO - [2026-06-20T10:10:50.057+0000] {dag.py:4180} INFO - Setting next_dagrun for ml_pipeline_with_mlflow to 2026-06-19 00:00:00+00:00, run_after=2026-06-20 00:00:00+00:00
[2026-06-20T10:10:50.084+0000] {processor.py:208} INFO - Processing /opt/airflow/dags/full_pipeline.py took 2.211 seconds
[2026-06-20T10:11:20.514+0000] {processor.py:186} INFO - Started process (PID=842) to work on /opt/airflow/dags/full_pipeline.py
[2026-06-20T10:11:20.516+0000] {processor.py:914} INFO - Processing file /opt/airflow/dags/full_pipeline.py for tasks to queue
[2026-06-20T10:11:20.518+0000] {logging_mixin.py:190} INFO - [2026-06-20T10:11:20.517+0000] {dagbag.py:588} INFO - Filling up the DagBag from /opt/airflow/dags/full_pipeline.py
[2026-06-20T10:11:22.353+0000] {processor.py:925} INFO - DAG(s) 'ml_pipeline_with_mlflow' retrieved from /opt/airflow/dags/full_pipeline.py
[2026-06-20T10:11:22.392+0000] {logging_mixin.py:190} INFO - [2026-06-20T10:11:22.391+0000] {dag.py:3239} INFO - Sync 1 DAGs
[2026-06-20T10:11:22.423+0000] {logging_mixin.py:190} INFO - [2026-06-20T10:11:22.422+0000] {dag.py:4180} INFO - Setting next_dagrun for ml_pipeline_with_mlflow to 2026-06-19 00:00:00+00:00, run_after=2026-06-20 00:00:00+00:00
[2026-06-20T10:11:22.448+0000] {processor.py:208} INFO - Processing /opt/airflow/dags/full_pipeline.py took 2.116 seconds
[2026-06-20T10:11:53.065+0000] {processor.py:186} INFO - Started process (PID=875) to work on /opt/airflow/dags/full_pipeline.py
[2026-06-20T10:11:53.066+0000] {processor.py:914} INFO - Processing file /opt/airflow/dags/full_pipeline.py for tasks to queue
[2026-06-20T10:11:53.068+0000] {logging_mixin.py:190} INFO - [2026-06-20T10:11:53.067+0000] {dagbag.py:588} INFO - Filling up the DagBag from /opt/airflow/dags/full_pipeline.py
[2026-06-20T10:11:55.293+0000] {processor.py:925} INFO - DAG(s) 'ml_pipeline_with_mlflow' retrieved from /opt/airflow/dags/full_pipeline.py
[2026-06-20T10:11:55.331+0000] {logging_mixin.py:190} INFO - [2026-06-20T10:11:55.330+0000] {dag.py:3239} INFO - Sync 1 DAGs
[2026-06-20T10:11:55.364+0000] {logging_mixin.py:190} INFO - [2026-06-20T10:11:55.363+0000] {dag.py:4180} INFO - Setting next_dagrun for ml_pipeline_with_mlflow to 2026-06-19 00:00:00+00:00, run_after=2026-06-20 00:00:00+00:00
[2026-06-20T10:11:55.389+0000] {processor.py:208} INFO - Processing /opt/airflow/dags/full_pipeline.py took 2.333 seconds
[2026-06-20T10:12:25.956+0000] {processor.py:186} INFO - Started process (PID=908) to work on /opt/airflow/dags/full_pipeline.py
[2026-06-20T10:12:25.957+0000] {processor.py:914} INFO - Processing file /opt/airflow/dags/full_pipeline.py for tasks to queue
[2026-06-20T10:12:25.959+0000] {logging_mixin.py:190} INFO - [2026-06-20T10:12:25.959+0000] {dagbag.py:588} INFO - Filling up the DagBag from /opt/airflow/dags/full_pipeline.py
[2026-06-20T10:12:28.170+0000] {processor.py:925} INFO - DAG(s) 'ml_pipeline_with_mlflow' retrieved from /opt/airflow/dags/full_pipeline.py
[2026-06-20T10:12:28.208+0000] {logging_mixin.py:190} INFO - [2026-06-20T10:12:28.207+0000] {dag.py:3239} INFO - Sync 1 DAGs
[2026-06-20T10:12:28.240+0000] {logging_mixin.py:190} INFO - [2026-06-20T10:12:28.240+0000] {dag.py:4180} INFO - Setting next_dagrun for ml_pipeline_with_mlflow to 2026-06-19 00:00:00+00:00, run_after=2026-06-20 00:00:00+00:00
[2026-06-20T10:12:28.275+0000] {processor.py:208} INFO - Processing /opt/airflow/dags/full_pipeline.py took 2.327 seconds
[2026-06-20T10:12:59.090+0000] {processor.py:186} INFO - Started process (PID=941) to work on /opt/airflow/dags/full_pipeline.py
[2026-06-20T10:12:59.091+0000] {processor.py:914} INFO - Processing file /opt/airflow/dags/full_pipeline.py for tasks to queue
[2026-06-20T10:12:59.093+0000] {logging_mixin.py:190} INFO - [2026-06-20T10:12:59.092+0000] {dagbag.py:588} INFO - Filling up the DagBag from /opt/airflow/dags/full_pipeline.py
[2026-06-20T10:13:01.313+0000] {processor.py:925} INFO - DAG(s) 'ml_pipeline_with_mlflow' retrieved from /opt/airflow/dags/full_pipeline.py
[2026-06-20T10:13:01.351+0000] {logging_mixin.py:190} INFO - [2026-06-20T10:13:01.350+0000] {dag.py:3239} INFO - Sync 1 DAGs
[2026-06-20T10:13:01.381+0000] {logging_mixin.py:190} INFO - [2026-06-20T10:13:01.381+0000] {dag.py:4180} INFO - Setting next_dagrun for ml_pipeline_with_mlflow to 2026-06-19 00:00:00+00:00, run_after=2026-06-20 00:00:00+00:00
[2026-06-20T10:13:01.407+0000] {processor.py:208} INFO - Processing /opt/airflow/dags/full_pipeline.py took 2.326 seconds
[2026-06-20T10:13:32.176+0000] {processor.py:186} INFO - Started process (PID=974) to work on /opt/airflow/dags/full_pipeline.py
[2026-06-20T10:13:32.177+0000] {processor.py:914} INFO - Processing file /opt/airflow/dags/full_pipeline.py for tasks to queue
[2026-06-20T10:13:32.178+0000] {logging_mixin.py:190} INFO - [2026-06-20T10:13:32.178+0000] {dagbag.py:588} INFO - Filling up the DagBag from /opt/airflow/dags/full_pipeline.py
[2026-06-20T10:13:34.437+0000] {processor.py:925} INFO - DAG(s) 'ml_pipeline_with_mlflow' retrieved from /opt/airflow/dags/full_pipeline.py
[2026-06-20T10:13:34.500+0000] {logging_mixin.py:190} INFO - [2026-06-20T10:13:34.499+0000] {dag.py:3239} INFO - Sync 1 DAGs
[2026-06-20T10:13:34.548+0000] {logging_mixin.py:190} INFO - [2026-06-20T10:13:34.547+0000] {dag.py:4180} INFO - Setting next_dagrun for ml_pipeline_with_mlflow to 2026-06-19 00:00:00+00:00, run_after=2026-06-20 00:00:00+00:00
[2026-06-20T10:13:34.583+0000] {processor.py:208} INFO - Processing /opt/airflow/dags/full_pipeline.py took 2.416 seconds
[2026-06-20T10:14:04.970+0000] {processor.py:186} INFO - Started process (PID=1007) to work on /opt/airflow/dags/full_pipeline.py
[2026-06-20T10:14:04.971+0000] {processor.py:914} INFO - Processing file /opt/airflow/dags/full_pipeline.py for tasks to queue
[2026-06-20T10:14:04.974+0000] {logging_mixin.py:190} INFO - [2026-06-20T10:14:04.974+0000] {dagbag.py:588} INFO - Filling up the DagBag from /opt/airflow/dags/full_pipeline.py
[2026-06-20T10:14:07.151+0000] {processor.py:925} INFO - DAG(s) 'ml_pipeline_with_mlflow' retrieved from /opt/airflow/dags/full_pipeline.py
[2026-06-20T10:14:07.191+0000] {logging_mixin.py:190} INFO - [2026-06-20T10:14:07.191+0000] {dag.py:3239} INFO - Sync 1 DAGs
[2026-06-20T10:14:07.223+0000] {logging_mixin.py:190} INFO - [2026-06-20T10:14:07.223+0000] {dag.py:4180} INFO - Setting next_dagrun for ml_pipeline_with_mlflow to 2026-06-19 00:00:00+00:00, run_after=2026-06-20 00:00:00+00:00
[2026-06-20T10:14:07.250+0000] {processor.py:208} INFO - Processing /opt/airflow/dags/full_pipeline.py took 2.292 seconds
[2026-06-20T10:14:38.046+0000] {processor.py:186} INFO - Started process (PID=1040) to work on /opt/airflow/dags/full_pipeline.py
[2026-06-20T10:14:38.047+0000] {processor.py:914} INFO - Processing file /opt/airflow/dags/full_pipeline.py for tasks to queue
[2026-06-20T10:14:38.049+0000] {logging_mixin.py:190} INFO - [2026-06-20T10:14:38.048+0000] {dagbag.py:588} INFO - Filling up the DagBag from /opt/airflow/dags/full_pipeline.py
[2026-06-20T10:14:40.159+0000] {processor.py:925} INFO - DAG(s) 'ml_pipeline_with_mlflow' retrieved from /opt/airflow/dags/full_pipeline.py
[2026-06-20T10:14:40.194+0000] {logging_mixin.py:190} INFO - [2026-06-20T10:14:40.194+0000] {dag.py:3239} INFO - Sync 1 DAGs
[2026-06-20T10:14:40.224+0000] {logging_mixin.py:190} INFO - [2026-06-20T10:14:40.224+0000] {dag.py:4180} INFO - Setting next_dagrun for ml_pipeline_with_mlflow to 2026-06-19 00:00:00+00:00, run_after=2026-06-20 00:00:00+00:00
[2026-06-20T10:14:40.252+0000] {processor.py:208} INFO - Processing /opt/airflow/dags/full_pipeline.py took 2.216 seconds
[2026-06-20T10:15:11.144+0000] {processor.py:186} INFO - Started process (PID=1073) to work on /opt/airflow/dags/full_pipeline.py
[2026-06-20T10:15:11.145+0000] {processor.py:914} INFO - Processing file /opt/airflow/dags/full_pipeline.py for tasks to queue
[2026-06-20T10:15:11.147+0000] {logging_mixin.py:190} INFO - [2026-06-20T10:15:11.146+0000] {dagbag.py:588} INFO - Filling up the DagBag from /opt/airflow/dags/full_pipeline.py
[2026-06-20T10:15:13.455+0000] {processor.py:925} INFO - DAG(s) 'ml_pipeline_with_mlflow' retrieved from /opt/airflow/dags/full_pipeline.py
[2026-06-20T10:15:13.491+0000] {logging_mixin.py:190} INFO - [2026-06-20T10:15:13.491+0000] {dag.py:3239} INFO - Sync 1 DAGs
[2026-06-20T10:15:13.523+0000] {logging_mixin.py:190} INFO - [2026-06-20T10:15:13.522+0000] {dag.py:4180} INFO - Setting next_dagrun for ml_pipeline_with_mlflow to 2026-06-19 00:00:00+00:00, run_after=2026-06-20 00:00:00+00:00
[2026-06-20T10:15:13.549+0000] {processor.py:208} INFO - Processing /opt/airflow/dags/full_pipeline.py took 2.415 seconds
[2026-06-20T10:15:44.135+0000] {processor.py:186} INFO - Started process (PID=1099) to work on /opt/airflow/dags/full_pipeline.py
[2026-06-20T10:15:44.136+0000] {processor.py:914} INFO - Processing file /opt/airflow/dags/full_pipeline.py for tasks to queue
[2026-06-20T10:15:44.138+0000] {logging_mixin.py:190} INFO - [2026-06-20T10:15:44.137+0000] {dagbag.py:588} INFO - Filling up the DagBag from /opt/airflow/dags/full_pipeline.py
[2026-06-20T10:15:46.055+0000] {processor.py:925} INFO - DAG(s) 'ml_pipeline_with_mlflow' retrieved from /opt/airflow/dags/full_pipeline.py
[2026-06-20T10:15:46.097+0000] {logging_mixin.py:190} INFO - [2026-06-20T10:15:46.096+0000] {dag.py:3239} INFO - Sync 1 DAGs
[2026-06-20T10:15:46.142+0000] {logging_mixin.py:190} INFO - [2026-06-20T10:15:46.142+0000] {dag.py:4180} INFO - Setting next_dagrun for ml_pipeline_with_mlflow to 2026-06-19 00:00:00+00:00, run_after=2026-06-20 00:00:00+00:00
[2026-06-20T10:15:46.177+0000] {processor.py:208} INFO - Processing /opt/airflow/dags/full_pipeline.py took 2.051 seconds
[2026-06-20T10:16:16.893+0000] {processor.py:186} INFO - Started process (PID=1132) to work on /opt/airflow/dags/full_pipeline.py
[2026-06-20T10:16:16.894+0000] {processor.py:914} INFO - Processing file /opt/airflow/dags/full_pipeline.py for tasks to queue
[2026-06-20T10:16:16.897+0000] {logging_mixin.py:190} INFO - [2026-06-20T10:16:16.897+0000] {dagbag.py:588} INFO - Filling up the DagBag from /opt/airflow/dags/full_pipeline.py
[2026-06-20T10:16:18.813+0000] {processor.py:925} INFO - DAG(s) 'ml_pipeline_with_mlflow' retrieved from /opt/airflow/dags/full_pipeline.py
[2026-06-20T10:16:18.850+0000] {logging_mixin.py:190} INFO - [2026-06-20T10:16:18.850+0000] {dag.py:3239} INFO - Sync 1 DAGs
[2026-06-20T10:16:18.881+0000] {logging_mixin.py:190} INFO - [2026-06-20T10:16:18.880+0000] {dag.py:4180} INFO - Setting next_dagrun for ml_pipeline_with_mlflow to 2026-06-19 00:00:00+00:00, run_after=2026-06-20 00:00:00+00:00
[2026-06-20T10:16:18.907+0000] {processor.py:208} INFO - Processing /opt/airflow/dags/full_pipeline.py took 2.033 seconds
[2026-06-20T10:16:49.254+0000] {processor.py:186} INFO - Started process (PID=1165) to work on /opt/airflow/dags/full_pipeline.py
[2026-06-20T10:16:49.255+0000] {processor.py:914} INFO - Processing file /opt/airflow/dags/full_pipeline.py for tasks to queue
[2026-06-20T10:16:49.258+0000] {logging_mixin.py:190} INFO - [2026-06-20T10:16:49.258+0000] {dagbag.py:588} INFO - Filling up the DagBag from /opt/airflow/dags/full_pipeline.py
[2026-06-20T10:16:51.364+0000] {processor.py:925} INFO - DAG(s) 'ml_pipeline_with_mlflow' retrieved from /opt/airflow/dags/full_pipeline.py
[2026-06-20T10:16:51.401+0000] {logging_mixin.py:190} INFO - [2026-06-20T10:16:51.401+0000] {dag.py:3239} INFO - Sync 1 DAGs
[2026-06-20T10:16:51.434+0000] {logging_mixin.py:190} INFO - [2026-06-20T10:16:51.433+0000] {dag.py:4180} INFO - Setting next_dagrun for ml_pipeline_with_mlflow to 2026-06-19 00:00:00+00:00, run_after=2026-06-20 00:00:00+00:00
[2026-06-20T10:16:51.460+0000] {processor.py:208} INFO - Processing /opt/airflow/dags/full_pipeline.py took 2.218 seconds
[2026-06-20T10:17:22.159+0000] {processor.py:186} INFO - Started process (PID=1198) to work on /opt/airflow/dags/full_pipeline.py
[2026-06-20T10:17:22.160+0000] {processor.py:914} INFO - Processing file /opt/airflow/dags/full_pipeline.py for tasks to queue
[2026-06-20T10:17:22.161+0000] {logging_mixin.py:190} INFO - [2026-06-20T10:17:22.161+0000] {dagbag.py:588} INFO - Filling up the DagBag from /opt/airflow/dags/full_pipeline.py
[2026-06-20T10:17:24.109+0000] {processor.py:925} INFO - DAG(s) 'ml_pipeline_with_mlflow' retrieved from /opt/airflow/dags/full_pipeline.py
[2026-06-20T10:17:24.143+0000] {logging_mixin.py:190} INFO - [2026-06-20T10:17:24.142+0000] {dag.py:3239} INFO - Sync 1 DAGs
[2026-06-20T10:17:24.174+0000] {logging_mixin.py:190} INFO - [2026-06-20T10:17:24.174+0000] {dag.py:4180} INFO - Setting next_dagrun for ml_pipeline_with_mlflow to 2026-06-19 00:00:00+00:00, run_after=2026-06-20 00:00:00+00:00
[2026-06-20T10:17:24.198+0000] {processor.py:208} INFO - Processing /opt/airflow/dags/full_pipeline.py took 2.048 seconds
[2026-06-20T10:17:54.762+0000] {processor.py:186} INFO - Started process (PID=1231) to work on /opt/airflow/dags/full_pipeline.py
[2026-06-20T10:17:54.762+0000] {processor.py:914} INFO - Processing file /opt/airflow/dags/full_pipeline.py for tasks to queue
[2026-06-20T10:17:54.764+0000] {logging_mixin.py:190} INFO - [2026-06-20T10:17:54.764+0000] {dagbag.py:588} INFO - Filling up the DagBag from /opt/airflow/dags/full_pipeline.py
[2026-06-20T10:17:57.501+0000] {processor.py:925} INFO - DAG(s) 'ml_pipeline_with_mlflow' retrieved from /opt/airflow/dags/full_pipeline.py
[2026-06-20T10:17:57.538+0000] {logging_mixin.py:190} INFO - [2026-06-20T10:17:57.538+0000] {dag.py:3239} INFO - Sync 1 DAGs
[2026-06-20T10:17:57.570+0000] {logging_mixin.py:190} INFO - [2026-06-20T10:17:57.569+0000] {dag.py:4180} INFO - Setting next_dagrun for ml_pipeline_with_mlflow to 2026-06-19 00:00:00+00:00, run_after=2026-06-20 00:00:00+00:00
[2026-06-20T10:17:57.597+0000] {processor.py:208} INFO - Processing /opt/airflow/dags/full_pipeline.py took 2.297 seconds
[2026-06-20T10:18:28.376+0000] {processor.py:186} INFO - Started process (PID=1264) to work on /opt/airflow/dags/full_pipeline.py
[2026-06-20T10:18:28.377+0000] {processor.py:914} INFO - Processing file /opt/airflow/dags/full_pipeline.py for tasks to queue
[2026-06-20T10:18:28.379+0000] {logging_mixin.py:190} INFO - [2026-06-20T10:18:28.378+0000] {dagbag.py:588} INFO - Filling up the DagBag from /opt/airflow/dags/full_pipeline.py
[2026-06-20T10:18:30.179+0000] {processor.py:925} INFO - DAG(s) 'ml_pipeline_with_mlflow' retrieved from /opt/airflow/dags/full_pipeline.py
[2026-06-20T10:18:30.215+0000] {logging_mixin.py:190} INFO - [2026-06-20T10:18:30.214+0000] {dag.py:3239} INFO - Sync 1 DAGs
[2026-06-20T10:18:30.247+0000] {logging_mixin.py:190} INFO - [2026-06-20T10:18:30.247+0000] {dag.py:4180} INFO - Setting next_dagrun for ml_pipeline_with_mlflow to 2026-06-19 00:00:00+00:00, run_after=2026-06-20 00:00:00+00:00
[2026-06-20T10:18:30.273+0000] {processor.py:208} INFO - Processing /opt/airflow/dags/full_pipeline.py took 1.905 seconds
[2026-06-20T10:19:01.185+0000] {processor.py:186} INFO - Started process (PID=1297) to work on /opt/airflow/dags/full_pipeline.py
[2026-06-20T10:19:01.186+0000] {processor.py:914} INFO - Processing file /opt/airflow/dags/full_pipeline.py for tasks to queue
[2026-06-20T10:19:01.188+0000] {logging_mixin.py:190} INFO - [2026-06-20T10:19:01.187+0000] {dagbag.py:588} INFO - Filling up the DagBag from /opt/airflow/dags/full_pipeline.py
[2026-06-20T10:19:03.043+0000] {processor.py:925} INFO - DAG(s) 'ml_pipeline_with_mlflow' retrieved from /opt/airflow/dags/full_pipeline.py
[2026-06-20T10:19:03.080+0000] {logging_mixin.py:190} INFO - [2026-06-20T10:19:03.080+0000] {dag.py:3239} INFO - Sync 1 DAGs
[2026-06-20T10:19:03.112+0000] {logging_mixin.py:190} INFO - [2026-06-20T10:19:03.112+0000] {dag.py:4180} INFO - Setting next_dagrun for ml_pipeline_with_mlflow to 2026-06-19 00:00:00+00:00, run_after=2026-06-20 00:00:00+00:00
[2026-06-20T10:19:03.142+0000] {processor.py:208} INFO - Processing /opt/airflow/dags/full_pipeline.py took 1.964 seconds
[2026-06-20T10:19:33.975+0000] {processor.py:186} INFO - Started process (PID=1330) to work on /opt/airflow/dags/full_pipeline.py
[2026-06-20T10:19:33.976+0000] {processor.py:914} INFO - Processing file /opt/airflow/dags/full_pipeline.py for tasks to queue
[2026-06-20T10:19:33.977+0000] {logging_mixin.py:190} INFO - [2026-06-20T10:19:33.977+0000] {dagbag.py:588} INFO - Filling up the DagBag from /opt/airflow/dags/full_pipeline.py
[2026-06-20T10:19:35.782+0000] {processor.py:925} INFO - DAG(s) 'ml_pipeline_with_mlflow' retrieved from /opt/airflow/dags/full_pipeline.py
[2026-06-20T10:19:35.829+0000] {logging_mixin.py:190} INFO - [2026-06-20T10:19:35.828+0000] {dag.py:3239} INFO - Sync 1 DAGs
[2026-06-20T10:19:35.870+0000] {logging_mixin.py:190} INFO - [2026-06-20T10:19:35.869+0000] {dag.py:4180} INFO - Setting next_dagrun for ml_pipeline_with_mlflow to 2026-06-19 00:00:00+00:00, run_after=2026-06-20 00:00:00+00:00
[2026-06-20T10:19:35.901+0000] {processor.py:208} INFO - Processing /opt/airflow/dags/full_pipeline.py took 1.933 seconds
[2026-06-20T10:20:06.318+0000] {processor.py:186} INFO - Started process (PID=1363) to work on /opt/airflow/dags/full_pipeline.py
[2026-06-20T10:20:06.319+0000] {processor.py:914} INFO - Processing file /opt/airflow/dags/full_pipeline.py for tasks to queue
[2026-06-20T10:20:06.321+0000] {logging_mixin.py:190} INFO - [2026-06-20T10:20:06.320+0000] {dagbag.py:588} INFO - Filling up the DagBag from /opt/airflow/dags/full_pipeline.py
[2026-06-20T10:20:08.316+0000] {processor.py:925} INFO - DAG(s) 'ml_pipeline_with_mlflow' retrieved from /opt/airflow/dags/full_pipeline.py
[2026-06-20T10:20:08.352+0000] {logging_mixin.py:190} INFO - [2026-06-20T10:20:08.352+0000] {dag.py:3239} INFO - Sync 1 DAGs
[2026-06-20T10:20:08.385+0000] {logging_mixin.py:190} INFO - [2026-06-20T10:20:08.384+0000] {dag.py:4180} INFO - Setting next_dagrun for ml_pipeline_with_mlflow to 2026-06-19 00:00:00+00:00, run_after=2026-06-20 00:00:00+00:00
[2026-06-20T10:20:08.412+0000] {processor.py:208} INFO - Processing /opt/airflow/dags/full_pipeline.py took 2.101 seconds
[2026-06-20T10:20:39.259+0000] {processor.py:186} INFO - Started process (PID=1396) to work on /opt/airflow/dags/full_pipeline.py
[2026-06-20T10:20:39.260+0000] {processor.py:914} INFO - Processing file /opt/airflow/dags/full_pipeline.py for tasks to queue
[2026-06-20T10:20:39.262+0000] {logging_mixin.py:190} INFO - [2026-06-20T10:20:39.261+0000] {dagbag.py:588} INFO - Filling up the DagBag from /opt/airflow/dags/full_pipeline.py
[2026-06-20T10:20:41.247+0000] {processor.py:925} INFO - DAG(s) 'ml_pipeline_with_mlflow' retrieved from /opt/airflow/dags/full_pipeline.py
[2026-06-20T10:20:41.285+0000] {logging_mixin.py:190} INFO - [2026-06-20T10:20:41.284+0000] {dag.py:3239} INFO - Sync 1 DAGs
[2026-06-20T10:20:41.321+0000] {logging_mixin.py:190} INFO - [2026-06-20T10:20:41.321+0000] {dag.py:4180} INFO - Setting next_dagrun for ml_pipeline_with_mlflow to 2026-06-19 00:00:00+00:00, run_after=2026-06-20 00:00:00+00:00
[2026-06-20T10:20:41.346+0000] {processor.py:208} INFO - Processing /opt/airflow/dags/full_pipeline.py took 2.099 seconds
[2026-06-20T10:21:11.794+0000] {processor.py:186} INFO - Started process (PID=1429) to work on /opt/airflow/dags/full_pipeline.py
[2026-06-20T10:21:11.795+0000] {processor.py:914} INFO - Processing file /opt/airflow/dags/full_pipeline.py for tasks to queue
[2026-06-20T10:21:11.797+0000] {logging_mixin.py:190} INFO - [2026-06-20T10:21:11.797+0000] {dagbag.py:588} INFO - Filling up the DagBag from /opt/airflow/dags/full_pipeline.py
[2026-06-20T10:21:13.589+0000] {processor.py:925} INFO - DAG(s) 'ml_pipeline_with_mlflow' retrieved from /opt/airflow/dags/full_pipeline.py
[2026-06-20T10:21:13.625+0000] {logging_mixin.py:190} INFO - [2026-06-20T10:21:13.624+0000] {dag.py:3239} INFO - Sync 1 DAGs
[2026-06-20T10:21:13.656+0000] {logging_mixin.py:190} INFO - [2026-06-20T10:21:13.656+0000] {dag.py:4180} INFO - Setting next_dagrun for ml_pipeline_with_mlflow to 2026-06-19 00:00:00+00:00, run_after=2026-06-20 00:00:00+00:00
[2026-06-20T10:21:13.679+0000] {processor.py:208} INFO - Processing /opt/airflow/dags/full_pipeline.py took 1.894 seconds
[2026-06-20T10:21:44.505+0000] {processor.py:186} INFO - Started process (PID=1462) to work on /opt/airflow/dags/full_pipeline.py
[2026-06-20T10:21:44.505+0000] {processor.py:914} INFO - Processing file /opt/airflow/dags/full_pipeline.py for tasks to queue
[2026-06-20T10:21:44.507+0000] {logging_mixin.py:190} INFO - [2026-06-20T10:21:44.507+0000] {dagbag.py:588} INFO - Filling up the DagBag from /opt/airflow/dags/full_pipeline.py
[2026-06-20T10:21:46.171+0000] {processor.py:925} INFO - DAG(s) 'ml_pipeline_with_mlflow' retrieved from /opt/airflow/dags/full_pipeline.py
[2026-06-20T10:21:46.203+0000] {logging_mixin.py:190} INFO - [2026-06-20T10:21:46.203+0000] {dag.py:3239} INFO - Sync 1 DAGs
[2026-06-20T10:21:46.232+0000] {logging_mixin.py:190} INFO - [2026-06-20T10:21:46.232+0000] {dag.py:4180} INFO - Setting next_dagrun for ml_pipeline_with_mlflow to 2026-06-19 00:00:00+00:00, run_after=2026-06-20 00:00:00+00:00
[2026-06-20T10:21:46.255+0000] {processor.py:208} INFO - Processing /opt/airflow/dags/full_pipeline.py took 1.758 seconds
[2026-06-20T10:22:17.073+0000] {processor.py:186} INFO - Started process (PID=1495) to work on /opt/airflow/dags/full_pipeline.py
[2026-06-20T10:22:17.075+0000] {processor.py:914} INFO - Processing file /opt/airflow/dags/full_pipeline.py for tasks to queue
[2026-06-20T10:22:17.078+0000] {logging_mixin.py:190} INFO - [2026-06-20T10:22:17.078+0000] {dagbag.py:588} INFO - Filling up the DagBag from /opt/airflow/dags/full_pipeline.py
[2026-06-20T10:22:19.289+0000] {processor.py:925} INFO - DAG(s) 'ml_pipeline_with_mlflow' retrieved from /opt/airflow/dags/full_pipeline.py
[2026-06-20T10:22:19.325+0000] {logging_mixin.py:190} INFO - [2026-06-20T10:22:19.325+0000] {dag.py:3239} INFO - Sync 1 DAGs
[2026-06-20T10:22:19.354+0000] {logging_mixin.py:190} INFO - [2026-06-20T10:22:19.354+0000] {dag.py:4180} INFO - Setting next_dagrun for ml_pipeline_with_mlflow to 2026-06-19 00:00:00+00:00, run_after=2026-06-20 00:00:00+00:00
[2026-06-20T10:22:19.382+0000] {processor.py:208} INFO - Processing /opt/airflow/dags/full_pipeline.py took 2.324 seconds
[2026-06-20T10:22:50.075+0000] {processor.py:186} INFO - Started process (PID=1528) to work on /opt/airflow/dags/full_pipeline.py
[2026-06-20T10:22:50.076+0000] {processor.py:914} INFO - Processing file /opt/airflow/dags/full_pipeline.py for tasks to queue
[2026-06-20T10:22:50.078+0000] {logging_mixin.py:190} INFO - [2026-06-20T10:22:50.077+0000] {dagbag.py:588} INFO - Filling up the DagBag from /opt/airflow/dags/full_pipeline.py
[2026-06-20T10:22:51.852+0000] {processor.py:925} INFO - DAG(s) 'ml_pipeline_with_mlflow' retrieved from /opt/airflow/dags/full_pipeline.py
[2026-06-20T10:22:51.891+0000] {logging_mixin.py:190} INFO - [2026-06-20T10:22:51.890+0000] {dag.py:3239} INFO - Sync 1 DAGs
[2026-06-20T10:22:51.922+0000] {logging_mixin.py:190} INFO - [2026-06-20T10:22:51.922+0000] {dag.py:4180} INFO - Setting next_dagrun for ml_pipeline_with_mlflow to 2026-06-19 00:00:00+00:00, run_after=2026-06-20 00:00:00+00:00
[2026-06-20T10:22:51.951+0000] {processor.py:208} INFO - Processing /opt/airflow/dags/full_pipeline.py took 1.887 seconds
[2026-06-20T10:23:22.912+0000] {processor.py:186} INFO - Started process (PID=1561) to work on /opt/airflow/dags/full_pipeline.py
[2026-06-20T10:23:22.912+0000] {processor.py:914} INFO - Processing file /opt/airflow/dags/full_pipeline.py for tasks to queue
[2026-06-20T10:23:22.914+0000] {logging_mixin.py:190} INFO - [2026-06-20T10:23:22.914+0000] {dagbag.py:588} INFO - Filling up the DagBag from /opt/airflow/dags/full_pipeline.py
[2026-06-20T10:23:24.594+0000] {processor.py:925} INFO - DAG(s) 'ml_pipeline_with_mlflow' retrieved from /opt/airflow/dags/full_pipeline.py
[2026-06-20T10:23:24.631+0000] {logging_mixin.py:190} INFO - [2026-06-20T10:23:24.631+0000] {dag.py:3239} INFO - Sync 1 DAGs
[2026-06-20T10:23:24.663+0000] {logging_mixin.py:190} INFO - [2026-06-20T10:23:24.663+0000] {dag.py:4180} INFO - Setting next_dagrun for ml_pipeline_with_mlflow to 2026-06-19 00:00:00+00:00, run_after=2026-06-20 00:00:00+00:00
[2026-06-20T10:23:24.689+0000] {processor.py:208} INFO - Processing /opt/airflow/dags/full_pipeline.py took 1.786 seconds
[2026-06-20T10:23:55.594+0000] {processor.py:186} INFO - Started process (PID=1594) to work on /opt/airflow/dags/full_pipeline.py
[2026-06-20T10:23:55.595+0000] {processor.py:914} INFO - Processing file /opt/airflow/dags/full_pipeline.py for tasks to queue
[2026-06-20T10:23:55.596+0000] {logging_mixin.py:190} INFO - [2026-06-20T10:23:55.596+0000] {dagbag.py:588} INFO - Filling up the DagBag from /opt/airflow/dags/full_pipeline.py
[2026-06-20T10:23:57.729+0000] {processor.py:925} INFO - DAG(s) 'ml_pipeline_with_mlflow' retrieved from /opt/airflow/dags/full_pipeline.py
[2026-06-20T10:23:57.766+0000] {logging_mixin.py:190} INFO - [2026-06-20T10:23:57.765+0000] {dag.py:3239} INFO - Sync 1 DAGs
[2026-06-20T10:23:57.796+0000] {logging_mixin.py:190} INFO - [2026-06-20T10:23:57.796+0000] {dag.py:4180} INFO - Setting next_dagrun for ml_pipeline_with_mlflow to 2026-06-19 00:00:00+00:00, run_after=2026-06-20 00:00:00+00:00
[2026-06-20T10:23:57.822+0000] {processor.py:208} INFO - Processing /opt/airflow/dags/full_pipeline.py took 2.239 seconds
[2026-06-20T10:24:28.621+0000] {processor.py:186} INFO - Started process (PID=1627) to work on /opt/airflow/dags/full_pipeline.py
[2026-06-20T10:24:28.622+0000] {processor.py:914} INFO - Processing file /opt/airflow/dags/full_pipeline.py for tasks to queue
[2026-06-20T10:24:28.624+0000] {logging_mixin.py:190} INFO - [2026-06-20T10:24:28.624+0000] {dagbag.py:588} INFO - Filling up the DagBag from /opt/airflow/dags/full_pipeline.py
[2026-06-20T10:24:30.588+0000] {processor.py:925} INFO - DAG(s) 'ml_pipeline_with_mlflow' retrieved from /opt/airflow/dags/full_pipeline.py
[2026-06-20T10:24:30.625+0000] {logging_mixin.py:190} INFO - [2026-06-20T10:24:30.625+0000] {dag.py:3239} INFO - Sync 1 DAGs
[2026-06-20T10:24:30.657+0000] {logging_mixin.py:190} INFO - [2026-06-20T10:24:30.656+0000] {dag.py:4180} INFO - Setting next_dagrun for ml_pipeline_with_mlflow to 2026-06-19 00:00:00+00:00, run_after=2026-06-20 00:00:00+00:00
[2026-06-20T10:24:30.685+0000] {processor.py:208} INFO - Processing /opt/airflow/dags/full_pipeline.py took 2.071 seconds
[2026-06-20T10:25:00.836+0000] {processor.py:186} INFO - Started process (PID=1657) to work on /opt/airflow/dags/full_pipeline.py
[2026-06-20T10:25:00.837+0000] {processor.py:914} INFO - Processing file /opt/airflow/dags/full_pipeline.py for tasks to queue
[2026-06-20T10:25:00.840+0000] {logging_mixin.py:190} INFO - [2026-06-20T10:25:00.839+0000] {dagbag.py:588} INFO - Filling up the DagBag from /opt/airflow/dags/full_pipeline.py
[2026-06-20T10:25:03.004+0000] {processor.py:925} INFO - DAG(s) 'ml_pipeline_with_mlflow' retrieved from /opt/airflow/dags/full_pipeline.py
[2026-06-20T10:25:03.045+0000] {logging_mixin.py:190} INFO - [2026-06-20T10:25:03.044+0000] {dag.py:3239} INFO - Sync 1 DAGs
[2026-06-20T10:25:03.202+0000] {logging_mixin.py:190} INFO - [2026-06-20T10:25:03.201+0000] {dag.py:4180} INFO - Setting next_dagrun for ml_pipeline_with_mlflow to 2026-06-19 00:00:00+00:00, run_after=2026-06-20 00:00:00+00:00
[2026-06-20T10:25:03.227+0000] {processor.py:208} INFO - Processing /opt/airflow/dags/full_pipeline.py took 2.116 seconds
[2026-06-20T10:25:33.982+0000] {processor.py:186} INFO - Started process (PID=1690) to work on /opt/airflow/dags/full_pipeline.py
[2026-06-20T10:25:33.983+0000] {processor.py:914} INFO - Processing file /opt/airflow/dags/full_pipeline.py for tasks to queue
[2026-06-20T10:25:33.985+0000] {logging_mixin.py:190} INFO - [2026-06-20T10:25:33.985+0000] {dagbag.py:588} INFO - Filling up the DagBag from /opt/airflow/dags/full_pipeline.py
[2026-06-20T10:25:35.945+0000] {processor.py:925} INFO - DAG(s) 'ml_pipeline_with_mlflow' retrieved from /opt/airflow/dags/full_pipeline.py
[2026-06-20T10:25:35.985+0000] {logging_mixin.py:190} INFO - [2026-06-20T10:25:35.985+0000] {dag.py:3239} INFO - Sync 1 DAGs
[2026-06-20T10:25:36.017+0000] {logging_mixin.py:190} INFO - [2026-06-20T10:25:36.016+0000] {dag.py:4180} INFO - Setting next_dagrun for ml_pipeline_with_mlflow to 2026-06-19 00:00:00+00:00, run_after=2026-06-20 00:00:00+00:00
[2026-06-20T10:25:36.043+0000] {processor.py:208} INFO - Processing /opt/airflow/dags/full_pipeline.py took 2.070 seconds
[2026-06-20T10:26:06.902+0000] {processor.py:186} INFO - Started process (PID=1723) to work on /opt/airflow/dags/full_pipeline.py
[2026-06-20T10:26:06.903+0000] {processor.py:914} INFO - Processing file /opt/airflow/dags/full_pipeline.py for tasks to queue
[2026-06-20T10:26:06.905+0000] {logging_mixin.py:190} INFO - [2026-06-20T10:26:06.905+0000] {dagbag.py:588} INFO - Filling up the DagBag from /opt/airflow/dags/full_pipeline.py
[2026-06-20T10:26:09.004+0000] {processor.py:925} INFO - DAG(s) 'ml_pipeline_with_mlflow' retrieved from /opt/airflow/dags/full_pipeline.py
[2026-06-20T10:26:09.040+0000] {logging_mixin.py:190} INFO - [2026-06-20T10:26:09.039+0000] {dag.py:3239} INFO - Sync 1 DAGs
[2026-06-20T10:26:09.186+0000] {logging_mixin.py:190} INFO - [2026-06-20T10:26:09.186+0000] {dag.py:4180} INFO - Setting next_dagrun for ml_pipeline_with_mlflow to 2026-06-19 00:00:00+00:00, run_after=2026-06-20 00:00:00+00:00
[2026-06-20T10:26:09.213+0000] {processor.py:208} INFO - Processing /opt/airflow/dags/full_pipeline.py took 2.320 seconds
[2026-06-20T10:26:39.451+0000] {processor.py:186} INFO - Started process (PID=1756) to work on /opt/airflow/dags/full_pipeline.py
[2026-06-20T10:26:39.452+0000] {processor.py:914} INFO - Processing file /opt/airflow/dags/full_pipeline.py for tasks to queue
[2026-06-20T10:26:39.455+0000] {logging_mixin.py:190} INFO - [2026-06-20T10:26:39.454+0000] {dagbag.py:588} INFO - Filling up the DagBag from /opt/airflow/dags/full_pipeline.py
[2026-06-20T10:26:41.481+0000] {processor.py:925} INFO - DAG(s) 'ml_pipeline_with_mlflow' retrieved from /opt/airflow/dags/full_pipeline.py
[2026-06-20T10:26:41.519+0000] {logging_mixin.py:190} INFO - [2026-06-20T10:26:41.518+0000] {dag.py:3239} INFO - Sync 1 DAGs
[2026-06-20T10:26:41.711+0000] {logging_mixin.py:190} INFO - [2026-06-20T10:26:41.711+0000] {dag.py:4180} INFO - Setting next_dagrun for ml_pipeline_with_mlflow to 2026-06-19 00:00:00+00:00, run_after=2026-06-20 00:00:00+00:00
[2026-06-20T10:26:41.737+0000] {processor.py:208} INFO - Processing /opt/airflow/dags/full_pipeline.py took 2.298 seconds
[2026-06-20T10:27:12.383+0000] {processor.py:186} INFO - Started process (PID=1789) to work on /opt/airflow/dags/full_pipeline.py
[2026-06-20T10:27:12.384+0000] {processor.py:914} INFO - Processing file /opt/airflow/dags/full_pipeline.py for tasks to queue
[2026-06-20T10:27:12.387+0000] {logging_mixin.py:190} INFO - [2026-06-20T10:27:12.386+0000] {dagbag.py:588} INFO - Filling up the DagBag from /opt/airflow/dags/full_pipeline.py
[2026-06-20T10:27:14.413+0000] {processor.py:925} INFO - DAG(s) 'ml_pipeline_with_mlflow' retrieved from /opt/airflow/dags/full_pipeline.py
[2026-06-20T10:27:14.578+0000] {logging_mixin.py:190} INFO - [2026-06-20T10:27:14.577+0000] {dag.py:3239} INFO - Sync 1 DAGs
[2026-06-20T10:27:14.607+0000] {logging_mixin.py:190} INFO - [2026-06-20T10:27:14.607+0000] {dag.py:4180} INFO - Setting next_dagrun for ml_pipeline_with_mlflow to 2026-06-19 00:00:00+00:00, run_after=2026-06-20 00:00:00+00:00
[2026-06-20T10:27:14.631+0000] {processor.py:208} INFO - Processing /opt/airflow/dags/full_pipeline.py took 2.260 seconds
[2026-06-20T10:27:45.312+0000] {processor.py:186} INFO - Started process (PID=1822) to work on /opt/airflow/dags/full_pipeline.py
[2026-06-20T10:27:45.313+0000] {processor.py:914} INFO - Processing file /opt/airflow/dags/full_pipeline.py for tasks to queue
[2026-06-20T10:27:45.315+0000] {logging_mixin.py:190} INFO - [2026-06-20T10:27:45.315+0000] {dagbag.py:588} INFO - Filling up the DagBag from /opt/airflow/dags/full_pipeline.py
[2026-06-20T10:27:47.444+0000] {processor.py:925} INFO - DAG(s) 'ml_pipeline_with_mlflow' retrieved from /opt/airflow/dags/full_pipeline.py
[2026-06-20T10:27:47.498+0000] {logging_mixin.py:190} INFO - [2026-06-20T10:27:47.497+0000] {dag.py:3239} INFO - Sync 1 DAGs
[2026-06-20T10:27:47.726+0000] {logging_mixin.py:190} INFO - [2026-06-20T10:27:47.725+0000] {dag.py:4180} INFO - Setting next_dagrun for ml_pipeline_with_mlflow to 2026-06-19 00:00:00+00:00, run_after=2026-06-20 00:00:00+00:00
[2026-06-20T10:27:47.749+0000] {processor.py:208} INFO - Processing /opt/airflow/dags/full_pipeline.py took 2.448 seconds
[2026-06-20T10:28:18.191+0000] {processor.py:186} INFO - Started process (PID=1855) to work on /opt/airflow/dags/full_pipeline.py
[2026-06-20T10:28:18.193+0000] {processor.py:914} INFO - Processing file /opt/airflow/dags/full_pipeline.py for tasks to queue
[2026-06-20T10:28:18.196+0000] {logging_mixin.py:190} INFO - [2026-06-20T10:28:18.195+0000] {dagbag.py:588} INFO - Filling up the DagBag from /opt/airflow/dags/full_pipeline.py
[2026-06-20T10:28:20.555+0000] {processor.py:925} INFO - DAG(s) 'ml_pipeline_with_mlflow' retrieved from /opt/airflow/dags/full_pipeline.py
[2026-06-20T10:28:20.591+0000] {logging_mixin.py:190} INFO - [2026-06-20T10:28:20.591+0000] {dag.py:3239} INFO - Sync 1 DAGs
[2026-06-20T10:28:20.622+0000] {logging_mixin.py:190} INFO - [2026-06-20T10:28:20.622+0000] {dag.py:4180} INFO - Setting next_dagrun for ml_pipeline_with_mlflow to 2026-06-19 00:00:00+00:00, run_after=2026-06-20 00:00:00+00:00
[2026-06-20T10:28:20.652+0000] {processor.py:208} INFO - Processing /opt/airflow/dags/full_pipeline.py took 2.481 seconds
[2026-06-20T10:28:51.071+0000] {processor.py:186} INFO - Started process (PID=1881) to work on /opt/airflow/dags/full_pipeline.py
[2026-06-20T10:28:51.072+0000] {processor.py:914} INFO - Processing file /opt/airflow/dags/full_pipeline.py for tasks to queue
[2026-06-20T10:28:51.073+0000] {logging_mixin.py:190} INFO - [2026-06-20T10:28:51.073+0000] {dagbag.py:588} INFO - Filling up the DagBag from /opt/airflow/dags/full_pipeline.py
[2026-06-20T10:28:53.076+0000] {processor.py:925} INFO - DAG(s) 'ml_pipeline_with_mlflow' retrieved from /opt/airflow/dags/full_pipeline.py
[2026-06-20T10:28:53.242+0000] {logging_mixin.py:190} INFO - [2026-06-20T10:28:53.241+0000] {dag.py:3239} INFO - Sync 1 DAGs
[2026-06-20T10:28:53.277+0000] {logging_mixin.py:190} INFO - [2026-06-20T10:28:53.277+0000] {dag.py:4180} INFO - Setting next_dagrun for ml_pipeline_with_mlflow to 2026-06-19 00:00:00+00:00, run_after=2026-06-20 00:00:00+00:00
[2026-06-20T10:28:53.302+0000] {processor.py:208} INFO - Processing /opt/airflow/dags/full_pipeline.py took 2.241 seconds
[2026-06-20T10:29:23.614+0000] {processor.py:186} INFO - Started process (PID=1914) to work on /opt/airflow/dags/full_pipeline.py
[2026-06-20T10:29:23.616+0000] {processor.py:914} INFO - Processing file /opt/airflow/dags/full_pipeline.py for tasks to queue
[2026-06-20T10:29:23.618+0000] {logging_mixin.py:190} INFO - [2026-06-20T10:29:23.617+0000] {dagbag.py:588} INFO - Filling up the DagBag from /opt/airflow/dags/full_pipeline.py
[2026-06-20T10:29:25.830+0000] {processor.py:925} INFO - DAG(s) 'ml_pipeline_with_mlflow' retrieved from /opt/airflow/dags/full_pipeline.py
[2026-06-20T10:29:25.865+0000] {logging_mixin.py:190} INFO - [2026-06-20T10:29:25.865+0000] {dag.py:3239} INFO - Sync 1 DAGs
[2026-06-20T10:29:25.897+0000] {logging_mixin.py:190} INFO - [2026-06-20T10:29:25.897+0000] {dag.py:4180} INFO - Setting next_dagrun for ml_pipeline_with_mlflow to 2026-06-19 00:00:00+00:00, run_after=2026-06-20 00:00:00+00:00
[2026-06-20T10:29:25.925+0000] {processor.py:208} INFO - Processing /opt/airflow/dags/full_pipeline.py took 2.320 seconds
[2026-06-20T10:29:56.495+0000] {processor.py:186} INFO - Started process (PID=1947) to work on /opt/airflow/dags/full_pipeline.py
[2026-06-20T10:29:56.497+0000] {processor.py:914} INFO - Processing file /opt/airflow/dags/full_pipeline.py for tasks to queue
[2026-06-20T10:29:56.499+0000] {logging_mixin.py:190} INFO - [2026-06-20T10:29:56.498+0000] {dagbag.py:588} INFO - Filling up the DagBag from /opt/airflow/dags/full_pipeline.py
[2026-06-20T10:29:58.644+0000] {processor.py:925} INFO - DAG(s) 'ml_pipeline_with_mlflow' retrieved from /opt/airflow/dags/full_pipeline.py
[2026-06-20T10:29:58.680+0000] {logging_mixin.py:190} INFO - [2026-06-20T10:29:58.680+0000] {dag.py:3239} INFO - Sync 1 DAGs
[2026-06-20T10:29:58.711+0000] {logging_mixin.py:190} INFO - [2026-06-20T10:29:58.710+0000] {dag.py:4180} INFO - Setting next_dagrun for ml_pipeline_with_mlflow to 2026-06-19 00:00:00+00:00, run_after=2026-06-20 00:00:00+00:00
[2026-06-20T10:29:58.739+0000] {processor.py:208} INFO - Processing /opt/airflow/dags/full_pipeline.py took 2.254 seconds
[2026-06-20T10:30:29.425+0000] {processor.py:186} INFO - Started process (PID=1980) to work on /opt/airflow/dags/full_pipeline.py
[2026-06-20T10:30:29.427+0000] {processor.py:914} INFO - Processing file /opt/airflow/dags/full_pipeline.py for tasks to queue
[2026-06-20T10:30:29.430+0000] {logging_mixin.py:190} INFO - [2026-06-20T10:30:29.429+0000] {dagbag.py:588} INFO - Filling up the DagBag from /opt/airflow/dags/full_pipeline.py
[2026-06-20T10:30:31.662+0000] {processor.py:925} INFO - DAG(s) 'ml_pipeline_with_mlflow' retrieved from /opt/airflow/dags/full_pipeline.py
[2026-06-20T10:30:31.701+0000] {logging_mixin.py:190} INFO - [2026-06-20T10:30:31.700+0000] {dag.py:3239} INFO - Sync 1 DAGs
[2026-06-20T10:30:31.738+0000] {logging_mixin.py:190} INFO - [2026-06-20T10:30:31.737+0000] {dag.py:4180} INFO - Setting next_dagrun for ml_pipeline_with_mlflow to 2026-06-19 00:00:00+00:00, run_after=2026-06-20 00:00:00+00:00
[2026-06-20T10:30:31.766+0000] {processor.py:208} INFO - Processing /opt/airflow/dags/full_pipeline.py took 2.352 seconds
[2026-06-20T10:31:02.725+0000] {processor.py:186} INFO - Started process (PID=2013) to work on /opt/airflow/dags/full_pipeline.py
[2026-06-20T10:31:02.726+0000] {processor.py:914} INFO - Processing file /opt/airflow/dags/full_pipeline.py for tasks to queue
[2026-06-20T10:31:02.728+0000] {logging_mixin.py:190} INFO - [2026-06-20T10:31:02.728+0000] {dagbag.py:588} INFO - Filling up the DagBag from /opt/airflow/dags/full_pipeline.py
[2026-06-20T10:31:04.897+0000] {processor.py:925} INFO - DAG(s) 'ml_pipeline_with_mlflow' retrieved from /opt/airflow/dags/full_pipeline.py
[2026-06-20T10:31:04.934+0000] {logging_mixin.py:190} INFO - [2026-06-20T10:31:04.933+0000] {dag.py:3239} INFO - Sync 1 DAGs
[2026-06-20T10:31:04.966+0000] {logging_mixin.py:190} INFO - [2026-06-20T10:31:04.966+0000] {dag.py:4180} INFO - Setting next_dagrun for ml_pipeline_with_mlflow to 2026-06-19 00:00:00+00:00, run_after=2026-06-20 00:00:00+00:00
[2026-06-20T10:31:04.996+0000] {processor.py:208} INFO - Processing /opt/airflow/dags/full_pipeline.py took 2.282 seconds
[2026-06-20T10:31:35.162+0000] {processor.py:186} INFO - Started process (PID=2046) to work on /opt/airflow/dags/full_pipeline.py
[2026-06-20T10:31:35.163+0000] {processor.py:914} INFO - Processing file /opt/airflow/dags/full_pipeline.py for tasks to queue
[2026-06-20T10:31:35.166+0000] {logging_mixin.py:190} INFO - [2026-06-20T10:31:35.166+0000] {dagbag.py:588} INFO - Filling up the DagBag from /opt/airflow/dags/full_pipeline.py
[2026-06-20T10:31:37.731+0000] {processor.py:925} INFO - DAG(s) 'ml_pipeline_with_mlflow' retrieved from /opt/airflow/dags/full_pipeline.py
[2026-06-20T10:31:37.768+0000] {logging_mixin.py:190} INFO - [2026-06-20T10:31:37.767+0000] {dag.py:3239} INFO - Sync 1 DAGs
[2026-06-20T10:31:37.797+0000] {logging_mixin.py:190} INFO - [2026-06-20T10:31:37.797+0000] {dag.py:4180} INFO - Setting next_dagrun for ml_pipeline_with_mlflow to 2026-06-19 00:00:00+00:00, run_after=2026-06-20 00:00:00+00:00
[2026-06-20T10:31:37.825+0000] {processor.py:208} INFO - Processing /opt/airflow/dags/full_pipeline.py took 2.672 seconds
[2026-06-20T10:32:08.010+0000] {processor.py:186} INFO - Started process (PID=2079) to work on /opt/airflow/dags/full_pipeline.py
[2026-06-20T10:32:08.011+0000] {processor.py:914} INFO - Processing file /opt/airflow/dags/full_pipeline.py for tasks to queue
[2026-06-20T10:32:08.013+0000] {logging_mixin.py:190} INFO - [2026-06-20T10:32:08.013+0000] {dagbag.py:588} INFO - Filling up the DagBag from /opt/airflow/dags/full_pipeline.py
[2026-06-20T10:32:10.297+0000] {processor.py:925} INFO - DAG(s) 'ml_pipeline_with_mlflow' retrieved from /opt/airflow/dags/full_pipeline.py
[2026-06-20T10:32:10.337+0000] {logging_mixin.py:190} INFO - [2026-06-20T10:32:10.337+0000] {dag.py:3239} INFO - Sync 1 DAGs
[2026-06-20T10:32:10.369+0000] {logging_mixin.py:190} INFO - [2026-06-20T10:32:10.369+0000] {dag.py:4180} INFO - Setting next_dagrun for ml_pipeline_with_mlflow to 2026-06-19 00:00:00+00:00, run_after=2026-06-20 00:00:00+00:00
[2026-06-20T10:32:10.397+0000] {processor.py:208} INFO - Processing /opt/airflow/dags/full_pipeline.py took 2.273 seconds
[2026-06-20T10:32:41.072+0000] {processor.py:186} INFO - Started process (PID=2113) to work on /opt/airflow/dags/full_pipeline.py
[2026-06-20T10:32:41.074+0000] {processor.py:914} INFO - Processing file /opt/airflow/dags/full_pipeline.py for tasks to queue
[2026-06-20T10:32:41.076+0000] {logging_mixin.py:190} INFO - [2026-06-20T10:32:41.075+0000] {dagbag.py:588} INFO - Filling up the DagBag from /opt/airflow/dags/full_pipeline.py
[2026-06-20T10:32:43.071+0000] {processor.py:925} INFO - DAG(s) 'ml_pipeline_with_mlflow' retrieved from /opt/airflow/dags/full_pipeline.py
[2026-06-20T10:32:43.107+0000] {logging_mixin.py:190} INFO - [2026-06-20T10:32:43.107+0000] {dag.py:3239} INFO - Sync 1 DAGs
[2026-06-20T10:32:43.138+0000] {logging_mixin.py:190} INFO - [2026-06-20T10:32:43.138+0000] {dag.py:4180} INFO - Setting next_dagrun for ml_pipeline_with_mlflow to 2026-06-19 00:00:00+00:00, run_after=2026-06-20 00:00:00+00:00
[2026-06-20T10:32:43.164+0000] {processor.py:208} INFO - Processing /opt/airflow/dags/full_pipeline.py took 2.101 seconds
[2026-06-20T10:33:14.035+0000] {processor.py:186} INFO - Started process (PID=2146) to work on /opt/airflow/dags/full_pipeline.py
[2026-06-20T10:33:14.036+0000] {processor.py:914} INFO - Processing file /opt/airflow/dags/full_pipeline.py for tasks to queue
[2026-06-20T10:33:14.038+0000] {logging_mixin.py:190} INFO - [2026-06-20T10:33:14.038+0000] {dagbag.py:588} INFO - Filling up the DagBag from /opt/airflow/dags/full_pipeline.py
[2026-06-20T10:33:16.129+0000] {processor.py:925} INFO - DAG(s) 'ml_pipeline_with_mlflow' retrieved from /opt/airflow/dags/full_pipeline.py
[2026-06-20T10:33:16.168+0000] {logging_mixin.py:190} INFO - [2026-06-20T10:33:16.167+0000] {dag.py:3239} INFO - Sync 1 DAGs
[2026-06-20T10:33:16.198+0000] {logging_mixin.py:190} INFO - [2026-06-20T10:33:16.198+0000] {dag.py:4180} INFO - Setting next_dagrun for ml_pipeline_with_mlflow to 2026-06-19 00:00:00+00:00, run_after=2026-06-20 00:00:00+00:00
[2026-06-20T10:33:16.227+0000] {processor.py:208} INFO - Processing /opt/airflow/dags/full_pipeline.py took 2.201 seconds
[2026-06-20T10:33:46.604+0000] {processor.py:186} INFO - Started process (PID=2179) to work on /opt/airflow/dags/full_pipeline.py
[2026-06-20T10:33:46.605+0000] {processor.py:914} INFO - Processing file /opt/airflow/dags/full_pipeline.py for tasks to queue
[2026-06-20T10:33:46.607+0000] {logging_mixin.py:190} INFO - [2026-06-20T10:33:46.606+0000] {dagbag.py:588} INFO - Filling up the DagBag from /opt/airflow/dags/full_pipeline.py
[2026-06-20T10:33:49.083+0000] {processor.py:925} INFO - DAG(s) 'ml_pipeline_with_mlflow' retrieved from /opt/airflow/dags/full_pipeline.py
[2026-06-20T10:33:49.122+0000] {logging_mixin.py:190} INFO - [2026-06-20T10:33:49.121+0000] {dag.py:3239} INFO - Sync 1 DAGs
[2026-06-20T10:33:49.153+0000] {logging_mixin.py:190} INFO - [2026-06-20T10:33:49.152+0000] {dag.py:4180} INFO - Setting next_dagrun for ml_pipeline_with_mlflow to 2026-06-19 00:00:00+00:00, run_after=2026-06-20 00:00:00+00:00
[2026-06-20T10:33:49.186+0000] {processor.py:208} INFO - Processing /opt/airflow/dags/full_pipeline.py took 2.592 seconds
[2026-06-20T10:34:19.311+0000] {processor.py:186} INFO - Started process (PID=2212) to work on /opt/airflow/dags/full_pipeline.py
[2026-06-20T10:34:19.312+0000] {processor.py:914} INFO - Processing file /opt/airflow/dags/full_pipeline.py for tasks to queue
[2026-06-20T10:34:19.315+0000] {logging_mixin.py:190} INFO - [2026-06-20T10:34:19.314+0000] {dagbag.py:588} INFO - Filling up the DagBag from /opt/airflow/dags/full_pipeline.py
[2026-06-20T10:34:22.560+0000] {processor.py:925} INFO - DAG(s) 'ml_pipeline_with_mlflow' retrieved from /opt/airflow/dags/full_pipeline.py
[2026-06-20T10:34:22.616+0000] {logging_mixin.py:190} INFO - [2026-06-20T10:34:22.616+0000] {dag.py:3239} INFO - Sync 1 DAGs
[2026-06-20T10:34:22.655+0000] {logging_mixin.py:190} INFO - [2026-06-20T10:34:22.654+0000] {dag.py:4180} INFO - Setting next_dagrun for ml_pipeline_with_mlflow to 2026-06-19 00:00:00+00:00, run_after=2026-06-20 00:00:00+00:00
[2026-06-20T10:34:22.689+0000] {processor.py:208} INFO - Processing /opt/airflow/dags/full_pipeline.py took 3.397 seconds
[2026-06-20T10:34:53.109+0000] {processor.py:186} INFO - Started process (PID=2245) to work on /opt/airflow/dags/full_pipeline.py
[2026-06-20T10:34:53.110+0000] {processor.py:914} INFO - Processing file /opt/airflow/dags/full_pipeline.py for tasks to queue
[2026-06-20T10:34:53.112+0000] {logging_mixin.py:190} INFO - [2026-06-20T10:34:53.112+0000] {dagbag.py:588} INFO - Filling up the DagBag from /opt/airflow/dags/full_pipeline.py
[2026-06-20T10:34:55.687+0000] {processor.py:925} INFO - DAG(s) 'ml_pipeline_with_mlflow' retrieved from /opt/airflow/dags/full_pipeline.py
[2026-06-20T10:34:55.725+0000] {logging_mixin.py:190} INFO - [2026-06-20T10:34:55.724+0000] {dag.py:3239} INFO - Sync 1 DAGs
[2026-06-20T10:34:55.759+0000] {logging_mixin.py:190} INFO - [2026-06-20T10:34:55.759+0000] {dag.py:4180} INFO - Setting next_dagrun for ml_pipeline_with_mlflow to 2026-06-19 00:00:00+00:00, run_after=2026-06-20 00:00:00+00:00
[2026-06-20T10:34:55.792+0000] {processor.py:208} INFO - Processing /opt/airflow/dags/full_pipeline.py took 2.693 seconds
[2026-06-20T10:35:25.900+0000] {processor.py:186} INFO - Started process (PID=2278) to work on /opt/airflow/dags/full_pipeline.py
[2026-06-20T10:35:25.901+0000] {processor.py:914} INFO - Processing file /opt/airflow/dags/full_pipeline.py for tasks to queue
[2026-06-20T10:35:25.904+0000] {logging_mixin.py:190} INFO - [2026-06-20T10:35:25.904+0000] {dagbag.py:588} INFO - Filling up the DagBag from /opt/airflow/dags/full_pipeline.py
[2026-06-20T10:35:28.399+0000] {processor.py:925} INFO - DAG(s) 'ml_pipeline_with_mlflow' retrieved from /opt/airflow/dags/full_pipeline.py
[2026-06-20T10:35:28.439+0000] {logging_mixin.py:190} INFO - [2026-06-20T10:35:28.437+0000] {dag.py:3239} INFO - Sync 1 DAGs
[2026-06-20T10:35:28.476+0000] {logging_mixin.py:190} INFO - [2026-06-20T10:35:28.475+0000] {dag.py:4180} INFO - Setting next_dagrun for ml_pipeline_with_mlflow to 2026-06-19 00:00:00+00:00, run_after=2026-06-20 00:00:00+00:00
[2026-06-20T10:35:28.502+0000] {processor.py:208} INFO - Processing /opt/airflow/dags/full_pipeline.py took 2.616 seconds
[2026-06-20T10:35:58.858+0000] {processor.py:186} INFO - Started process (PID=2311) to work on /opt/airflow/dags/full_pipeline.py
[2026-06-20T10:35:58.859+0000] {processor.py:914} INFO - Processing file /opt/airflow/dags/full_pipeline.py for tasks to queue
[2026-06-20T10:35:58.861+0000] {logging_mixin.py:190} INFO - [2026-06-20T10:35:58.861+0000] {dagbag.py:588} INFO - Filling up the DagBag from /opt/airflow/dags/full_pipeline.py
[2026-06-20T10:36:01.666+0000] {processor.py:925} INFO - DAG(s) 'ml_pipeline_with_mlflow' retrieved from /opt/airflow/dags/full_pipeline.py
[2026-06-20T10:36:01.705+0000] {logging_mixin.py:190} INFO - [2026-06-20T10:36:01.704+0000] {dag.py:3239} INFO - Sync 1 DAGs
[2026-06-20T10:36:01.739+0000] {logging_mixin.py:190} INFO - [2026-06-20T10:36:01.738+0000] {dag.py:4180} INFO - Setting next_dagrun for ml_pipeline_with_mlflow to 2026-06-19 00:00:00+00:00, run_after=2026-06-20 00:00:00+00:00
[2026-06-20T10:36:01.766+0000] {processor.py:208} INFO - Processing /opt/airflow/dags/full_pipeline.py took 2.918 seconds
[2026-06-20T10:36:32.108+0000] {processor.py:186} INFO - Started process (PID=2337) to work on /opt/airflow/dags/full_pipeline.py
[2026-06-20T10:36:32.109+0000] {processor.py:914} INFO - Processing file /opt/airflow/dags/full_pipeline.py for tasks to queue
[2026-06-20T10:36:32.111+0000] {logging_mixin.py:190} INFO - [2026-06-20T10:36:32.111+0000] {dagbag.py:588} INFO - Filling up the DagBag from /opt/airflow/dags/full_pipeline.py
[2026-06-20T10:36:34.595+0000] {processor.py:925} INFO - DAG(s) 'ml_pipeline_with_mlflow' retrieved from /opt/airflow/dags/full_pipeline.py
[2026-06-20T10:36:34.635+0000] {logging_mixin.py:190} INFO - [2026-06-20T10:36:34.634+0000] {dag.py:3239} INFO - Sync 1 DAGs
[2026-06-20T10:36:34.672+0000] {logging_mixin.py:190} INFO - [2026-06-20T10:36:34.671+0000] {dag.py:4180} INFO - Setting next_dagrun for ml_pipeline_with_mlflow to 2026-06-19 00:00:00+00:00, run_after=2026-06-20 00:00:00+00:00
[2026-06-20T10:36:34.706+0000] {processor.py:208} INFO - Processing /opt/airflow/dags/full_pipeline.py took 2.607 seconds
