[2026-06-20T10:00:19.118+0000] {processor.py:186} INFO - Started process (PID=185) to work on /opt/airflow/dags/simple_pipeline.py
[2026-06-20T10:00:19.119+0000] {processor.py:914} INFO - Processing file /opt/airflow/dags/simple_pipeline.py for tasks to queue
[2026-06-20T10:00:19.123+0000] {logging_mixin.py:190} INFO - [2026-06-20T10:00:19.122+0000] {dagbag.py:588} INFO - Filling up the DagBag from /opt/airflow/dags/simple_pipeline.py
[2026-06-20T10:00:24.217+0000] {processor.py:925} INFO - DAG(s) 'simple_mlflow_experiment' retrieved from /opt/airflow/dags/simple_pipeline.py
[2026-06-20T10:00:24.256+0000] {logging_mixin.py:190} INFO - [2026-06-20T10:00:24.255+0000] {dag.py:3239} INFO - Sync 1 DAGs
[2026-06-20T10:00:24.295+0000] {logging_mixin.py:190} INFO - [2026-06-20T10:00:24.295+0000] {dag.py:4180} INFO - Setting next_dagrun for simple_mlflow_experiment to 2026-06-19 00:00:00+00:00, run_after=2026-06-20 00:00:00+00:00
[2026-06-20T10:00:24.355+0000] {processor.py:208} INFO - Processing /opt/airflow/dags/simple_pipeline.py took 5.251 seconds
[2026-06-20T10:00:54.952+0000] {processor.py:186} INFO - Started process (PID=211) to work on /opt/airflow/dags/simple_pipeline.py
[2026-06-20T10:00:54.953+0000] {processor.py:914} INFO - Processing file /opt/airflow/dags/simple_pipeline.py for tasks to queue
[2026-06-20T10:00:54.954+0000] {logging_mixin.py:190} INFO - [2026-06-20T10:00:54.954+0000] {dagbag.py:588} INFO - Filling up the DagBag from /opt/airflow/dags/simple_pipeline.py
[2026-06-20T10:00:58.387+0000] {processor.py:925} INFO - DAG(s) 'simple_mlflow_experiment' retrieved from /opt/airflow/dags/simple_pipeline.py
[2026-06-20T10:00:58.432+0000] {logging_mixin.py:190} INFO - [2026-06-20T10:00:58.431+0000] {dag.py:3239} INFO - Sync 1 DAGs
[2026-06-20T10:00:58.465+0000] {logging_mixin.py:190} INFO - [2026-06-20T10:00:58.465+0000] {dag.py:4180} INFO - Setting next_dagrun for simple_mlflow_experiment to 2026-06-19 00:00:00+00:00, run_after=2026-06-20 00:00:00+00:00
[2026-06-20T10:00:58.493+0000] {processor.py:208} INFO - Processing /opt/airflow/dags/simple_pipeline.py took 3.550 seconds
[2026-06-20T10:01:28.962+0000] {processor.py:186} INFO - Started process (PID=244) to work on /opt/airflow/dags/simple_pipeline.py
[2026-06-20T10:01:28.963+0000] {processor.py:914} INFO - Processing file /opt/airflow/dags/simple_pipeline.py for tasks to queue
[2026-06-20T10:01:28.966+0000] {logging_mixin.py:190} INFO - [2026-06-20T10:01:28.965+0000] {dagbag.py:588} INFO - Filling up the DagBag from /opt/airflow/dags/simple_pipeline.py
[2026-06-20T10:01:31.241+0000] {processor.py:925} INFO - DAG(s) 'simple_mlflow_experiment' retrieved from /opt/airflow/dags/simple_pipeline.py
[2026-06-20T10:01:31.277+0000] {logging_mixin.py:190} INFO - [2026-06-20T10:01:31.277+0000] {dag.py:3239} INFO - Sync 1 DAGs
[2026-06-20T10:01:31.312+0000] {logging_mixin.py:190} INFO - [2026-06-20T10:01:31.312+0000] {dag.py:4180} INFO - Setting next_dagrun for simple_mlflow_experiment to 2026-06-19 00:00:00+00:00, run_after=2026-06-20 00:00:00+00:00
[2026-06-20T10:01:31.347+0000] {processor.py:208} INFO - Processing /opt/airflow/dags/simple_pipeline.py took 2.403 seconds
[2026-06-20T10:02:01.483+0000] {processor.py:186} INFO - Started process (PID=280) to work on /opt/airflow/dags/simple_pipeline.py
[2026-06-20T10:02:01.484+0000] {processor.py:914} INFO - Processing file /opt/airflow/dags/simple_pipeline.py for tasks to queue
[2026-06-20T10:02:01.486+0000] {logging_mixin.py:190} INFO - [2026-06-20T10:02:01.486+0000] {dagbag.py:588} INFO - Filling up the DagBag from /opt/airflow/dags/simple_pipeline.py
[2026-06-20T10:02:03.672+0000] {processor.py:925} INFO - DAG(s) 'simple_mlflow_experiment' retrieved from /opt/airflow/dags/simple_pipeline.py
[2026-06-20T10:02:03.704+0000] {logging_mixin.py:190} INFO - [2026-06-20T10:02:03.703+0000] {dag.py:3239} INFO - Sync 1 DAGs
[2026-06-20T10:02:03.737+0000] {logging_mixin.py:190} INFO - [2026-06-20T10:02:03.737+0000] {dag.py:4180} INFO - Setting next_dagrun for simple_mlflow_experiment to 2026-06-19 00:00:00+00:00, run_after=2026-06-20 00:00:00+00:00
[2026-06-20T10:02:03.763+0000] {processor.py:208} INFO - Processing /opt/airflow/dags/simple_pipeline.py took 2.289 seconds
[2026-06-20T10:02:33.970+0000] {processor.py:186} INFO - Started process (PID=310) to work on /opt/airflow/dags/simple_pipeline.py
[2026-06-20T10:02:33.972+0000] {processor.py:914} INFO - Processing file /opt/airflow/dags/simple_pipeline.py for tasks to queue
[2026-06-20T10:02:33.974+0000] {logging_mixin.py:190} INFO - [2026-06-20T10:02:33.973+0000] {dagbag.py:588} INFO - Filling up the DagBag from /opt/airflow/dags/simple_pipeline.py
[2026-06-20T10:02:36.115+0000] {processor.py:925} INFO - DAG(s) 'simple_mlflow_experiment' retrieved from /opt/airflow/dags/simple_pipeline.py
[2026-06-20T10:02:36.163+0000] {logging_mixin.py:190} INFO - [2026-06-20T10:02:36.162+0000] {dag.py:3239} INFO - Sync 1 DAGs
[2026-06-20T10:02:36.214+0000] {logging_mixin.py:190} INFO - [2026-06-20T10:02:36.213+0000] {dag.py:4180} INFO - Setting next_dagrun for simple_mlflow_experiment to 2026-06-19 00:00:00+00:00, run_after=2026-06-20 00:00:00+00:00
[2026-06-20T10:02:36.260+0000] {processor.py:208} INFO - Processing /opt/airflow/dags/simple_pipeline.py took 2.299 seconds
[2026-06-20T10:03:07.096+0000] {processor.py:186} INFO - Started process (PID=344) to work on /opt/airflow/dags/simple_pipeline.py
[2026-06-20T10:03:07.097+0000] {processor.py:914} INFO - Processing file /opt/airflow/dags/simple_pipeline.py for tasks to queue
[2026-06-20T10:03:07.100+0000] {logging_mixin.py:190} INFO - [2026-06-20T10:03:07.099+0000] {dagbag.py:588} INFO - Filling up the DagBag from /opt/airflow/dags/simple_pipeline.py
[2026-06-20T10:03:09.291+0000] {processor.py:925} INFO - DAG(s) 'simple_mlflow_experiment' retrieved from /opt/airflow/dags/simple_pipeline.py
[2026-06-20T10:03:09.319+0000] {logging_mixin.py:190} INFO - [2026-06-20T10:03:09.318+0000] {dag.py:3239} INFO - Sync 1 DAGs
[2026-06-20T10:03:09.350+0000] {logging_mixin.py:190} INFO - [2026-06-20T10:03:09.349+0000] {dag.py:4180} INFO - Setting next_dagrun for simple_mlflow_experiment to 2026-06-19 00:00:00+00:00, run_after=2026-06-20 00:00:00+00:00
[2026-06-20T10:03:09.375+0000] {processor.py:208} INFO - Processing /opt/airflow/dags/simple_pipeline.py took 2.289 seconds
[2026-06-20T10:03:39.563+0000] {processor.py:186} INFO - Started process (PID=377) to work on /opt/airflow/dags/simple_pipeline.py
[2026-06-20T10:03:39.564+0000] {processor.py:914} INFO - Processing file /opt/airflow/dags/simple_pipeline.py for tasks to queue
[2026-06-20T10:03:39.567+0000] {logging_mixin.py:190} INFO - [2026-06-20T10:03:39.566+0000] {dagbag.py:588} INFO - Filling up the DagBag from /opt/airflow/dags/simple_pipeline.py
[2026-06-20T10:03:41.751+0000] {processor.py:925} INFO - DAG(s) 'simple_mlflow_experiment' retrieved from /opt/airflow/dags/simple_pipeline.py
[2026-06-20T10:03:41.785+0000] {logging_mixin.py:190} INFO - [2026-06-20T10:03:41.784+0000] {dag.py:3239} INFO - Sync 1 DAGs
[2026-06-20T10:03:41.817+0000] {logging_mixin.py:190} INFO - [2026-06-20T10:03:41.817+0000] {dag.py:4180} INFO - Setting next_dagrun for simple_mlflow_experiment to 2026-06-19 00:00:00+00:00, run_after=2026-06-20 00:00:00+00:00
[2026-06-20T10:03:41.847+0000] {processor.py:208} INFO - Processing /opt/airflow/dags/simple_pipeline.py took 2.293 seconds
[2026-06-20T10:04:12.598+0000] {processor.py:186} INFO - Started process (PID=410) to work on /opt/airflow/dags/simple_pipeline.py
[2026-06-20T10:04:12.599+0000] {processor.py:914} INFO - Processing file /opt/airflow/dags/simple_pipeline.py for tasks to queue
[2026-06-20T10:04:12.601+0000] {logging_mixin.py:190} INFO - [2026-06-20T10:04:12.601+0000] {dagbag.py:588} INFO - Filling up the DagBag from /opt/airflow/dags/simple_pipeline.py
[2026-06-20T10:04:14.782+0000] {processor.py:925} INFO - DAG(s) 'simple_mlflow_experiment' retrieved from /opt/airflow/dags/simple_pipeline.py
[2026-06-20T10:04:14.814+0000] {logging_mixin.py:190} INFO - [2026-06-20T10:04:14.814+0000] {dag.py:3239} INFO - Sync 1 DAGs
[2026-06-20T10:04:14.846+0000] {logging_mixin.py:190} INFO - [2026-06-20T10:04:14.845+0000] {dag.py:4180} INFO - Setting next_dagrun for simple_mlflow_experiment to 2026-06-19 00:00:00+00:00, run_after=2026-06-20 00:00:00+00:00
[2026-06-20T10:04:14.871+0000] {processor.py:208} INFO - Processing /opt/airflow/dags/simple_pipeline.py took 2.282 seconds
[2026-06-20T10:04:45.718+0000] {processor.py:186} INFO - Started process (PID=443) to work on /opt/airflow/dags/simple_pipeline.py
[2026-06-20T10:04:45.719+0000] {processor.py:914} INFO - Processing file /opt/airflow/dags/simple_pipeline.py for tasks to queue
[2026-06-20T10:04:45.721+0000] {logging_mixin.py:190} INFO - [2026-06-20T10:04:45.721+0000] {dagbag.py:588} INFO - Filling up the DagBag from /opt/airflow/dags/simple_pipeline.py
[2026-06-20T10:04:48.078+0000] {processor.py:925} INFO - DAG(s) 'simple_mlflow_experiment' retrieved from /opt/airflow/dags/simple_pipeline.py
[2026-06-20T10:04:48.111+0000] {logging_mixin.py:190} INFO - [2026-06-20T10:04:48.110+0000] {dag.py:3239} INFO - Sync 1 DAGs
[2026-06-20T10:04:48.143+0000] {logging_mixin.py:190} INFO - [2026-06-20T10:04:48.142+0000] {dag.py:4180} INFO - Setting next_dagrun for simple_mlflow_experiment to 2026-06-19 00:00:00+00:00, run_after=2026-06-20 00:00:00+00:00
[2026-06-20T10:04:48.171+0000] {processor.py:208} INFO - Processing /opt/airflow/dags/simple_pipeline.py took 2.462 seconds
[2026-06-20T10:05:19.296+0000] {processor.py:186} INFO - Started process (PID=476) to work on /opt/airflow/dags/simple_pipeline.py
[2026-06-20T10:05:19.297+0000] {processor.py:914} INFO - Processing file /opt/airflow/dags/simple_pipeline.py for tasks to queue
[2026-06-20T10:05:19.299+0000] {logging_mixin.py:190} INFO - [2026-06-20T10:05:19.299+0000] {dagbag.py:588} INFO - Filling up the DagBag from /opt/airflow/dags/simple_pipeline.py
[2026-06-20T10:05:21.659+0000] {processor.py:925} INFO - DAG(s) 'simple_mlflow_experiment' retrieved from /opt/airflow/dags/simple_pipeline.py
[2026-06-20T10:05:21.693+0000] {logging_mixin.py:190} INFO - [2026-06-20T10:05:21.692+0000] {dag.py:3239} INFO - Sync 1 DAGs
[2026-06-20T10:05:21.725+0000] {logging_mixin.py:190} INFO - [2026-06-20T10:05:21.725+0000] {dag.py:4180} INFO - Setting next_dagrun for simple_mlflow_experiment to 2026-06-19 00:00:00+00:00, run_after=2026-06-20 00:00:00+00:00
[2026-06-20T10:05:21.750+0000] {processor.py:208} INFO - Processing /opt/airflow/dags/simple_pipeline.py took 2.465 seconds
[2026-06-20T10:05:52.765+0000] {processor.py:186} INFO - Started process (PID=509) to work on /opt/airflow/dags/simple_pipeline.py
[2026-06-20T10:05:52.767+0000] {processor.py:914} INFO - Processing file /opt/airflow/dags/simple_pipeline.py for tasks to queue
[2026-06-20T10:05:52.769+0000] {logging_mixin.py:190} INFO - [2026-06-20T10:05:52.768+0000] {dagbag.py:588} INFO - Filling up the DagBag from /opt/airflow/dags/simple_pipeline.py
[2026-06-20T10:05:55.137+0000] {processor.py:925} INFO - DAG(s) 'simple_mlflow_experiment' retrieved from /opt/airflow/dags/simple_pipeline.py
[2026-06-20T10:05:55.166+0000] {logging_mixin.py:190} INFO - [2026-06-20T10:05:55.166+0000] {dag.py:3239} INFO - Sync 1 DAGs
[2026-06-20T10:05:55.197+0000] {logging_mixin.py:190} INFO - [2026-06-20T10:05:55.197+0000] {dag.py:4180} INFO - Setting next_dagrun for simple_mlflow_experiment to 2026-06-19 00:00:00+00:00, run_after=2026-06-20 00:00:00+00:00
[2026-06-20T10:05:55.225+0000] {processor.py:208} INFO - Processing /opt/airflow/dags/simple_pipeline.py took 2.469 seconds
[2026-06-20T10:06:25.613+0000] {processor.py:186} INFO - Started process (PID=542) to work on /opt/airflow/dags/simple_pipeline.py
[2026-06-20T10:06:25.614+0000] {processor.py:914} INFO - Processing file /opt/airflow/dags/simple_pipeline.py for tasks to queue
[2026-06-20T10:06:25.616+0000] {logging_mixin.py:190} INFO - [2026-06-20T10:06:25.615+0000] {dagbag.py:588} INFO - Filling up the DagBag from /opt/airflow/dags/simple_pipeline.py
[2026-06-20T10:06:27.857+0000] {processor.py:925} INFO - DAG(s) 'simple_mlflow_experiment' retrieved from /opt/airflow/dags/simple_pipeline.py
[2026-06-20T10:06:27.888+0000] {logging_mixin.py:190} INFO - [2026-06-20T10:06:27.887+0000] {dag.py:3239} INFO - Sync 1 DAGs
[2026-06-20T10:06:27.920+0000] {logging_mixin.py:190} INFO - [2026-06-20T10:06:27.920+0000] {dag.py:4180} INFO - Setting next_dagrun for simple_mlflow_experiment to 2026-06-19 00:00:00+00:00, run_after=2026-06-20 00:00:00+00:00
[2026-06-20T10:06:27.945+0000] {processor.py:208} INFO - Processing /opt/airflow/dags/simple_pipeline.py took 2.342 seconds
[2026-06-20T10:06:58.763+0000] {processor.py:186} INFO - Started process (PID=575) to work on /opt/airflow/dags/simple_pipeline.py
[2026-06-20T10:06:58.765+0000] {processor.py:914} INFO - Processing file /opt/airflow/dags/simple_pipeline.py for tasks to queue
[2026-06-20T10:06:58.767+0000] {logging_mixin.py:190} INFO - [2026-06-20T10:06:58.766+0000] {dagbag.py:588} INFO - Filling up the DagBag from /opt/airflow/dags/simple_pipeline.py
[2026-06-20T10:07:00.870+0000] {processor.py:925} INFO - DAG(s) 'simple_mlflow_experiment' retrieved from /opt/airflow/dags/simple_pipeline.py
[2026-06-20T10:07:00.903+0000] {logging_mixin.py:190} INFO - [2026-06-20T10:07:00.902+0000] {dag.py:3239} INFO - Sync 1 DAGs
[2026-06-20T10:07:00.935+0000] {logging_mixin.py:190} INFO - [2026-06-20T10:07:00.934+0000] {dag.py:4180} INFO - Setting next_dagrun for simple_mlflow_experiment to 2026-06-19 00:00:00+00:00, run_after=2026-06-20 00:00:00+00:00
[2026-06-20T10:07:00.960+0000] {processor.py:208} INFO - Processing /opt/airflow/dags/simple_pipeline.py took 2.206 seconds
[2026-06-20T10:07:31.496+0000] {processor.py:186} INFO - Started process (PID=608) to work on /opt/airflow/dags/simple_pipeline.py
[2026-06-20T10:07:31.498+0000] {processor.py:914} INFO - Processing file /opt/airflow/dags/simple_pipeline.py for tasks to queue
[2026-06-20T10:07:31.500+0000] {logging_mixin.py:190} INFO - [2026-06-20T10:07:31.499+0000] {dagbag.py:588} INFO - Filling up the DagBag from /opt/airflow/dags/simple_pipeline.py
[2026-06-20T10:07:33.557+0000] {processor.py:925} INFO - DAG(s) 'simple_mlflow_experiment' retrieved from /opt/airflow/dags/simple_pipeline.py
[2026-06-20T10:07:33.590+0000] {logging_mixin.py:190} INFO - [2026-06-20T10:07:33.589+0000] {dag.py:3239} INFO - Sync 1 DAGs
[2026-06-20T10:07:33.623+0000] {logging_mixin.py:190} INFO - [2026-06-20T10:07:33.623+0000] {dag.py:4180} INFO - Setting next_dagrun for simple_mlflow_experiment to 2026-06-19 00:00:00+00:00, run_after=2026-06-20 00:00:00+00:00
[2026-06-20T10:07:33.651+0000] {processor.py:208} INFO - Processing /opt/airflow/dags/simple_pipeline.py took 2.163 seconds
[2026-06-20T10:08:04.023+0000] {processor.py:186} INFO - Started process (PID=641) to work on /opt/airflow/dags/simple_pipeline.py
[2026-06-20T10:08:04.024+0000] {processor.py:914} INFO - Processing file /opt/airflow/dags/simple_pipeline.py for tasks to queue
[2026-06-20T10:08:04.026+0000] {logging_mixin.py:190} INFO - [2026-06-20T10:08:04.026+0000] {dagbag.py:588} INFO - Filling up the DagBag from /opt/airflow/dags/simple_pipeline.py
[2026-06-20T10:08:06.267+0000] {processor.py:925} INFO - DAG(s) 'simple_mlflow_experiment' retrieved from /opt/airflow/dags/simple_pipeline.py
[2026-06-20T10:08:06.325+0000] {logging_mixin.py:190} INFO - [2026-06-20T10:08:06.325+0000] {dag.py:3239} INFO - Sync 1 DAGs
[2026-06-20T10:08:06.365+0000] {logging_mixin.py:190} INFO - [2026-06-20T10:08:06.364+0000] {dag.py:4180} INFO - Setting next_dagrun for simple_mlflow_experiment to 2026-06-19 00:00:00+00:00, run_after=2026-06-20 00:00:00+00:00
[2026-06-20T10:08:06.389+0000] {processor.py:208} INFO - Processing /opt/airflow/dags/simple_pipeline.py took 2.375 seconds
[2026-06-20T10:08:36.763+0000] {processor.py:186} INFO - Started process (PID=674) to work on /opt/airflow/dags/simple_pipeline.py
[2026-06-20T10:08:36.764+0000] {processor.py:914} INFO - Processing file /opt/airflow/dags/simple_pipeline.py for tasks to queue
[2026-06-20T10:08:36.766+0000] {logging_mixin.py:190} INFO - [2026-06-20T10:08:36.765+0000] {dagbag.py:588} INFO - Filling up the DagBag from /opt/airflow/dags/simple_pipeline.py
[2026-06-20T10:08:39.018+0000] {processor.py:925} INFO - DAG(s) 'simple_mlflow_experiment' retrieved from /opt/airflow/dags/simple_pipeline.py
[2026-06-20T10:08:39.050+0000] {logging_mixin.py:190} INFO - [2026-06-20T10:08:39.049+0000] {dag.py:3239} INFO - Sync 1 DAGs
[2026-06-20T10:08:39.081+0000] {logging_mixin.py:190} INFO - [2026-06-20T10:08:39.080+0000] {dag.py:4180} INFO - Setting next_dagrun for simple_mlflow_experiment to 2026-06-19 00:00:00+00:00, run_after=2026-06-20 00:00:00+00:00
[2026-06-20T10:08:39.106+0000] {processor.py:208} INFO - Processing /opt/airflow/dags/simple_pipeline.py took 2.353 seconds
[2026-06-20T10:09:09.455+0000] {processor.py:186} INFO - Started process (PID=707) to work on /opt/airflow/dags/simple_pipeline.py
[2026-06-20T10:09:09.456+0000] {processor.py:914} INFO - Processing file /opt/airflow/dags/simple_pipeline.py for tasks to queue
[2026-06-20T10:09:09.459+0000] {logging_mixin.py:190} INFO - [2026-06-20T10:09:09.458+0000] {dagbag.py:588} INFO - Filling up the DagBag from /opt/airflow/dags/simple_pipeline.py
[2026-06-20T10:09:11.485+0000] {processor.py:925} INFO - DAG(s) 'simple_mlflow_experiment' retrieved from /opt/airflow/dags/simple_pipeline.py
[2026-06-20T10:09:11.518+0000] {logging_mixin.py:190} INFO - [2026-06-20T10:09:11.518+0000] {dag.py:3239} INFO - Sync 1 DAGs
[2026-06-20T10:09:11.551+0000] {logging_mixin.py:190} INFO - [2026-06-20T10:09:11.551+0000] {dag.py:4180} INFO - Setting next_dagrun for simple_mlflow_experiment to 2026-06-19 00:00:00+00:00, run_after=2026-06-20 00:00:00+00:00
[2026-06-20T10:09:11.578+0000] {processor.py:208} INFO - Processing /opt/airflow/dags/simple_pipeline.py took 2.132 seconds
[2026-06-20T10:09:42.357+0000] {processor.py:186} INFO - Started process (PID=740) to work on /opt/airflow/dags/simple_pipeline.py
[2026-06-20T10:09:42.358+0000] {processor.py:914} INFO - Processing file /opt/airflow/dags/simple_pipeline.py for tasks to queue
[2026-06-20T10:09:42.360+0000] {logging_mixin.py:190} INFO - [2026-06-20T10:09:42.359+0000] {dagbag.py:588} INFO - Filling up the DagBag from /opt/airflow/dags/simple_pipeline.py
[2026-06-20T10:09:44.489+0000] {processor.py:925} INFO - DAG(s) 'simple_mlflow_experiment' retrieved from /opt/airflow/dags/simple_pipeline.py
[2026-06-20T10:09:44.520+0000] {logging_mixin.py:190} INFO - [2026-06-20T10:09:44.520+0000] {dag.py:3239} INFO - Sync 1 DAGs
[2026-06-20T10:09:44.553+0000] {logging_mixin.py:190} INFO - [2026-06-20T10:09:44.553+0000] {dag.py:4180} INFO - Setting next_dagrun for simple_mlflow_experiment to 2026-06-19 00:00:00+00:00, run_after=2026-06-20 00:00:00+00:00
[2026-06-20T10:09:44.581+0000] {processor.py:208} INFO - Processing /opt/airflow/dags/simple_pipeline.py took 2.234 seconds
[2026-06-20T10:10:15.179+0000] {processor.py:186} INFO - Started process (PID=773) to work on /opt/airflow/dags/simple_pipeline.py
[2026-06-20T10:10:15.180+0000] {processor.py:914} INFO - Processing file /opt/airflow/dags/simple_pipeline.py for tasks to queue
[2026-06-20T10:10:15.182+0000] {logging_mixin.py:190} INFO - [2026-06-20T10:10:15.182+0000] {dagbag.py:588} INFO - Filling up the DagBag from /opt/airflow/dags/simple_pipeline.py
[2026-06-20T10:10:17.445+0000] {processor.py:925} INFO - DAG(s) 'simple_mlflow_experiment' retrieved from /opt/airflow/dags/simple_pipeline.py
[2026-06-20T10:10:17.484+0000] {logging_mixin.py:190} INFO - [2026-06-20T10:10:17.483+0000] {dag.py:3239} INFO - Sync 1 DAGs
[2026-06-20T10:10:17.523+0000] {logging_mixin.py:190} INFO - [2026-06-20T10:10:17.522+0000] {dag.py:4180} INFO - Setting next_dagrun for simple_mlflow_experiment to 2026-06-19 00:00:00+00:00, run_after=2026-06-20 00:00:00+00:00
[2026-06-20T10:10:17.556+0000] {processor.py:208} INFO - Processing /opt/airflow/dags/simple_pipeline.py took 2.385 seconds
[2026-06-20T10:10:47.758+0000] {processor.py:186} INFO - Started process (PID=806) to work on /opt/airflow/dags/simple_pipeline.py
[2026-06-20T10:10:47.759+0000] {processor.py:914} INFO - Processing file /opt/airflow/dags/simple_pipeline.py for tasks to queue
[2026-06-20T10:10:47.761+0000] {logging_mixin.py:190} INFO - [2026-06-20T10:10:47.760+0000] {dagbag.py:588} INFO - Filling up the DagBag from /opt/airflow/dags/simple_pipeline.py
[2026-06-20T10:10:49.889+0000] {processor.py:925} INFO - DAG(s) 'simple_mlflow_experiment' retrieved from /opt/airflow/dags/simple_pipeline.py
[2026-06-20T10:10:49.921+0000] {logging_mixin.py:190} INFO - [2026-06-20T10:10:49.921+0000] {dag.py:3239} INFO - Sync 1 DAGs
[2026-06-20T10:10:49.952+0000] {logging_mixin.py:190} INFO - [2026-06-20T10:10:49.952+0000] {dag.py:4180} INFO - Setting next_dagrun for simple_mlflow_experiment to 2026-06-19 00:00:00+00:00, run_after=2026-06-20 00:00:00+00:00
[2026-06-20T10:10:49.979+0000] {processor.py:208} INFO - Processing /opt/airflow/dags/simple_pipeline.py took 2.231 seconds
[2026-06-20T10:11:20.493+0000] {processor.py:186} INFO - Started process (PID=839) to work on /opt/airflow/dags/simple_pipeline.py
[2026-06-20T10:11:20.494+0000] {processor.py:914} INFO - Processing file /opt/airflow/dags/simple_pipeline.py for tasks to queue
[2026-06-20T10:11:20.496+0000] {logging_mixin.py:190} INFO - [2026-06-20T10:11:20.496+0000] {dagbag.py:588} INFO - Filling up the DagBag from /opt/airflow/dags/simple_pipeline.py
[2026-06-20T10:11:22.328+0000] {processor.py:925} INFO - DAG(s) 'simple_mlflow_experiment' retrieved from /opt/airflow/dags/simple_pipeline.py
[2026-06-20T10:11:22.360+0000] {logging_mixin.py:190} INFO - [2026-06-20T10:11:22.359+0000] {dag.py:3239} INFO - Sync 1 DAGs
[2026-06-20T10:11:22.392+0000] {logging_mixin.py:190} INFO - [2026-06-20T10:11:22.392+0000] {dag.py:4180} INFO - Setting next_dagrun for simple_mlflow_experiment to 2026-06-19 00:00:00+00:00, run_after=2026-06-20 00:00:00+00:00
[2026-06-20T10:11:22.419+0000] {processor.py:208} INFO - Processing /opt/airflow/dags/simple_pipeline.py took 2.108 seconds
[2026-06-20T10:11:53.048+0000] {processor.py:186} INFO - Started process (PID=872) to work on /opt/airflow/dags/simple_pipeline.py
[2026-06-20T10:11:53.049+0000] {processor.py:914} INFO - Processing file /opt/airflow/dags/simple_pipeline.py for tasks to queue
[2026-06-20T10:11:53.052+0000] {logging_mixin.py:190} INFO - [2026-06-20T10:11:53.051+0000] {dagbag.py:588} INFO - Filling up the DagBag from /opt/airflow/dags/simple_pipeline.py
[2026-06-20T10:11:55.263+0000] {processor.py:925} INFO - DAG(s) 'simple_mlflow_experiment' retrieved from /opt/airflow/dags/simple_pipeline.py
[2026-06-20T10:11:55.295+0000] {logging_mixin.py:190} INFO - [2026-06-20T10:11:55.295+0000] {dag.py:3239} INFO - Sync 1 DAGs
[2026-06-20T10:11:55.326+0000] {logging_mixin.py:190} INFO - [2026-06-20T10:11:55.326+0000] {dag.py:4180} INFO - Setting next_dagrun for simple_mlflow_experiment to 2026-06-19 00:00:00+00:00, run_after=2026-06-20 00:00:00+00:00
[2026-06-20T10:11:55.354+0000] {processor.py:208} INFO - Processing /opt/airflow/dags/simple_pipeline.py took 2.317 seconds
[2026-06-20T10:12:25.940+0000] {processor.py:186} INFO - Started process (PID=905) to work on /opt/airflow/dags/simple_pipeline.py
[2026-06-20T10:12:25.941+0000] {processor.py:914} INFO - Processing file /opt/airflow/dags/simple_pipeline.py for tasks to queue
[2026-06-20T10:12:25.943+0000] {logging_mixin.py:190} INFO - [2026-06-20T10:12:25.943+0000] {dagbag.py:588} INFO - Filling up the DagBag from /opt/airflow/dags/simple_pipeline.py
[2026-06-20T10:12:28.111+0000] {processor.py:925} INFO - DAG(s) 'simple_mlflow_experiment' retrieved from /opt/airflow/dags/simple_pipeline.py
[2026-06-20T10:12:28.144+0000] {logging_mixin.py:190} INFO - [2026-06-20T10:12:28.143+0000] {dag.py:3239} INFO - Sync 1 DAGs
[2026-06-20T10:12:28.175+0000] {logging_mixin.py:190} INFO - [2026-06-20T10:12:28.175+0000] {dag.py:4180} INFO - Setting next_dagrun for simple_mlflow_experiment to 2026-06-19 00:00:00+00:00, run_after=2026-06-20 00:00:00+00:00
[2026-06-20T10:12:28.202+0000] {processor.py:208} INFO - Processing /opt/airflow/dags/simple_pipeline.py took 2.271 seconds
[2026-06-20T10:12:59.071+0000] {processor.py:186} INFO - Started process (PID=938) to work on /opt/airflow/dags/simple_pipeline.py
[2026-06-20T10:12:59.072+0000] {processor.py:914} INFO - Processing file /opt/airflow/dags/simple_pipeline.py for tasks to queue
[2026-06-20T10:12:59.075+0000] {logging_mixin.py:190} INFO - [2026-06-20T10:12:59.074+0000] {dagbag.py:588} INFO - Filling up the DagBag from /opt/airflow/dags/simple_pipeline.py
[2026-06-20T10:13:01.306+0000] {processor.py:925} INFO - DAG(s) 'simple_mlflow_experiment' retrieved from /opt/airflow/dags/simple_pipeline.py
[2026-06-20T10:13:01.340+0000] {logging_mixin.py:190} INFO - [2026-06-20T10:13:01.339+0000] {dag.py:3239} INFO - Sync 1 DAGs
[2026-06-20T10:13:01.371+0000] {logging_mixin.py:190} INFO - [2026-06-20T10:13:01.371+0000] {dag.py:4180} INFO - Setting next_dagrun for simple_mlflow_experiment to 2026-06-19 00:00:00+00:00, run_after=2026-06-20 00:00:00+00:00
[2026-06-20T10:13:01.397+0000] {processor.py:208} INFO - Processing /opt/airflow/dags/simple_pipeline.py took 2.336 seconds
[2026-06-20T10:13:32.163+0000] {processor.py:186} INFO - Started process (PID=971) to work on /opt/airflow/dags/simple_pipeline.py
[2026-06-20T10:13:32.164+0000] {processor.py:914} INFO - Processing file /opt/airflow/dags/simple_pipeline.py for tasks to queue
[2026-06-20T10:13:32.166+0000] {logging_mixin.py:190} INFO - [2026-06-20T10:13:32.165+0000] {dagbag.py:588} INFO - Filling up the DagBag from /opt/airflow/dags/simple_pipeline.py
[2026-06-20T10:13:34.359+0000] {processor.py:925} INFO - DAG(s) 'simple_mlflow_experiment' retrieved from /opt/airflow/dags/simple_pipeline.py
[2026-06-20T10:13:34.411+0000] {logging_mixin.py:190} INFO - [2026-06-20T10:13:34.410+0000] {dag.py:3239} INFO - Sync 1 DAGs
[2026-06-20T10:13:34.457+0000] {logging_mixin.py:190} INFO - [2026-06-20T10:13:34.457+0000] {dag.py:4180} INFO - Setting next_dagrun for simple_mlflow_experiment to 2026-06-19 00:00:00+00:00, run_after=2026-06-20 00:00:00+00:00
[2026-06-20T10:13:34.496+0000] {processor.py:208} INFO - Processing /opt/airflow/dags/simple_pipeline.py took 2.352 seconds
[2026-06-20T10:14:04.944+0000] {processor.py:186} INFO - Started process (PID=1004) to work on /opt/airflow/dags/simple_pipeline.py
[2026-06-20T10:14:04.945+0000] {processor.py:914} INFO - Processing file /opt/airflow/dags/simple_pipeline.py for tasks to queue
[2026-06-20T10:14:04.951+0000] {logging_mixin.py:190} INFO - [2026-06-20T10:14:04.950+0000] {dagbag.py:588} INFO - Filling up the DagBag from /opt/airflow/dags/simple_pipeline.py
[2026-06-20T10:14:07.141+0000] {processor.py:925} INFO - DAG(s) 'simple_mlflow_experiment' retrieved from /opt/airflow/dags/simple_pipeline.py
[2026-06-20T10:14:07.175+0000] {logging_mixin.py:190} INFO - [2026-06-20T10:14:07.174+0000] {dag.py:3239} INFO - Sync 1 DAGs
[2026-06-20T10:14:07.211+0000] {logging_mixin.py:190} INFO - [2026-06-20T10:14:07.211+0000] {dag.py:4180} INFO - Setting next_dagrun for simple_mlflow_experiment to 2026-06-19 00:00:00+00:00, run_after=2026-06-20 00:00:00+00:00
[2026-06-20T10:14:07.238+0000] {processor.py:208} INFO - Processing /opt/airflow/dags/simple_pipeline.py took 2.305 seconds
[2026-06-20T10:14:38.024+0000] {processor.py:186} INFO - Started process (PID=1037) to work on /opt/airflow/dags/simple_pipeline.py
[2026-06-20T10:14:38.025+0000] {processor.py:914} INFO - Processing file /opt/airflow/dags/simple_pipeline.py for tasks to queue
[2026-06-20T10:14:38.027+0000] {logging_mixin.py:190} INFO - [2026-06-20T10:14:38.026+0000] {dagbag.py:588} INFO - Filling up the DagBag from /opt/airflow/dags/simple_pipeline.py
[2026-06-20T10:14:40.184+0000] {processor.py:925} INFO - DAG(s) 'simple_mlflow_experiment' retrieved from /opt/airflow/dags/simple_pipeline.py
[2026-06-20T10:14:40.211+0000] {logging_mixin.py:190} INFO - [2026-06-20T10:14:40.211+0000] {dag.py:3239} INFO - Sync 1 DAGs
[2026-06-20T10:14:40.242+0000] {logging_mixin.py:190} INFO - [2026-06-20T10:14:40.242+0000] {dag.py:4180} INFO - Setting next_dagrun for simple_mlflow_experiment to 2026-06-19 00:00:00+00:00, run_after=2026-06-20 00:00:00+00:00
[2026-06-20T10:14:40.267+0000] {processor.py:208} INFO - Processing /opt/airflow/dags/simple_pipeline.py took 2.253 seconds
[2026-06-20T10:15:11.123+0000] {processor.py:186} INFO - Started process (PID=1070) to work on /opt/airflow/dags/simple_pipeline.py
[2026-06-20T10:15:11.124+0000] {processor.py:914} INFO - Processing file /opt/airflow/dags/simple_pipeline.py for tasks to queue
[2026-06-20T10:15:11.126+0000] {logging_mixin.py:190} INFO - [2026-06-20T10:15:11.126+0000] {dagbag.py:588} INFO - Filling up the DagBag from /opt/airflow/dags/simple_pipeline.py
[2026-06-20T10:15:13.322+0000] {processor.py:925} INFO - DAG(s) 'simple_mlflow_experiment' retrieved from /opt/airflow/dags/simple_pipeline.py
[2026-06-20T10:15:13.354+0000] {logging_mixin.py:190} INFO - [2026-06-20T10:15:13.353+0000] {dag.py:3239} INFO - Sync 1 DAGs
[2026-06-20T10:15:13.391+0000] {logging_mixin.py:190} INFO - [2026-06-20T10:15:13.391+0000] {dag.py:4180} INFO - Setting next_dagrun for simple_mlflow_experiment to 2026-06-19 00:00:00+00:00, run_after=2026-06-20 00:00:00+00:00
[2026-06-20T10:15:13.418+0000] {processor.py:208} INFO - Processing /opt/airflow/dags/simple_pipeline.py took 2.306 seconds
[2026-06-20T10:15:44.116+0000] {processor.py:186} INFO - Started process (PID=1096) to work on /opt/airflow/dags/simple_pipeline.py
[2026-06-20T10:15:44.117+0000] {processor.py:914} INFO - Processing file /opt/airflow/dags/simple_pipeline.py for tasks to queue
[2026-06-20T10:15:44.119+0000] {logging_mixin.py:190} INFO - [2026-06-20T10:15:44.119+0000] {dagbag.py:588} INFO - Filling up the DagBag from /opt/airflow/dags/simple_pipeline.py
[2026-06-20T10:15:46.079+0000] {processor.py:925} INFO - DAG(s) 'simple_mlflow_experiment' retrieved from /opt/airflow/dags/simple_pipeline.py
[2026-06-20T10:15:46.118+0000] {logging_mixin.py:190} INFO - [2026-06-20T10:15:46.117+0000] {dag.py:3239} INFO - Sync 1 DAGs
[2026-06-20T10:15:46.162+0000] {logging_mixin.py:190} INFO - [2026-06-20T10:15:46.161+0000] {dag.py:4180} INFO - Setting next_dagrun for simple_mlflow_experiment to 2026-06-19 00:00:00+00:00, run_after=2026-06-20 00:00:00+00:00
[2026-06-20T10:15:46.200+0000] {processor.py:208} INFO - Processing /opt/airflow/dags/simple_pipeline.py took 2.093 seconds
[2026-06-20T10:16:16.862+0000] {processor.py:186} INFO - Started process (PID=1129) to work on /opt/airflow/dags/simple_pipeline.py
[2026-06-20T10:16:16.863+0000] {processor.py:914} INFO - Processing file /opt/airflow/dags/simple_pipeline.py for tasks to queue
[2026-06-20T10:16:16.866+0000] {logging_mixin.py:190} INFO - [2026-06-20T10:16:16.865+0000] {dagbag.py:588} INFO - Filling up the DagBag from /opt/airflow/dags/simple_pipeline.py
[2026-06-20T10:16:18.811+0000] {processor.py:925} INFO - DAG(s) 'simple_mlflow_experiment' retrieved from /opt/airflow/dags/simple_pipeline.py
[2026-06-20T10:16:18.841+0000] {logging_mixin.py:190} INFO - [2026-06-20T10:16:18.840+0000] {dag.py:3239} INFO - Sync 1 DAGs
[2026-06-20T10:16:18.873+0000] {logging_mixin.py:190} INFO - [2026-06-20T10:16:18.872+0000] {dag.py:4180} INFO - Setting next_dagrun for simple_mlflow_experiment to 2026-06-19 00:00:00+00:00, run_after=2026-06-20 00:00:00+00:00
[2026-06-20T10:16:18.899+0000] {processor.py:208} INFO - Processing /opt/airflow/dags/simple_pipeline.py took 2.049 seconds
[2026-06-20T10:16:49.231+0000] {processor.py:186} INFO - Started process (PID=1162) to work on /opt/airflow/dags/simple_pipeline.py
[2026-06-20T10:16:49.232+0000] {processor.py:914} INFO - Processing file /opt/airflow/dags/simple_pipeline.py for tasks to queue
[2026-06-20T10:16:49.235+0000] {logging_mixin.py:190} INFO - [2026-06-20T10:16:49.234+0000] {dagbag.py:588} INFO - Filling up the DagBag from /opt/airflow/dags/simple_pipeline.py
[2026-06-20T10:16:51.370+0000] {processor.py:925} INFO - DAG(s) 'simple_mlflow_experiment' retrieved from /opt/airflow/dags/simple_pipeline.py
[2026-06-20T10:16:51.398+0000] {logging_mixin.py:190} INFO - [2026-06-20T10:16:51.397+0000] {dag.py:3239} INFO - Sync 1 DAGs
[2026-06-20T10:16:51.429+0000] {logging_mixin.py:190} INFO - [2026-06-20T10:16:51.429+0000] {dag.py:4180} INFO - Setting next_dagrun for simple_mlflow_experiment to 2026-06-19 00:00:00+00:00, run_after=2026-06-20 00:00:00+00:00
[2026-06-20T10:16:51.455+0000] {processor.py:208} INFO - Processing /opt/airflow/dags/simple_pipeline.py took 2.234 seconds
[2026-06-20T10:17:22.140+0000] {processor.py:186} INFO - Started process (PID=1195) to work on /opt/airflow/dags/simple_pipeline.py
[2026-06-20T10:17:22.141+0000] {processor.py:914} INFO - Processing file /opt/airflow/dags/simple_pipeline.py for tasks to queue
[2026-06-20T10:17:22.143+0000] {logging_mixin.py:190} INFO - [2026-06-20T10:17:22.143+0000] {dagbag.py:588} INFO - Filling up the DagBag from /opt/airflow/dags/simple_pipeline.py
[2026-06-20T10:17:24.050+0000] {processor.py:925} INFO - DAG(s) 'simple_mlflow_experiment' retrieved from /opt/airflow/dags/simple_pipeline.py
[2026-06-20T10:17:24.080+0000] {logging_mixin.py:190} INFO - [2026-06-20T10:17:24.080+0000] {dag.py:3239} INFO - Sync 1 DAGs
[2026-06-20T10:17:24.110+0000] {logging_mixin.py:190} INFO - [2026-06-20T10:17:24.109+0000] {dag.py:4180} INFO - Setting next_dagrun for simple_mlflow_experiment to 2026-06-19 00:00:00+00:00, run_after=2026-06-20 00:00:00+00:00
[2026-06-20T10:17:24.136+0000] {processor.py:208} INFO - Processing /opt/airflow/dags/simple_pipeline.py took 2.005 seconds
[2026-06-20T10:17:54.742+0000] {processor.py:186} INFO - Started process (PID=1228) to work on /opt/airflow/dags/simple_pipeline.py
[2026-06-20T10:17:54.744+0000] {processor.py:914} INFO - Processing file /opt/airflow/dags/simple_pipeline.py for tasks to queue
[2026-06-20T10:17:54.746+0000] {logging_mixin.py:190} INFO - [2026-06-20T10:17:54.745+0000] {dagbag.py:588} INFO - Filling up the DagBag from /opt/airflow/dags/simple_pipeline.py
[2026-06-20T10:17:57.495+0000] {processor.py:925} INFO - DAG(s) 'simple_mlflow_experiment' retrieved from /opt/airflow/dags/simple_pipeline.py
[2026-06-20T10:17:57.524+0000] {logging_mixin.py:190} INFO - [2026-06-20T10:17:57.524+0000] {dag.py:3239} INFO - Sync 1 DAGs
[2026-06-20T10:17:57.556+0000] {logging_mixin.py:190} INFO - [2026-06-20T10:17:57.556+0000] {dag.py:4180} INFO - Setting next_dagrun for simple_mlflow_experiment to 2026-06-19 00:00:00+00:00, run_after=2026-06-20 00:00:00+00:00
[2026-06-20T10:17:57.583+0000] {processor.py:208} INFO - Processing /opt/airflow/dags/simple_pipeline.py took 2.304 seconds
[2026-06-20T10:18:28.359+0000] {processor.py:186} INFO - Started process (PID=1261) to work on /opt/airflow/dags/simple_pipeline.py
[2026-06-20T10:18:28.360+0000] {processor.py:914} INFO - Processing file /opt/airflow/dags/simple_pipeline.py for tasks to queue
[2026-06-20T10:18:28.363+0000] {logging_mixin.py:190} INFO - [2026-06-20T10:18:28.362+0000] {dagbag.py:588} INFO - Filling up the DagBag from /opt/airflow/dags/simple_pipeline.py
[2026-06-20T10:18:30.130+0000] {processor.py:925} INFO - DAG(s) 'simple_mlflow_experiment' retrieved from /opt/airflow/dags/simple_pipeline.py
[2026-06-20T10:18:30.161+0000] {logging_mixin.py:190} INFO - [2026-06-20T10:18:30.160+0000] {dag.py:3239} INFO - Sync 1 DAGs
[2026-06-20T10:18:30.191+0000] {logging_mixin.py:190} INFO - [2026-06-20T10:18:30.191+0000] {dag.py:4180} INFO - Setting next_dagrun for simple_mlflow_experiment to 2026-06-19 00:00:00+00:00, run_after=2026-06-20 00:00:00+00:00
[2026-06-20T10:18:30.217+0000] {processor.py:208} INFO - Processing /opt/airflow/dags/simple_pipeline.py took 1.867 seconds
[2026-06-20T10:19:01.169+0000] {processor.py:186} INFO - Started process (PID=1294) to work on /opt/airflow/dags/simple_pipeline.py
[2026-06-20T10:19:01.171+0000] {processor.py:914} INFO - Processing file /opt/airflow/dags/simple_pipeline.py for tasks to queue
[2026-06-20T10:19:01.174+0000] {logging_mixin.py:190} INFO - [2026-06-20T10:19:01.173+0000] {dagbag.py:588} INFO - Filling up the DagBag from /opt/airflow/dags/simple_pipeline.py
[2026-06-20T10:19:03.014+0000] {processor.py:925} INFO - DAG(s) 'simple_mlflow_experiment' retrieved from /opt/airflow/dags/simple_pipeline.py
[2026-06-20T10:19:03.049+0000] {logging_mixin.py:190} INFO - [2026-06-20T10:19:03.048+0000] {dag.py:3239} INFO - Sync 1 DAGs
[2026-06-20T10:19:03.079+0000] {logging_mixin.py:190} INFO - [2026-06-20T10:19:03.079+0000] {dag.py:4180} INFO - Setting next_dagrun for simple_mlflow_experiment to 2026-06-19 00:00:00+00:00, run_after=2026-06-20 00:00:00+00:00
[2026-06-20T10:19:03.106+0000] {processor.py:208} INFO - Processing /opt/airflow/dags/simple_pipeline.py took 1.949 seconds
[2026-06-20T10:19:33.959+0000] {processor.py:186} INFO - Started process (PID=1327) to work on /opt/airflow/dags/simple_pipeline.py
[2026-06-20T10:19:33.960+0000] {processor.py:914} INFO - Processing file /opt/airflow/dags/simple_pipeline.py for tasks to queue
[2026-06-20T10:19:33.963+0000] {logging_mixin.py:190} INFO - [2026-06-20T10:19:33.962+0000] {dagbag.py:588} INFO - Filling up the DagBag from /opt/airflow/dags/simple_pipeline.py
[2026-06-20T10:19:35.722+0000] {processor.py:925} INFO - DAG(s) 'simple_mlflow_experiment' retrieved from /opt/airflow/dags/simple_pipeline.py
[2026-06-20T10:19:35.753+0000] {logging_mixin.py:190} INFO - [2026-06-20T10:19:35.752+0000] {dag.py:3239} INFO - Sync 1 DAGs
[2026-06-20T10:19:35.784+0000] {logging_mixin.py:190} INFO - [2026-06-20T10:19:35.783+0000] {dag.py:4180} INFO - Setting next_dagrun for simple_mlflow_experiment to 2026-06-19 00:00:00+00:00, run_after=2026-06-20 00:00:00+00:00
[2026-06-20T10:19:35.815+0000] {processor.py:208} INFO - Processing /opt/airflow/dags/simple_pipeline.py took 1.864 seconds
[2026-06-20T10:20:06.301+0000] {processor.py:186} INFO - Started process (PID=1360) to work on /opt/airflow/dags/simple_pipeline.py
[2026-06-20T10:20:06.302+0000] {processor.py:914} INFO - Processing file /opt/airflow/dags/simple_pipeline.py for tasks to queue
[2026-06-20T10:20:06.305+0000] {logging_mixin.py:190} INFO - [2026-06-20T10:20:06.304+0000] {dagbag.py:588} INFO - Filling up the DagBag from /opt/airflow/dags/simple_pipeline.py
[2026-06-20T10:20:08.314+0000] {processor.py:925} INFO - DAG(s) 'simple_mlflow_experiment' retrieved from /opt/airflow/dags/simple_pipeline.py
[2026-06-20T10:20:08.345+0000] {logging_mixin.py:190} INFO - [2026-06-20T10:20:08.345+0000] {dag.py:3239} INFO - Sync 1 DAGs
[2026-06-20T10:20:08.376+0000] {logging_mixin.py:190} INFO - [2026-06-20T10:20:08.376+0000] {dag.py:4180} INFO - Setting next_dagrun for simple_mlflow_experiment to 2026-06-19 00:00:00+00:00, run_after=2026-06-20 00:00:00+00:00
[2026-06-20T10:20:08.403+0000] {processor.py:208} INFO - Processing /opt/airflow/dags/simple_pipeline.py took 2.113 seconds
[2026-06-20T10:20:39.243+0000] {processor.py:186} INFO - Started process (PID=1393) to work on /opt/airflow/dags/simple_pipeline.py
[2026-06-20T10:20:39.244+0000] {processor.py:914} INFO - Processing file /opt/airflow/dags/simple_pipeline.py for tasks to queue
[2026-06-20T10:20:39.247+0000] {logging_mixin.py:190} INFO - [2026-06-20T10:20:39.246+0000] {dagbag.py:588} INFO - Filling up the DagBag from /opt/airflow/dags/simple_pipeline.py
[2026-06-20T10:20:41.208+0000] {processor.py:925} INFO - DAG(s) 'simple_mlflow_experiment' retrieved from /opt/airflow/dags/simple_pipeline.py
[2026-06-20T10:20:41.241+0000] {logging_mixin.py:190} INFO - [2026-06-20T10:20:41.241+0000] {dag.py:3239} INFO - Sync 1 DAGs
[2026-06-20T10:20:41.273+0000] {logging_mixin.py:190} INFO - [2026-06-20T10:20:41.273+0000] {dag.py:4180} INFO - Setting next_dagrun for simple_mlflow_experiment to 2026-06-19 00:00:00+00:00, run_after=2026-06-20 00:00:00+00:00
[2026-06-20T10:20:41.299+0000] {processor.py:208} INFO - Processing /opt/airflow/dags/simple_pipeline.py took 2.067 seconds
[2026-06-20T10:21:11.775+0000] {processor.py:186} INFO - Started process (PID=1426) to work on /opt/airflow/dags/simple_pipeline.py
[2026-06-20T10:21:11.776+0000] {processor.py:914} INFO - Processing file /opt/airflow/dags/simple_pipeline.py for tasks to queue
[2026-06-20T10:21:11.779+0000] {logging_mixin.py:190} INFO - [2026-06-20T10:21:11.778+0000] {dagbag.py:588} INFO - Filling up the DagBag from /opt/airflow/dags/simple_pipeline.py
[2026-06-20T10:21:13.539+0000] {processor.py:925} INFO - DAG(s) 'simple_mlflow_experiment' retrieved from /opt/airflow/dags/simple_pipeline.py
[2026-06-20T10:21:13.571+0000] {logging_mixin.py:190} INFO - [2026-06-20T10:21:13.571+0000] {dag.py:3239} INFO - Sync 1 DAGs
[2026-06-20T10:21:13.601+0000] {logging_mixin.py:190} INFO - [2026-06-20T10:21:13.601+0000] {dag.py:4180} INFO - Setting next_dagrun for simple_mlflow_experiment to 2026-06-19 00:00:00+00:00, run_after=2026-06-20 00:00:00+00:00
[2026-06-20T10:21:13.625+0000] {processor.py:208} INFO - Processing /opt/airflow/dags/simple_pipeline.py took 1.859 seconds
[2026-06-20T10:21:44.486+0000] {processor.py:186} INFO - Started process (PID=1459) to work on /opt/airflow/dags/simple_pipeline.py
[2026-06-20T10:21:44.487+0000] {processor.py:914} INFO - Processing file /opt/airflow/dags/simple_pipeline.py for tasks to queue
[2026-06-20T10:21:44.490+0000] {logging_mixin.py:190} INFO - [2026-06-20T10:21:44.489+0000] {dagbag.py:588} INFO - Filling up the DagBag from /opt/airflow/dags/simple_pipeline.py
[2026-06-20T10:21:46.138+0000] {processor.py:925} INFO - DAG(s) 'simple_mlflow_experiment' retrieved from /opt/airflow/dags/simple_pipeline.py
[2026-06-20T10:21:46.168+0000] {logging_mixin.py:190} INFO - [2026-06-20T10:21:46.167+0000] {dag.py:3239} INFO - Sync 1 DAGs
[2026-06-20T10:21:46.195+0000] {logging_mixin.py:190} INFO - [2026-06-20T10:21:46.195+0000] {dag.py:4180} INFO - Setting next_dagrun for simple_mlflow_experiment to 2026-06-19 00:00:00+00:00, run_after=2026-06-20 00:00:00+00:00
[2026-06-20T10:21:46.219+0000] {processor.py:208} INFO - Processing /opt/airflow/dags/simple_pipeline.py took 1.743 seconds
[2026-06-20T10:22:17.045+0000] {processor.py:186} INFO - Started process (PID=1492) to work on /opt/airflow/dags/simple_pipeline.py
[2026-06-20T10:22:17.047+0000] {processor.py:914} INFO - Processing file /opt/airflow/dags/simple_pipeline.py for tasks to queue
[2026-06-20T10:22:17.051+0000] {logging_mixin.py:190} INFO - [2026-06-20T10:22:17.050+0000] {dagbag.py:588} INFO - Filling up the DagBag from /opt/airflow/dags/simple_pipeline.py
[2026-06-20T10:22:19.176+0000] {processor.py:925} INFO - DAG(s) 'simple_mlflow_experiment' retrieved from /opt/airflow/dags/simple_pipeline.py
[2026-06-20T10:22:19.206+0000] {logging_mixin.py:190} INFO - [2026-06-20T10:22:19.205+0000] {dag.py:3239} INFO - Sync 1 DAGs
[2026-06-20T10:22:19.238+0000] {logging_mixin.py:190} INFO - [2026-06-20T10:22:19.237+0000] {dag.py:4180} INFO - Setting next_dagrun for simple_mlflow_experiment to 2026-06-19 00:00:00+00:00, run_after=2026-06-20 00:00:00+00:00
[2026-06-20T10:22:19.264+0000] {processor.py:208} INFO - Processing /opt/airflow/dags/simple_pipeline.py took 2.233 seconds
[2026-06-20T10:22:50.052+0000] {processor.py:186} INFO - Started process (PID=1525) to work on /opt/airflow/dags/simple_pipeline.py
[2026-06-20T10:22:50.054+0000] {processor.py:914} INFO - Processing file /opt/airflow/dags/simple_pipeline.py for tasks to queue
[2026-06-20T10:22:50.056+0000] {logging_mixin.py:190} INFO - [2026-06-20T10:22:50.056+0000] {dagbag.py:588} INFO - Filling up the DagBag from /opt/airflow/dags/simple_pipeline.py
[2026-06-20T10:22:51.833+0000] {processor.py:925} INFO - DAG(s) 'simple_mlflow_experiment' retrieved from /opt/airflow/dags/simple_pipeline.py
[2026-06-20T10:22:51.865+0000] {logging_mixin.py:190} INFO - [2026-06-20T10:22:51.865+0000] {dag.py:3239} INFO - Sync 1 DAGs
[2026-06-20T10:22:51.897+0000] {logging_mixin.py:190} INFO - [2026-06-20T10:22:51.897+0000] {dag.py:4180} INFO - Setting next_dagrun for simple_mlflow_experiment to 2026-06-19 00:00:00+00:00, run_after=2026-06-20 00:00:00+00:00
[2026-06-20T10:22:51.923+0000] {processor.py:208} INFO - Processing /opt/airflow/dags/simple_pipeline.py took 1.880 seconds
[2026-06-20T10:23:22.893+0000] {processor.py:186} INFO - Started process (PID=1558) to work on /opt/airflow/dags/simple_pipeline.py
[2026-06-20T10:23:22.895+0000] {processor.py:914} INFO - Processing file /opt/airflow/dags/simple_pipeline.py for tasks to queue
[2026-06-20T10:23:22.898+0000] {logging_mixin.py:190} INFO - [2026-06-20T10:23:22.897+0000] {dagbag.py:588} INFO - Filling up the DagBag from /opt/airflow/dags/simple_pipeline.py
[2026-06-20T10:23:24.624+0000] {processor.py:925} INFO - DAG(s) 'simple_mlflow_experiment' retrieved from /opt/airflow/dags/simple_pipeline.py
[2026-06-20T10:23:24.653+0000] {logging_mixin.py:190} INFO - [2026-06-20T10:23:24.653+0000] {dag.py:3239} INFO - Sync 1 DAGs
[2026-06-20T10:23:24.684+0000] {logging_mixin.py:190} INFO - [2026-06-20T10:23:24.683+0000] {dag.py:4180} INFO - Setting next_dagrun for simple_mlflow_experiment to 2026-06-19 00:00:00+00:00, run_after=2026-06-20 00:00:00+00:00
[2026-06-20T10:23:24.710+0000] {processor.py:208} INFO - Processing /opt/airflow/dags/simple_pipeline.py took 1.827 seconds
[2026-06-20T10:23:55.574+0000] {processor.py:186} INFO - Started process (PID=1591) to work on /opt/airflow/dags/simple_pipeline.py
[2026-06-20T10:23:55.575+0000] {processor.py:914} INFO - Processing file /opt/airflow/dags/simple_pipeline.py for tasks to queue
[2026-06-20T10:23:55.577+0000] {logging_mixin.py:190} INFO - [2026-06-20T10:23:55.576+0000] {dagbag.py:588} INFO - Filling up the DagBag from /opt/airflow/dags/simple_pipeline.py
[2026-06-20T10:23:57.670+0000] {processor.py:925} INFO - DAG(s) 'simple_mlflow_experiment' retrieved from /opt/airflow/dags/simple_pipeline.py
[2026-06-20T10:23:57.701+0000] {logging_mixin.py:190} INFO - [2026-06-20T10:23:57.700+0000] {dag.py:3239} INFO - Sync 1 DAGs
[2026-06-20T10:23:57.734+0000] {logging_mixin.py:190} INFO - [2026-06-20T10:23:57.733+0000] {dag.py:4180} INFO - Setting next_dagrun for simple_mlflow_experiment to 2026-06-19 00:00:00+00:00, run_after=2026-06-20 00:00:00+00:00
[2026-06-20T10:23:57.760+0000] {processor.py:208} INFO - Processing /opt/airflow/dags/simple_pipeline.py took 2.196 seconds
[2026-06-20T10:24:28.604+0000] {processor.py:186} INFO - Started process (PID=1624) to work on /opt/airflow/dags/simple_pipeline.py
[2026-06-20T10:24:28.605+0000] {processor.py:914} INFO - Processing file /opt/airflow/dags/simple_pipeline.py for tasks to queue
[2026-06-20T10:24:28.608+0000] {logging_mixin.py:190} INFO - [2026-06-20T10:24:28.608+0000] {dagbag.py:588} INFO - Filling up the DagBag from /opt/airflow/dags/simple_pipeline.py
[2026-06-20T10:24:30.562+0000] {processor.py:925} INFO - DAG(s) 'simple_mlflow_experiment' retrieved from /opt/airflow/dags/simple_pipeline.py
[2026-06-20T10:24:30.598+0000] {logging_mixin.py:190} INFO - [2026-06-20T10:24:30.597+0000] {dag.py:3239} INFO - Sync 1 DAGs
[2026-06-20T10:24:30.630+0000] {logging_mixin.py:190} INFO - [2026-06-20T10:24:30.630+0000] {dag.py:4180} INFO - Setting next_dagrun for simple_mlflow_experiment to 2026-06-19 00:00:00+00:00, run_after=2026-06-20 00:00:00+00:00
[2026-06-20T10:24:30.792+0000] {processor.py:208} INFO - Processing /opt/airflow/dags/simple_pipeline.py took 2.197 seconds
[2026-06-20T10:25:01.766+0000] {processor.py:186} INFO - Started process (PID=1661) to work on /opt/airflow/dags/simple_pipeline.py
[2026-06-20T10:25:01.767+0000] {processor.py:914} INFO - Processing file /opt/airflow/dags/simple_pipeline.py for tasks to queue
[2026-06-20T10:25:01.769+0000] {logging_mixin.py:190} INFO - [2026-06-20T10:25:01.769+0000] {dagbag.py:588} INFO - Filling up the DagBag from /opt/airflow/dags/simple_pipeline.py
[2026-06-20T10:25:04.040+0000] {processor.py:925} INFO - DAG(s) 'simple_mlflow_experiment' retrieved from /opt/airflow/dags/simple_pipeline.py
[2026-06-20T10:25:04.069+0000] {logging_mixin.py:190} INFO - [2026-06-20T10:25:04.069+0000] {dag.py:3239} INFO - Sync 1 DAGs
[2026-06-20T10:25:04.099+0000] {logging_mixin.py:190} INFO - [2026-06-20T10:25:04.098+0000] {dag.py:4180} INFO - Setting next_dagrun for simple_mlflow_experiment to 2026-06-19 00:00:00+00:00, run_after=2026-06-20 00:00:00+00:00
[2026-06-20T10:25:04.125+0000] {processor.py:208} INFO - Processing /opt/airflow/dags/simple_pipeline.py took 2.083 seconds
[2026-06-20T10:25:35.024+0000] {processor.py:186} INFO - Started process (PID=1701) to work on /opt/airflow/dags/simple_pipeline.py
[2026-06-20T10:25:35.025+0000] {processor.py:914} INFO - Processing file /opt/airflow/dags/simple_pipeline.py for tasks to queue
[2026-06-20T10:25:35.027+0000] {logging_mixin.py:190} INFO - [2026-06-20T10:25:35.027+0000] {dagbag.py:588} INFO - Filling up the DagBag from /opt/airflow/dags/simple_pipeline.py
[2026-06-20T10:25:36.995+0000] {processor.py:925} INFO - DAG(s) 'simple_mlflow_experiment' retrieved from /opt/airflow/dags/simple_pipeline.py
[2026-06-20T10:25:37.142+0000] {logging_mixin.py:190} INFO - [2026-06-20T10:25:37.142+0000] {dag.py:3239} INFO - Sync 1 DAGs
[2026-06-20T10:25:37.177+0000] {logging_mixin.py:190} INFO - [2026-06-20T10:25:37.177+0000] {dag.py:4180} INFO - Setting next_dagrun for simple_mlflow_experiment to 2026-06-19 00:00:00+00:00, run_after=2026-06-20 00:00:00+00:00
[2026-06-20T10:25:37.213+0000] {processor.py:208} INFO - Processing /opt/airflow/dags/simple_pipeline.py took 2.197 seconds
[2026-06-20T10:26:07.924+0000] {processor.py:186} INFO - Started process (PID=1727) to work on /opt/airflow/dags/simple_pipeline.py
[2026-06-20T10:26:07.925+0000] {processor.py:914} INFO - Processing file /opt/airflow/dags/simple_pipeline.py for tasks to queue
[2026-06-20T10:26:07.927+0000] {logging_mixin.py:190} INFO - [2026-06-20T10:26:07.927+0000] {dagbag.py:588} INFO - Filling up the DagBag from /opt/airflow/dags/simple_pipeline.py
[2026-06-20T10:26:09.874+0000] {processor.py:925} INFO - DAG(s) 'simple_mlflow_experiment' retrieved from /opt/airflow/dags/simple_pipeline.py
[2026-06-20T10:26:09.910+0000] {logging_mixin.py:190} INFO - [2026-06-20T10:26:09.909+0000] {dag.py:3239} INFO - Sync 1 DAGs
[2026-06-20T10:26:10.093+0000] {logging_mixin.py:190} INFO - [2026-06-20T10:26:10.093+0000] {dag.py:4180} INFO - Setting next_dagrun for simple_mlflow_experiment to 2026-06-19 00:00:00+00:00, run_after=2026-06-20 00:00:00+00:00
[2026-06-20T10:26:10.118+0000] {processor.py:208} INFO - Processing /opt/airflow/dags/simple_pipeline.py took 2.203 seconds
[2026-06-20T10:26:40.470+0000] {processor.py:186} INFO - Started process (PID=1760) to work on /opt/airflow/dags/simple_pipeline.py
[2026-06-20T10:26:40.471+0000] {processor.py:914} INFO - Processing file /opt/airflow/dags/simple_pipeline.py for tasks to queue
[2026-06-20T10:26:40.474+0000] {logging_mixin.py:190} INFO - [2026-06-20T10:26:40.473+0000] {dagbag.py:588} INFO - Filling up the DagBag from /opt/airflow/dags/simple_pipeline.py
[2026-06-20T10:26:42.541+0000] {processor.py:925} INFO - DAG(s) 'simple_mlflow_experiment' retrieved from /opt/airflow/dags/simple_pipeline.py
[2026-06-20T10:26:42.571+0000] {logging_mixin.py:190} INFO - [2026-06-20T10:26:42.571+0000] {dag.py:3239} INFO - Sync 1 DAGs
[2026-06-20T10:26:42.601+0000] {logging_mixin.py:190} INFO - [2026-06-20T10:26:42.600+0000] {dag.py:4180} INFO - Setting next_dagrun for simple_mlflow_experiment to 2026-06-19 00:00:00+00:00, run_after=2026-06-20 00:00:00+00:00
[2026-06-20T10:26:42.628+0000] {processor.py:208} INFO - Processing /opt/airflow/dags/simple_pipeline.py took 2.172 seconds
[2026-06-20T10:27:13.421+0000] {processor.py:186} INFO - Started process (PID=1793) to work on /opt/airflow/dags/simple_pipeline.py
[2026-06-20T10:27:13.422+0000] {processor.py:914} INFO - Processing file /opt/airflow/dags/simple_pipeline.py for tasks to queue
[2026-06-20T10:27:13.424+0000] {logging_mixin.py:190} INFO - [2026-06-20T10:27:13.424+0000] {dagbag.py:588} INFO - Filling up the DagBag from /opt/airflow/dags/simple_pipeline.py
[2026-06-20T10:27:15.378+0000] {processor.py:925} INFO - DAG(s) 'simple_mlflow_experiment' retrieved from /opt/airflow/dags/simple_pipeline.py
[2026-06-20T10:27:15.515+0000] {logging_mixin.py:190} INFO - [2026-06-20T10:27:15.514+0000] {dag.py:3239} INFO - Sync 1 DAGs
[2026-06-20T10:27:15.543+0000] {logging_mixin.py:190} INFO - [2026-06-20T10:27:15.543+0000] {dag.py:4180} INFO - Setting next_dagrun for simple_mlflow_experiment to 2026-06-19 00:00:00+00:00, run_after=2026-06-20 00:00:00+00:00
[2026-06-20T10:27:15.568+0000] {processor.py:208} INFO - Processing /opt/airflow/dags/simple_pipeline.py took 2.179 seconds
[2026-06-20T10:27:46.330+0000] {processor.py:186} INFO - Started process (PID=1826) to work on /opt/airflow/dags/simple_pipeline.py
[2026-06-20T10:27:46.349+0000] {processor.py:914} INFO - Processing file /opt/airflow/dags/simple_pipeline.py for tasks to queue
[2026-06-20T10:27:46.351+0000] {logging_mixin.py:190} INFO - [2026-06-20T10:27:46.350+0000] {dagbag.py:588} INFO - Filling up the DagBag from /opt/airflow/dags/simple_pipeline.py
[2026-06-20T10:27:48.539+0000] {processor.py:925} INFO - DAG(s) 'simple_mlflow_experiment' retrieved from /opt/airflow/dags/simple_pipeline.py
[2026-06-20T10:27:48.569+0000] {logging_mixin.py:190} INFO - [2026-06-20T10:27:48.568+0000] {dag.py:3239} INFO - Sync 1 DAGs
[2026-06-20T10:27:48.706+0000] {logging_mixin.py:190} INFO - [2026-06-20T10:27:48.706+0000] {dag.py:4180} INFO - Setting next_dagrun for simple_mlflow_experiment to 2026-06-19 00:00:00+00:00, run_after=2026-06-20 00:00:00+00:00
[2026-06-20T10:27:48.731+0000] {processor.py:208} INFO - Processing /opt/airflow/dags/simple_pipeline.py took 2.413 seconds
[2026-06-20T10:28:18.822+0000] {processor.py:186} INFO - Started process (PID=1859) to work on /opt/airflow/dags/simple_pipeline.py
[2026-06-20T10:28:18.823+0000] {processor.py:914} INFO - Processing file /opt/airflow/dags/simple_pipeline.py for tasks to queue
[2026-06-20T10:28:18.825+0000] {logging_mixin.py:190} INFO - [2026-06-20T10:28:18.825+0000] {dagbag.py:588} INFO - Filling up the DagBag from /opt/airflow/dags/simple_pipeline.py
[2026-06-20T10:28:21.111+0000] {processor.py:925} INFO - DAG(s) 'simple_mlflow_experiment' retrieved from /opt/airflow/dags/simple_pipeline.py
[2026-06-20T10:28:21.140+0000] {logging_mixin.py:190} INFO - [2026-06-20T10:28:21.140+0000] {dag.py:3239} INFO - Sync 1 DAGs
[2026-06-20T10:28:21.170+0000] {logging_mixin.py:190} INFO - [2026-06-20T10:28:21.170+0000] {dag.py:4180} INFO - Setting next_dagrun for simple_mlflow_experiment to 2026-06-19 00:00:00+00:00, run_after=2026-06-20 00:00:00+00:00
[2026-06-20T10:28:21.198+0000] {processor.py:208} INFO - Processing /opt/airflow/dags/simple_pipeline.py took 2.388 seconds
[2026-06-20T10:28:52.126+0000] {processor.py:186} INFO - Started process (PID=1892) to work on /opt/airflow/dags/simple_pipeline.py
[2026-06-20T10:28:52.127+0000] {processor.py:914} INFO - Processing file /opt/airflow/dags/simple_pipeline.py for tasks to queue
[2026-06-20T10:28:52.129+0000] {logging_mixin.py:190} INFO - [2026-06-20T10:28:52.129+0000] {dagbag.py:588} INFO - Filling up the DagBag from /opt/airflow/dags/simple_pipeline.py
[2026-06-20T10:28:54.484+0000] {processor.py:925} INFO - DAG(s) 'simple_mlflow_experiment' retrieved from /opt/airflow/dags/simple_pipeline.py
[2026-06-20T10:28:54.646+0000] {logging_mixin.py:190} INFO - [2026-06-20T10:28:54.645+0000] {dag.py:3239} INFO - Sync 1 DAGs
[2026-06-20T10:28:54.676+0000] {logging_mixin.py:190} INFO - [2026-06-20T10:28:54.675+0000] {dag.py:4180} INFO - Setting next_dagrun for simple_mlflow_experiment to 2026-06-19 00:00:00+00:00, run_after=2026-06-20 00:00:00+00:00
[2026-06-20T10:28:54.703+0000] {processor.py:208} INFO - Processing /opt/airflow/dags/simple_pipeline.py took 2.587 seconds
[2026-06-20T10:29:25.315+0000] {processor.py:186} INFO - Started process (PID=1925) to work on /opt/airflow/dags/simple_pipeline.py
[2026-06-20T10:29:25.316+0000] {processor.py:914} INFO - Processing file /opt/airflow/dags/simple_pipeline.py for tasks to queue
[2026-06-20T10:29:25.318+0000] {logging_mixin.py:190} INFO - [2026-06-20T10:29:25.318+0000] {dagbag.py:588} INFO - Filling up the DagBag from /opt/airflow/dags/simple_pipeline.py
[2026-06-20T10:29:27.431+0000] {processor.py:925} INFO - DAG(s) 'simple_mlflow_experiment' retrieved from /opt/airflow/dags/simple_pipeline.py
[2026-06-20T10:29:27.501+0000] {logging_mixin.py:190} INFO - [2026-06-20T10:29:27.500+0000] {dag.py:3239} INFO - Sync 1 DAGs
[2026-06-20T10:29:27.610+0000] {logging_mixin.py:190} INFO - [2026-06-20T10:29:27.605+0000] {dag.py:4180} INFO - Setting next_dagrun for simple_mlflow_experiment to 2026-06-19 00:00:00+00:00, run_after=2026-06-20 00:00:00+00:00
[2026-06-20T10:29:27.671+0000] {processor.py:208} INFO - Processing /opt/airflow/dags/simple_pipeline.py took 2.365 seconds
[2026-06-20T10:29:58.527+0000] {processor.py:186} INFO - Started process (PID=1958) to work on /opt/airflow/dags/simple_pipeline.py
[2026-06-20T10:29:58.529+0000] {processor.py:914} INFO - Processing file /opt/airflow/dags/simple_pipeline.py for tasks to queue
[2026-06-20T10:29:58.531+0000] {logging_mixin.py:190} INFO - [2026-06-20T10:29:58.530+0000] {dagbag.py:588} INFO - Filling up the DagBag from /opt/airflow/dags/simple_pipeline.py
[2026-06-20T10:30:00.546+0000] {processor.py:925} INFO - DAG(s) 'simple_mlflow_experiment' retrieved from /opt/airflow/dags/simple_pipeline.py
[2026-06-20T10:30:00.576+0000] {logging_mixin.py:190} INFO - [2026-06-20T10:30:00.576+0000] {dag.py:3239} INFO - Sync 1 DAGs
[2026-06-20T10:30:00.613+0000] {logging_mixin.py:190} INFO - [2026-06-20T10:30:00.612+0000] {dag.py:4180} INFO - Setting next_dagrun for simple_mlflow_experiment to 2026-06-19 00:00:00+00:00, run_after=2026-06-20 00:00:00+00:00
[2026-06-20T10:30:00.643+0000] {processor.py:208} INFO - Processing /opt/airflow/dags/simple_pipeline.py took 2.125 seconds
[2026-06-20T10:30:31.457+0000] {processor.py:186} INFO - Started process (PID=1991) to work on /opt/airflow/dags/simple_pipeline.py
[2026-06-20T10:30:31.458+0000] {processor.py:914} INFO - Processing file /opt/airflow/dags/simple_pipeline.py for tasks to queue
[2026-06-20T10:30:31.460+0000] {logging_mixin.py:190} INFO - [2026-06-20T10:30:31.459+0000] {dagbag.py:588} INFO - Filling up the DagBag from /opt/airflow/dags/simple_pipeline.py
[2026-06-20T10:30:33.782+0000] {processor.py:925} INFO - DAG(s) 'simple_mlflow_experiment' retrieved from /opt/airflow/dags/simple_pipeline.py
[2026-06-20T10:30:33.815+0000] {logging_mixin.py:190} INFO - [2026-06-20T10:30:33.815+0000] {dag.py:3239} INFO - Sync 1 DAGs
[2026-06-20T10:30:33.846+0000] {logging_mixin.py:190} INFO - [2026-06-20T10:30:33.845+0000] {dag.py:4180} INFO - Setting next_dagrun for simple_mlflow_experiment to 2026-06-19 00:00:00+00:00, run_after=2026-06-20 00:00:00+00:00
[2026-06-20T10:30:33.872+0000] {processor.py:208} INFO - Processing /opt/airflow/dags/simple_pipeline.py took 2.426 seconds
[2026-06-20T10:31:04.760+0000] {processor.py:186} INFO - Started process (PID=2024) to work on /opt/airflow/dags/simple_pipeline.py
[2026-06-20T10:31:04.761+0000] {processor.py:914} INFO - Processing file /opt/airflow/dags/simple_pipeline.py for tasks to queue
[2026-06-20T10:31:04.764+0000] {logging_mixin.py:190} INFO - [2026-06-20T10:31:04.763+0000] {dagbag.py:588} INFO - Filling up the DagBag from /opt/airflow/dags/simple_pipeline.py
[2026-06-20T10:31:06.946+0000] {processor.py:925} INFO - DAG(s) 'simple_mlflow_experiment' retrieved from /opt/airflow/dags/simple_pipeline.py
[2026-06-20T10:31:06.993+0000] {logging_mixin.py:190} INFO - [2026-06-20T10:31:06.992+0000] {dag.py:3239} INFO - Sync 1 DAGs
[2026-06-20T10:31:07.103+0000] {logging_mixin.py:190} INFO - [2026-06-20T10:31:07.103+0000] {dag.py:4180} INFO - Setting next_dagrun for simple_mlflow_experiment to 2026-06-19 00:00:00+00:00, run_after=2026-06-20 00:00:00+00:00
[2026-06-20T10:31:07.163+0000] {processor.py:208} INFO - Processing /opt/airflow/dags/simple_pipeline.py took 2.414 seconds
[2026-06-20T10:31:37.897+0000] {processor.py:186} INFO - Started process (PID=2059) to work on /opt/airflow/dags/simple_pipeline.py
[2026-06-20T10:31:37.898+0000] {processor.py:914} INFO - Processing file /opt/airflow/dags/simple_pipeline.py for tasks to queue
[2026-06-20T10:31:37.900+0000] {logging_mixin.py:190} INFO - [2026-06-20T10:31:37.900+0000] {dagbag.py:588} INFO - Filling up the DagBag from /opt/airflow/dags/simple_pipeline.py
[2026-06-20T10:31:40.549+0000] {processor.py:925} INFO - DAG(s) 'simple_mlflow_experiment' retrieved from /opt/airflow/dags/simple_pipeline.py
[2026-06-20T10:31:40.580+0000] {logging_mixin.py:190} INFO - [2026-06-20T10:31:40.580+0000] {dag.py:3239} INFO - Sync 1 DAGs
[2026-06-20T10:31:40.611+0000] {logging_mixin.py:190} INFO - [2026-06-20T10:31:40.610+0000] {dag.py:4180} INFO - Setting next_dagrun for simple_mlflow_experiment to 2026-06-19 00:00:00+00:00, run_after=2026-06-20 00:00:00+00:00
[2026-06-20T10:31:40.642+0000] {processor.py:208} INFO - Processing /opt/airflow/dags/simple_pipeline.py took 2.186 seconds
[2026-06-20T10:32:11.181+0000] {processor.py:186} INFO - Started process (PID=2092) to work on /opt/airflow/dags/simple_pipeline.py
[2026-06-20T10:32:11.182+0000] {processor.py:914} INFO - Processing file /opt/airflow/dags/simple_pipeline.py for tasks to queue
[2026-06-20T10:32:11.184+0000] {logging_mixin.py:190} INFO - [2026-06-20T10:32:11.184+0000] {dagbag.py:588} INFO - Filling up the DagBag from /opt/airflow/dags/simple_pipeline.py
[2026-06-20T10:32:13.252+0000] {processor.py:925} INFO - DAG(s) 'simple_mlflow_experiment' retrieved from /opt/airflow/dags/simple_pipeline.py
[2026-06-20T10:32:13.285+0000] {logging_mixin.py:190} INFO - [2026-06-20T10:32:13.285+0000] {dag.py:3239} INFO - Sync 1 DAGs
[2026-06-20T10:32:13.316+0000] {logging_mixin.py:190} INFO - [2026-06-20T10:32:13.315+0000] {dag.py:4180} INFO - Setting next_dagrun for simple_mlflow_experiment to 2026-06-19 00:00:00+00:00, run_after=2026-06-20 00:00:00+00:00
[2026-06-20T10:32:13.342+0000] {processor.py:208} INFO - Processing /opt/airflow/dags/simple_pipeline.py took 2.171 seconds
[2026-06-20T10:32:44.119+0000] {processor.py:186} INFO - Started process (PID=2126) to work on /opt/airflow/dags/simple_pipeline.py
[2026-06-20T10:32:44.120+0000] {processor.py:914} INFO - Processing file /opt/airflow/dags/simple_pipeline.py for tasks to queue
[2026-06-20T10:32:44.122+0000] {logging_mixin.py:190} INFO - [2026-06-20T10:32:44.121+0000] {dagbag.py:588} INFO - Filling up the DagBag from /opt/airflow/dags/simple_pipeline.py
[2026-06-20T10:32:46.080+0000] {processor.py:925} INFO - DAG(s) 'simple_mlflow_experiment' retrieved from /opt/airflow/dags/simple_pipeline.py
[2026-06-20T10:32:46.110+0000] {logging_mixin.py:190} INFO - [2026-06-20T10:32:46.109+0000] {dag.py:3239} INFO - Sync 1 DAGs
[2026-06-20T10:32:46.142+0000] {logging_mixin.py:190} INFO - [2026-06-20T10:32:46.141+0000] {dag.py:4180} INFO - Setting next_dagrun for simple_mlflow_experiment to 2026-06-19 00:00:00+00:00, run_after=2026-06-20 00:00:00+00:00
[2026-06-20T10:32:46.168+0000] {processor.py:208} INFO - Processing /opt/airflow/dags/simple_pipeline.py took 2.059 seconds
[2026-06-20T10:33:16.297+0000] {processor.py:186} INFO - Started process (PID=2159) to work on /opt/airflow/dags/simple_pipeline.py
[2026-06-20T10:33:16.298+0000] {processor.py:914} INFO - Processing file /opt/airflow/dags/simple_pipeline.py for tasks to queue
[2026-06-20T10:33:16.300+0000] {logging_mixin.py:190} INFO - [2026-06-20T10:33:16.299+0000] {dagbag.py:588} INFO - Filling up the DagBag from /opt/airflow/dags/simple_pipeline.py
[2026-06-20T10:33:18.604+0000] {processor.py:925} INFO - DAG(s) 'simple_mlflow_experiment' retrieved from /opt/airflow/dags/simple_pipeline.py
[2026-06-20T10:33:18.635+0000] {logging_mixin.py:190} INFO - [2026-06-20T10:33:18.634+0000] {dag.py:3239} INFO - Sync 1 DAGs
[2026-06-20T10:33:18.675+0000] {logging_mixin.py:190} INFO - [2026-06-20T10:33:18.675+0000] {dag.py:4180} INFO - Setting next_dagrun for simple_mlflow_experiment to 2026-06-19 00:00:00+00:00, run_after=2026-06-20 00:00:00+00:00
[2026-06-20T10:33:18.705+0000] {processor.py:208} INFO - Processing /opt/airflow/dags/simple_pipeline.py took 2.418 seconds
[2026-06-20T10:33:49.202+0000] {processor.py:186} INFO - Started process (PID=2190) to work on /opt/airflow/dags/simple_pipeline.py
[2026-06-20T10:33:49.203+0000] {processor.py:914} INFO - Processing file /opt/airflow/dags/simple_pipeline.py for tasks to queue
[2026-06-20T10:33:49.206+0000] {logging_mixin.py:190} INFO - [2026-06-20T10:33:49.205+0000] {dagbag.py:588} INFO - Filling up the DagBag from /opt/airflow/dags/simple_pipeline.py
[2026-06-20T10:33:51.500+0000] {processor.py:925} INFO - DAG(s) 'simple_mlflow_experiment' retrieved from /opt/airflow/dags/simple_pipeline.py
[2026-06-20T10:33:51.536+0000] {logging_mixin.py:190} INFO - [2026-06-20T10:33:51.535+0000] {dag.py:3239} INFO - Sync 1 DAGs
[2026-06-20T10:33:51.568+0000] {logging_mixin.py:190} INFO - [2026-06-20T10:33:51.567+0000] {dag.py:4180} INFO - Setting next_dagrun for simple_mlflow_experiment to 2026-06-19 00:00:00+00:00, run_after=2026-06-20 00:00:00+00:00
[2026-06-20T10:33:51.596+0000] {processor.py:208} INFO - Processing /opt/airflow/dags/simple_pipeline.py took 2.403 seconds
[2026-06-20T10:34:22.343+0000] {processor.py:186} INFO - Started process (PID=2223) to work on /opt/airflow/dags/simple_pipeline.py
[2026-06-20T10:34:22.344+0000] {processor.py:914} INFO - Processing file /opt/airflow/dags/simple_pipeline.py for tasks to queue
[2026-06-20T10:34:22.346+0000] {logging_mixin.py:190} INFO - [2026-06-20T10:34:22.345+0000] {dagbag.py:588} INFO - Filling up the DagBag from /opt/airflow/dags/simple_pipeline.py
[2026-06-20T10:34:24.594+0000] {processor.py:925} INFO - DAG(s) 'simple_mlflow_experiment' retrieved from /opt/airflow/dags/simple_pipeline.py
[2026-06-20T10:34:24.626+0000] {logging_mixin.py:190} INFO - [2026-06-20T10:34:24.626+0000] {dag.py:3239} INFO - Sync 1 DAGs
[2026-06-20T10:34:24.665+0000] {logging_mixin.py:190} INFO - [2026-06-20T10:34:24.664+0000] {dag.py:4180} INFO - Setting next_dagrun for simple_mlflow_experiment to 2026-06-19 00:00:00+00:00, run_after=2026-06-20 00:00:00+00:00
[2026-06-20T10:34:24.702+0000] {processor.py:208} INFO - Processing /opt/airflow/dags/simple_pipeline.py took 2.369 seconds
[2026-06-20T10:34:55.141+0000] {processor.py:186} INFO - Started process (PID=2256) to work on /opt/airflow/dags/simple_pipeline.py
[2026-06-20T10:34:55.143+0000] {processor.py:914} INFO - Processing file /opt/airflow/dags/simple_pipeline.py for tasks to queue
[2026-06-20T10:34:55.147+0000] {logging_mixin.py:190} INFO - [2026-06-20T10:34:55.146+0000] {dagbag.py:588} INFO - Filling up the DagBag from /opt/airflow/dags/simple_pipeline.py
[2026-06-20T10:34:57.880+0000] {processor.py:925} INFO - DAG(s) 'simple_mlflow_experiment' retrieved from /opt/airflow/dags/simple_pipeline.py
[2026-06-20T10:34:57.921+0000] {logging_mixin.py:190} INFO - [2026-06-20T10:34:57.921+0000] {dag.py:3239} INFO - Sync 1 DAGs
[2026-06-20T10:34:57.953+0000] {logging_mixin.py:190} INFO - [2026-06-20T10:34:57.953+0000] {dag.py:4180} INFO - Setting next_dagrun for simple_mlflow_experiment to 2026-06-19 00:00:00+00:00, run_after=2026-06-20 00:00:00+00:00
[2026-06-20T10:34:57.981+0000] {processor.py:208} INFO - Processing /opt/airflow/dags/simple_pipeline.py took 2.850 seconds
[2026-06-20T10:35:28.572+0000] {processor.py:186} INFO - Started process (PID=2291) to work on /opt/airflow/dags/simple_pipeline.py
[2026-06-20T10:35:28.573+0000] {processor.py:914} INFO - Processing file /opt/airflow/dags/simple_pipeline.py for tasks to queue
[2026-06-20T10:35:28.576+0000] {logging_mixin.py:190} INFO - [2026-06-20T10:35:28.575+0000] {dagbag.py:588} INFO - Filling up the DagBag from /opt/airflow/dags/simple_pipeline.py
[2026-06-20T10:35:30.992+0000] {processor.py:925} INFO - DAG(s) 'simple_mlflow_experiment' retrieved from /opt/airflow/dags/simple_pipeline.py
[2026-06-20T10:35:31.034+0000] {logging_mixin.py:190} INFO - [2026-06-20T10:35:31.033+0000] {dag.py:3239} INFO - Sync 1 DAGs
[2026-06-20T10:35:31.070+0000] {logging_mixin.py:190} INFO - [2026-06-20T10:35:31.070+0000] {dag.py:4180} INFO - Setting next_dagrun for simple_mlflow_experiment to 2026-06-19 00:00:00+00:00, run_after=2026-06-20 00:00:00+00:00
[2026-06-20T10:35:31.107+0000] {processor.py:208} INFO - Processing /opt/airflow/dags/simple_pipeline.py took 2.545 seconds
[2026-06-20T10:36:01.845+0000] {processor.py:186} INFO - Started process (PID=2324) to work on /opt/airflow/dags/simple_pipeline.py
[2026-06-20T10:36:01.846+0000] {processor.py:914} INFO - Processing file /opt/airflow/dags/simple_pipeline.py for tasks to queue
[2026-06-20T10:36:01.849+0000] {logging_mixin.py:190} INFO - [2026-06-20T10:36:01.848+0000] {dagbag.py:588} INFO - Filling up the DagBag from /opt/airflow/dags/simple_pipeline.py
[2026-06-20T10:36:04.459+0000] {processor.py:925} INFO - DAG(s) 'simple_mlflow_experiment' retrieved from /opt/airflow/dags/simple_pipeline.py
[2026-06-20T10:36:04.492+0000] {logging_mixin.py:190} INFO - [2026-06-20T10:36:04.491+0000] {dag.py:3239} INFO - Sync 1 DAGs
[2026-06-20T10:36:04.530+0000] {logging_mixin.py:190} INFO - [2026-06-20T10:36:04.530+0000] {dag.py:4180} INFO - Setting next_dagrun for simple_mlflow_experiment to 2026-06-19 00:00:00+00:00, run_after=2026-06-20 00:00:00+00:00
[2026-06-20T10:36:04.565+0000] {processor.py:208} INFO - Processing /opt/airflow/dags/simple_pipeline.py took 2.734 seconds
[2026-06-20T10:36:34.780+0000] {processor.py:186} INFO - Started process (PID=2357) to work on /opt/airflow/dags/simple_pipeline.py
[2026-06-20T10:36:34.781+0000] {processor.py:914} INFO - Processing file /opt/airflow/dags/simple_pipeline.py for tasks to queue
[2026-06-20T10:36:34.783+0000] {logging_mixin.py:190} INFO - [2026-06-20T10:36:34.783+0000] {dagbag.py:588} INFO - Filling up the DagBag from /opt/airflow/dags/simple_pipeline.py
[2026-06-20T10:36:36.972+0000] {processor.py:925} INFO - DAG(s) 'simple_mlflow_experiment' retrieved from /opt/airflow/dags/simple_pipeline.py
[2026-06-20T10:36:37.005+0000] {logging_mixin.py:190} INFO - [2026-06-20T10:36:37.004+0000] {dag.py:3239} INFO - Sync 1 DAGs
[2026-06-20T10:36:37.035+0000] {logging_mixin.py:190} INFO - [2026-06-20T10:36:37.035+0000] {dag.py:4180} INFO - Setting next_dagrun for simple_mlflow_experiment to 2026-06-19 00:00:00+00:00, run_after=2026-06-20 00:00:00+00:00
[2026-06-20T10:36:37.063+0000] {processor.py:208} INFO - Processing /opt/airflow/dags/simple_pipeline.py took 2.292 seconds
