[2026-03-02T10:35:08.920+0000] {local_task_job_runner.py:123} INFO - ::group::Pre task execution logs
[2026-03-02T10:35:08.933+0000] {taskinstance.py:2612} INFO - Dependencies all met for dep_context=non-requeueable deps ti=<TaskInstance: ml_pipeline_with_mlflow.select_best_model manual__2026-03-02T10:34:56.598976+00:00 [queued]>
[2026-03-02T10:35:08.942+0000] {taskinstance.py:2612} INFO - Dependencies all met for dep_context=requeueable deps ti=<TaskInstance: ml_pipeline_with_mlflow.select_best_model manual__2026-03-02T10:34:56.598976+00:00 [queued]>
[2026-03-02T10:35:08.942+0000] {taskinstance.py:2865} INFO - Starting attempt 1 of 2
[2026-03-02T10:35:08.950+0000] {taskinstance.py:2888} INFO - Executing <Task(PythonOperator): select_best_model> on 2026-03-02 10:34:56.598976+00:00
[2026-03-02T10:35:08.954+0000] {standard_task_runner.py:72} INFO - Started process 989 to run task
[2026-03-02T10:35:08.957+0000] {standard_task_runner.py:104} INFO - Running: ['***', 'tasks', 'run', 'ml_pipeline_with_mlflow', 'select_best_model', 'manual__2026-03-02T10:34:56.598976+00:00', '--job-id', '19', '--raw', '--subdir', 'DAGS_FOLDER/full_pipeline.py', '--cfg-path', '/tmp/tmp68f00wha']
[2026-03-02T10:35:08.959+0000] {standard_task_runner.py:105} INFO - Job 19: Subtask select_best_model
[2026-03-02T10:35:08.985+0000] {task_command.py:467} INFO - Running <TaskInstance: ml_pipeline_with_mlflow.select_best_model manual__2026-03-02T10:34:56.598976+00:00 [running]> on host 6f79ea9f2e18
[2026-03-02T10:35:09.023+0000] {taskinstance.py:3131} INFO - Exporting env vars: AIRFLOW_CTX_DAG_OWNER='ml_team' AIRFLOW_CTX_DAG_ID='ml_pipeline_with_mlflow' AIRFLOW_CTX_TASK_ID='select_best_model' AIRFLOW_CTX_EXECUTION_DATE='2026-03-02T10:34:56.598976+00:00' AIRFLOW_CTX_TRY_NUMBER='1' AIRFLOW_CTX_DAG_RUN_ID='manual__2026-03-02T10:34:56.598976+00:00'
[2026-03-02T10:35:09.024+0000] {taskinstance.py:731} INFO - ::endgroup::
[2026-03-02T10:35:09.047+0000] {logging_mixin.py:190} INFO - Model comparison:
[2026-03-02T10:35:09.048+0000] {logging_mixin.py:190} INFO -   RandomForest: 0.8850
[2026-03-02T10:35:09.048+0000] {logging_mixin.py:190} INFO -   GradientBoosting: 0.9000
[2026-03-02T10:35:09.049+0000] {logging_mixin.py:190} INFO -   LogisticRegression: 0.7350
[2026-03-02T10:35:09.053+0000] {logging_mixin.py:190} INFO - 
 Best model: GradientBoosting
[2026-03-02T10:35:09.054+0000] {logging_mixin.py:190} INFO -   Accuracy: 0.9000
[2026-03-02T10:35:09.054+0000] {logging_mixin.py:190} INFO -   Run ID: 58cf3e63d0e74f1ca082236dbd23a764
[2026-03-02T10:35:09.070+0000] {python.py:240} INFO - Done. Returned value was: {'best_model': 'GradientBoosting', 'best_run_id': '58cf3e63d0e74f1ca082236dbd23a764', 'best_accuracy': 0.9}
[2026-03-02T10:35:09.080+0000] {taskinstance.py:340} INFO - ::group::Post task execution logs
[2026-03-02T10:35:09.081+0000] {taskinstance.py:352} INFO - Marking task as SUCCESS. dag_id=ml_pipeline_with_mlflow, task_id=select_best_model, run_id=manual__2026-03-02T10:34:56.598976+00:00, execution_date=20260302T103456, start_date=20260302T103508, end_date=20260302T103509
[2026-03-02T10:35:09.097+0000] {local_task_job_runner.py:266} INFO - Task exited with return code 0
[2026-03-02T10:35:09.114+0000] {taskinstance.py:3900} INFO - 1 downstream tasks scheduled from follow-on schedule check
[2026-03-02T10:35:09.116+0000] {local_task_job_runner.py:245} INFO - ::endgroup::
