[2026-06-18T16:17:10.881+0000] {local_task_job_runner.py:123} INFO - ::group::Pre task execution logs
[2026-06-18T16:17:10.905+0000] {taskinstance.py:2612} INFO - Dependencies all met for dep_context=non-requeueable deps ti=<TaskInstance: ml_pipeline_with_mlflow.register_model manual__2026-06-18T16:16:16.706402+00:00 [queued]>
[2026-06-18T16:17:10.920+0000] {taskinstance.py:2612} INFO - Dependencies all met for dep_context=requeueable deps ti=<TaskInstance: ml_pipeline_with_mlflow.register_model manual__2026-06-18T16:16:16.706402+00:00 [queued]>
[2026-06-18T16:17:10.922+0000] {taskinstance.py:2865} INFO - Starting attempt 1 of 2
[2026-06-18T16:17:10.943+0000] {taskinstance.py:2888} INFO - Executing <Task(PythonOperator): register_model> on 2026-06-18 16:16:16.706402+00:00
[2026-06-18T16:17:10.954+0000] {standard_task_runner.py:72} INFO - Started process 2694 to run task
[2026-06-18T16:17:10.959+0000] {standard_task_runner.py:104} INFO - Running: ['***', 'tasks', 'run', 'ml_pipeline_with_mlflow', 'register_model', 'manual__2026-06-18T16:16:16.706402+00:00', '--job-id', '18', '--raw', '--subdir', 'DAGS_FOLDER/full_pipeline.py', '--cfg-path', '/tmp/tmpftyw1b9v']
[2026-06-18T16:17:10.964+0000] {standard_task_runner.py:105} INFO - Job 18: Subtask register_model
[2026-06-18T16:17:11.033+0000] {task_command.py:467} INFO - Running <TaskInstance: ml_pipeline_with_mlflow.register_model manual__2026-06-18T16:16:16.706402+00:00 [running]> on host 7c322b6c4560
[2026-06-18T16:17:11.148+0000] {taskinstance.py:3131} INFO - Exporting env vars: AIRFLOW_CTX_DAG_OWNER='ml_team' AIRFLOW_CTX_DAG_ID='ml_pipeline_with_mlflow' AIRFLOW_CTX_TASK_ID='register_model' AIRFLOW_CTX_EXECUTION_DATE='2026-06-18T16:16:16.706402+00:00' AIRFLOW_CTX_TRY_NUMBER='1' AIRFLOW_CTX_DAG_RUN_ID='manual__2026-06-18T16:16:16.706402+00:00'
[2026-06-18T16:17:11.150+0000] {taskinstance.py:731} INFO - ::endgroup::
[2026-06-18T16:17:11.169+0000] {logging_mixin.py:190} INFO -  Registering model to MLFlow Model Registry...
[2026-06-18T16:17:11.414+0000] {logging_mixin.py:190} WARNING - Registered model 'wine_quality_model' already exists. Creating a new version of this model...
[2026-06-18T16:17:11.529+0000] {logging_mixin.py:190} WARNING - 2026/06/18 16:17:11 INFO mlflow.store.model_registry.abstract_store: Waiting up to 300 seconds for model version to finish creation. Model name: wine_quality_model, version 2
[2026-06-18T16:17:11.531+0000] {logging_mixin.py:190} WARNING - Created version '2' of model 'wine_quality_model'.
[2026-06-18T16:17:11.532+0000] {logging_mixin.py:190} INFO -  Model registered!
[2026-06-18T16:17:11.534+0000] {logging_mixin.py:190} INFO -   Model Name: wine_quality_model
[2026-06-18T16:17:11.536+0000] {logging_mixin.py:190} INFO -   Version: 2
[2026-06-18T16:17:11.537+0000] {logging_mixin.py:190} INFO -   Algorithm: GradientBoosting
[2026-06-18T16:17:11.542+0000] {logging_mixin.py:190} INFO -   Accuracy: 0.9000
[2026-06-18T16:17:11.543+0000] {python.py:240} INFO - Done. Returned value was: {'model_name': 'wine_quality_model', 'version': '2', 'algorithm': 'GradientBoosting', 'accuracy': 0.9}
[2026-06-18T16:17:11.590+0000] {taskinstance.py:340} INFO - ::group::Post task execution logs
[2026-06-18T16:17:11.592+0000] {taskinstance.py:352} INFO - Marking task as SUCCESS. dag_id=ml_pipeline_with_mlflow, task_id=register_model, run_id=manual__2026-06-18T16:16:16.706402+00:00, execution_date=20260618T161616, start_date=20260618T161710, end_date=20260618T161711
[2026-06-18T16:17:11.655+0000] {local_task_job_runner.py:266} INFO - Task exited with return code 0
[2026-06-18T16:17:11.685+0000] {taskinstance.py:3900} INFO - 1 downstream tasks scheduled from follow-on schedule check
[2026-06-18T16:17:11.690+0000] {local_task_job_runner.py:245} INFO - ::endgroup::
