[2026-06-18T16:21:10.038+0000] {local_task_job_runner.py:123} INFO - ::group::Pre task execution logs
[2026-06-18T16:21:10.063+0000] {taskinstance.py:2612} INFO - Dependencies all met for dep_context=non-requeueable deps ti=<TaskInstance: simple_mlflow_experiment.run_experiment scheduled__2026-06-17T00:00:00+00:00 [queued]>
[2026-06-18T16:21:10.078+0000] {taskinstance.py:2612} INFO - Dependencies all met for dep_context=requeueable deps ti=<TaskInstance: simple_mlflow_experiment.run_experiment scheduled__2026-06-17T00:00:00+00:00 [queued]>
[2026-06-18T16:21:10.080+0000] {taskinstance.py:2865} INFO - Starting attempt 1 of 2
[2026-06-18T16:21:10.103+0000] {taskinstance.py:2888} INFO - Executing <Task(PythonOperator): run_experiment> on 2026-06-17 00:00:00+00:00
[2026-06-18T16:21:10.114+0000] {standard_task_runner.py:72} INFO - Started process 2958 to run task
[2026-06-18T16:21:10.119+0000] {standard_task_runner.py:104} INFO - Running: ['***', 'tasks', 'run', 'simple_mlflow_experiment', 'run_experiment', 'scheduled__2026-06-17T00:00:00+00:00', '--job-id', '21', '--raw', '--subdir', 'DAGS_FOLDER/simple_pipeline.py', '--cfg-path', '/tmp/tmpp5kvasc_']
[2026-06-18T16:21:10.124+0000] {standard_task_runner.py:105} INFO - Job 21: Subtask run_experiment
[2026-06-18T16:21:10.200+0000] {task_command.py:467} INFO - Running <TaskInstance: simple_mlflow_experiment.run_experiment scheduled__2026-06-17T00:00:00+00:00 [running]> on host 7c322b6c4560
[2026-06-18T16:21:10.327+0000] {taskinstance.py:3131} INFO - Exporting env vars: AIRFLOW_CTX_DAG_OWNER='ml_team' AIRFLOW_CTX_DAG_ID='simple_mlflow_experiment' AIRFLOW_CTX_TASK_ID='run_experiment' AIRFLOW_CTX_EXECUTION_DATE='2026-06-17T00:00:00+00:00' AIRFLOW_CTX_TRY_NUMBER='1' AIRFLOW_CTX_DAG_RUN_ID='scheduled__2026-06-17T00:00:00+00:00'
[2026-06-18T16:21:10.330+0000] {taskinstance.py:731} INFO - ::endgroup::
[2026-06-18T16:21:10.356+0000] {logging_mixin.py:190} INFO - Starting simple ML experiment...
[2026-06-18T16:21:10.450+0000] {logging_mixin.py:190} INFO - Generating data...
[2026-06-18T16:21:10.548+0000] {logging_mixin.py:190} WARNING - 2026/06/18 16:21:10 WARNING mlflow.utils.git_utils: Failed to import Git (the Git executable is probably not on your PATH), so Git SHA is not available. Error: Failed to initialize: Bad git executable.
The git executable must be specified in one of the following ways:
    - be included in your $PATH
    - be set via $GIT_PYTHON_GIT_EXECUTABLE
    - explicitly set via git.refresh(<full-path-to-git-executable>)

All git commands will error until this is rectified.

This initial message can be silenced or aggravated in the future by setting the
$GIT_PYTHON_REFRESH environment variable. Use one of the following values:
    - quiet|q|silence|s|silent|none|n|0: for no message or exception
    - warn|w|warning|log|l|1: for a warning message (logging level CRITICAL, displayed by default)
    - error|e|exception|raise|r|2: for a raised exception

Example:
    export GIT_PYTHON_REFRESH=quiet
[2026-06-18T16:21:10.618+0000] {logging_mixin.py:190} INFO - 
 Training with params: {'n_estimators': 50, 'max_depth': 5}
[2026-06-18T16:21:17.031+0000] {logging_mixin.py:190} WARNING - 2026/06/18 16:21:17 WARNING mlflow.models.model: Model logged without a signature and input example. Please set `input_example` parameter when logging the model to auto infer the model signature.
[2026-06-18T16:21:18.867+0000] {credentials.py:1124} INFO - Found credentials in environment variables.
[2026-06-18T16:21:19.563+0000] {logging_mixin.py:190} INFO -  Run completed!
[2026-06-18T16:21:19.565+0000] {logging_mixin.py:190} INFO -  Run ID: 82f263ae1b1a49a592fb6d23cf0a270d
[2026-06-18T16:21:19.566+0000] {logging_mixin.py:190} INFO -  Accuracy: 0.8600
[2026-06-18T16:21:19.603+0000] {logging_mixin.py:190} WARNING - 2026/06/18 16:21:19 INFO mlflow.tracking._tracking_service.client: 🏃 View run merciful-moth-687 at: http://mlflow:5001/#/experiments/7/runs/82f263ae1b1a49a592fb6d23cf0a270d.
[2026-06-18T16:21:19.604+0000] {logging_mixin.py:190} WARNING - 2026/06/18 16:21:19 INFO mlflow.tracking._tracking_service.client: 🧪 View experiment at: http://mlflow:5001/#/experiments/7.
[2026-06-18T16:21:19.719+0000] {logging_mixin.py:190} INFO - 
 Training with params: {'n_estimators': 100, 'max_depth': 10}
[2026-06-18T16:21:24.426+0000] {logging_mixin.py:190} WARNING - 2026/06/18 16:21:24 WARNING mlflow.models.model: Model logged without a signature and input example. Please set `input_example` parameter when logging the model to auto infer the model signature.
[2026-06-18T16:21:24.624+0000] {logging_mixin.py:190} INFO -  Run completed!
[2026-06-18T16:21:24.626+0000] {logging_mixin.py:190} INFO -  Run ID: fd800095e8934e2c86561282613f1c19
[2026-06-18T16:21:24.628+0000] {logging_mixin.py:190} INFO -  Accuracy: 0.8800
[2026-06-18T16:21:24.664+0000] {logging_mixin.py:190} WARNING - 2026/06/18 16:21:24 INFO mlflow.tracking._tracking_service.client: 🏃 View run adaptable-sheep-607 at: http://mlflow:5001/#/experiments/7/runs/fd800095e8934e2c86561282613f1c19.
[2026-06-18T16:21:24.666+0000] {logging_mixin.py:190} WARNING - 2026/06/18 16:21:24 INFO mlflow.tracking._tracking_service.client: 🧪 View experiment at: http://mlflow:5001/#/experiments/7.
[2026-06-18T16:21:24.740+0000] {logging_mixin.py:190} INFO - 
 Training with params: {'n_estimators': 200, 'max_depth': 15}
[2026-06-18T16:21:30.228+0000] {logging_mixin.py:190} WARNING - 2026/06/18 16:21:30 WARNING mlflow.models.model: Model logged without a signature and input example. Please set `input_example` parameter when logging the model to auto infer the model signature.
[2026-06-18T16:21:30.425+0000] {logging_mixin.py:190} INFO -  Run completed!
[2026-06-18T16:21:30.427+0000] {logging_mixin.py:190} INFO -  Run ID: 47f808c7eb19444aaefaec72c7da3b3c
[2026-06-18T16:21:30.428+0000] {logging_mixin.py:190} INFO -  Accuracy: 0.8900
[2026-06-18T16:21:30.462+0000] {logging_mixin.py:190} WARNING - 2026/06/18 16:21:30 INFO mlflow.tracking._tracking_service.client: 🏃 View run likeable-hog-361 at: http://mlflow:5001/#/experiments/7/runs/47f808c7eb19444aaefaec72c7da3b3c.
[2026-06-18T16:21:30.464+0000] {logging_mixin.py:190} WARNING - 2026/06/18 16:21:30 INFO mlflow.tracking._tracking_service.client: 🧪 View experiment at: http://mlflow:5001/#/experiments/7.
[2026-06-18T16:21:30.496+0000] {logging_mixin.py:190} INFO - 
 Best model:
[2026-06-18T16:21:30.498+0000] {logging_mixin.py:190} INFO -    Run ID: 47f808c7eb19444aaefaec72c7da3b3c
[2026-06-18T16:21:30.500+0000] {logging_mixin.py:190} INFO -    Accuracy: 0.8900
[2026-06-18T16:21:30.501+0000] {logging_mixin.py:190} INFO - 
 View results in MLFlow UI: http://mlflow:5001
[2026-06-18T16:21:30.503+0000] {python.py:240} INFO - Done. Returned value was: {'best_run_id': '47f808c7eb19444aaefaec72c7da3b3c', 'best_accuracy': 0.89, 'total_runs': 3}
[2026-06-18T16:21:30.537+0000] {taskinstance.py:340} INFO - ::group::Post task execution logs
[2026-06-18T16:21:30.539+0000] {taskinstance.py:352} INFO - Marking task as SUCCESS. dag_id=simple_mlflow_experiment, task_id=run_experiment, run_id=scheduled__2026-06-17T00:00:00+00:00, execution_date=20260617T000000, start_date=20260618T162110, end_date=20260618T162130
[2026-06-18T16:21:30.619+0000] {local_task_job_runner.py:266} INFO - Task exited with return code 0
[2026-06-18T16:21:30.643+0000] {taskinstance.py:3900} INFO - 0 downstream tasks scheduled from follow-on schedule check
[2026-06-18T16:21:30.654+0000] {local_task_job_runner.py:245} INFO - ::endgroup::
