[2026-06-18T16:16:32.348+0000] {local_task_job_runner.py:123} INFO - ::group::Pre task execution logs
[2026-06-18T16:16:32.378+0000] {taskinstance.py:2612} INFO - Dependencies all met for dep_context=non-requeueable deps ti=<TaskInstance: ml_pipeline_with_mlflow.preprocess_data scheduled__2026-06-17T00:00:00+00:00 [queued]>
[2026-06-18T16:16:32.432+0000] {taskinstance.py:2612} INFO - Dependencies all met for dep_context=requeueable deps ti=<TaskInstance: ml_pipeline_with_mlflow.preprocess_data scheduled__2026-06-17T00:00:00+00:00 [queued]>
[2026-06-18T16:16:32.438+0000] {taskinstance.py:2865} INFO - Starting attempt 1 of 2
[2026-06-18T16:16:32.478+0000] {taskinstance.py:2888} INFO - Executing <Task(PythonOperator): preprocess_data> on 2026-06-17 00:00:00+00:00
[2026-06-18T16:16:32.497+0000] {standard_task_runner.py:72} INFO - Started process 2367 to run task
[2026-06-18T16:16:32.504+0000] {standard_task_runner.py:104} INFO - Running: ['***', 'tasks', 'run', 'ml_pipeline_with_mlflow', 'preprocess_data', 'scheduled__2026-06-17T00:00:00+00:00', '--job-id', '7', '--raw', '--subdir', 'DAGS_FOLDER/full_pipeline.py', '--cfg-path', '/tmp/tmpkkt8kjnq']
[2026-06-18T16:16:32.509+0000] {standard_task_runner.py:105} INFO - Job 7: Subtask preprocess_data
[2026-06-18T16:16:32.594+0000] {task_command.py:467} INFO - Running <TaskInstance: ml_pipeline_with_mlflow.preprocess_data scheduled__2026-06-17T00:00:00+00:00 [running]> on host 7c322b6c4560
[2026-06-18T16:16:32.731+0000] {taskinstance.py:3131} INFO - Exporting env vars: AIRFLOW_CTX_DAG_OWNER='ml_team' AIRFLOW_CTX_DAG_ID='ml_pipeline_with_mlflow' AIRFLOW_CTX_TASK_ID='preprocess_data' AIRFLOW_CTX_EXECUTION_DATE='2026-06-17T00:00:00+00:00' AIRFLOW_CTX_TRY_NUMBER='1' AIRFLOW_CTX_DAG_RUN_ID='scheduled__2026-06-17T00:00:00+00:00'
[2026-06-18T16:16:32.734+0000] {taskinstance.py:731} INFO - ::endgroup::
[2026-06-18T16:16:32.779+0000] {logging_mixin.py:190} INFO -  Preprocessing data...
[2026-06-18T16:16:32.868+0000] {logging_mixin.py:190} INFO -  Preprocessing complete!
[2026-06-18T16:16:32.869+0000] {logging_mixin.py:190} INFO -   Train set: (800, 11)
[2026-06-18T16:16:32.870+0000] {logging_mixin.py:190} INFO -   Test set: (200, 11)
[2026-06-18T16:16:32.928+0000] {python.py:240} INFO - Done. Returned value was: {'train_size': 800, 'test_size': 200, 'n_features': 11}
[2026-06-18T16:16:32.982+0000] {taskinstance.py:340} INFO - ::group::Post task execution logs
[2026-06-18T16:16:32.984+0000] {taskinstance.py:352} INFO - Marking task as SUCCESS. dag_id=ml_pipeline_with_mlflow, task_id=preprocess_data, run_id=scheduled__2026-06-17T00:00:00+00:00, execution_date=20260617T000000, start_date=20260618T161632, end_date=20260618T161632
[2026-06-18T16:16:33.038+0000] {local_task_job_runner.py:266} INFO - Task exited with return code 0
[2026-06-18T16:16:33.081+0000] {taskinstance.py:3900} INFO - 3 downstream tasks scheduled from follow-on schedule check
[2026-06-18T16:16:33.087+0000] {local_task_job_runner.py:245} INFO - ::endgroup::
