[2026-03-02T10:35:08.894+0000] {local_task_job_runner.py:123} INFO - ::group::Pre task execution logs
[2026-03-02T10:35:08.906+0000] {taskinstance.py:2612} INFO - Dependencies all met for dep_context=non-requeueable deps ti=<TaskInstance: ml_pipeline_with_mlflow.send_notification scheduled__2026-03-01T00:00:00+00:00 [queued]>
[2026-03-02T10:35:08.914+0000] {taskinstance.py:2612} INFO - Dependencies all met for dep_context=requeueable deps ti=<TaskInstance: ml_pipeline_with_mlflow.send_notification scheduled__2026-03-01T00:00:00+00:00 [queued]>
[2026-03-02T10:35:08.915+0000] {taskinstance.py:2865} INFO - Starting attempt 1 of 2
[2026-03-02T10:35:08.928+0000] {taskinstance.py:2888} INFO - Executing <Task(PythonOperator): send_notification> on 2026-03-01 00:00:00+00:00
[2026-03-02T10:35:08.934+0000] {standard_task_runner.py:72} INFO - Started process 987 to run task
[2026-03-02T10:35:08.937+0000] {standard_task_runner.py:104} INFO - Running: ['***', 'tasks', 'run', 'ml_pipeline_with_mlflow', 'send_notification', 'scheduled__2026-03-01T00:00:00+00:00', '--job-id', '18', '--raw', '--subdir', 'DAGS_FOLDER/full_pipeline.py', '--cfg-path', '/tmp/tmpzyz649ch']
[2026-03-02T10:35:08.939+0000] {standard_task_runner.py:105} INFO - Job 18: Subtask send_notification
[2026-03-02T10:35:08.968+0000] {task_command.py:467} INFO - Running <TaskInstance: ml_pipeline_with_mlflow.send_notification scheduled__2026-03-01T00:00:00+00:00 [running]> on host 6f79ea9f2e18
[2026-03-02T10:35:09.008+0000] {taskinstance.py:3131} INFO - Exporting env vars: AIRFLOW_CTX_DAG_OWNER='ml_team' AIRFLOW_CTX_DAG_ID='ml_pipeline_with_mlflow' AIRFLOW_CTX_TASK_ID='send_notification' AIRFLOW_CTX_EXECUTION_DATE='2026-03-01T00:00:00+00:00' AIRFLOW_CTX_TRY_NUMBER='1' AIRFLOW_CTX_DAG_RUN_ID='scheduled__2026-03-01T00:00:00+00:00'
[2026-03-02T10:35:09.009+0000] {taskinstance.py:731} INFO - ::endgroup::
[2026-03-02T10:35:09.015+0000] {logging_mixin.py:190} INFO -  Sending notification...
[2026-03-02T10:35:09.024+0000] {logging_mixin.py:190} INFO - 
    Execution Date: 2026-03-01 00:00:00+00:00
    Best Model: GradientBoosting
    Test Accuracy: 90.00%
    Model has been registered to MLFlow Model Registry
    
[2026-03-02T10:35:09.025+0000] {python.py:240} INFO - Done. Returned value was: {'status': 'notification_sent'}
[2026-03-02T10:35:09.036+0000] {taskinstance.py:340} INFO - ::group::Post task execution logs
[2026-03-02T10:35:09.037+0000] {taskinstance.py:352} INFO - Marking task as SUCCESS. dag_id=ml_pipeline_with_mlflow, task_id=send_notification, run_id=scheduled__2026-03-01T00:00:00+00:00, execution_date=20260301T000000, start_date=20260302T103508, end_date=20260302T103509
[2026-03-02T10:35:09.076+0000] {local_task_job_runner.py:266} INFO - Task exited with return code 0
[2026-03-02T10:35:09.087+0000] {taskinstance.py:3900} INFO - 0 downstream tasks scheduled from follow-on schedule check
[2026-03-02T10:35:09.089+0000] {local_task_job_runner.py:245} INFO - ::endgroup::
