[2026-06-18T16:17:17.515+0000] {local_task_job_runner.py:123} INFO - ::group::Pre task execution logs
[2026-06-18T16:17:17.542+0000] {taskinstance.py:2612} INFO - Dependencies all met for dep_context=non-requeueable deps ti=<TaskInstance: ml_pipeline_with_mlflow.send_notification scheduled__2026-06-17T00:00:00+00:00 [queued]>
[2026-06-18T16:17:17.559+0000] {taskinstance.py:2612} INFO - Dependencies all met for dep_context=requeueable deps ti=<TaskInstance: ml_pipeline_with_mlflow.send_notification scheduled__2026-06-17T00:00:00+00:00 [queued]>
[2026-06-18T16:17:17.562+0000] {taskinstance.py:2865} INFO - Starting attempt 1 of 2
[2026-06-18T16:17:17.586+0000] {taskinstance.py:2888} INFO - Executing <Task(PythonOperator): send_notification> on 2026-06-17 00:00:00+00:00
[2026-06-18T16:17:17.597+0000] {standard_task_runner.py:72} INFO - Started process 2715 to run task
[2026-06-18T16:17:17.603+0000] {standard_task_runner.py:104} INFO - Running: ['***', 'tasks', 'run', 'ml_pipeline_with_mlflow', 'send_notification', 'scheduled__2026-06-17T00:00:00+00:00', '--job-id', '20', '--raw', '--subdir', 'DAGS_FOLDER/full_pipeline.py', '--cfg-path', '/tmp/tmp_eios2b2']
[2026-06-18T16:17:17.608+0000] {standard_task_runner.py:105} INFO - Job 20: Subtask send_notification
[2026-06-18T16:17:17.681+0000] {task_command.py:467} INFO - Running <TaskInstance: ml_pipeline_with_mlflow.send_notification scheduled__2026-06-17T00:00:00+00:00 [running]> on host 7c322b6c4560
[2026-06-18T16:17:17.809+0000] {taskinstance.py:3131} INFO - Exporting env vars: AIRFLOW_CTX_DAG_OWNER='ml_team' AIRFLOW_CTX_DAG_ID='ml_pipeline_with_mlflow' AIRFLOW_CTX_TASK_ID='send_notification' AIRFLOW_CTX_EXECUTION_DATE='2026-06-17T00:00:00+00:00' AIRFLOW_CTX_TRY_NUMBER='1' AIRFLOW_CTX_DAG_RUN_ID='scheduled__2026-06-17T00:00:00+00:00'
[2026-06-18T16:17:17.811+0000] {taskinstance.py:731} INFO - ::endgroup::
[2026-06-18T16:17:17.830+0000] {logging_mixin.py:190} INFO -  Sending notification...
[2026-06-18T16:17:17.854+0000] {logging_mixin.py:190} INFO - 
    Execution Date: 2026-06-17 00:00:00+00:00
    Best Model: GradientBoosting
    Test Accuracy: 90.00%
    Model has been registered to MLFlow Model Registry
    
[2026-06-18T16:17:17.856+0000] {python.py:240} INFO - Done. Returned value was: {'status': 'notification_sent'}
[2026-06-18T16:17:17.888+0000] {taskinstance.py:340} INFO - ::group::Post task execution logs
[2026-06-18T16:17:17.890+0000] {taskinstance.py:352} INFO - Marking task as SUCCESS. dag_id=ml_pipeline_with_mlflow, task_id=send_notification, run_id=scheduled__2026-06-17T00:00:00+00:00, execution_date=20260617T000000, start_date=20260618T161717, end_date=20260618T161717
[2026-06-18T16:17:17.940+0000] {local_task_job_runner.py:266} INFO - Task exited with return code 0
[2026-06-18T16:17:17.968+0000] {taskinstance.py:3900} INFO - 0 downstream tasks scheduled from follow-on schedule check
[2026-06-18T16:17:17.976+0000] {local_task_job_runner.py:245} INFO - ::endgroup::
