[2026-06-18T16:17:07.095+0000] {local_task_job_runner.py:123} INFO - ::group::Pre task execution logs
[2026-06-18T16:17:07.119+0000] {taskinstance.py:2612} INFO - Dependencies all met for dep_context=non-requeueable deps ti=<TaskInstance: ml_pipeline_with_mlflow.select_best_model manual__2026-06-18T16:16:16.706402+00:00 [queued]>
[2026-06-18T16:17:07.132+0000] {taskinstance.py:2612} INFO - Dependencies all met for dep_context=requeueable deps ti=<TaskInstance: ml_pipeline_with_mlflow.select_best_model manual__2026-06-18T16:16:16.706402+00:00 [queued]>
[2026-06-18T16:17:07.134+0000] {taskinstance.py:2865} INFO - Starting attempt 1 of 2
[2026-06-18T16:17:07.156+0000] {taskinstance.py:2888} INFO - Executing <Task(PythonOperator): select_best_model> on 2026-06-18 16:16:16.706402+00:00
[2026-06-18T16:17:07.167+0000] {standard_task_runner.py:72} INFO - Started process 2670 to run task
[2026-06-18T16:17:07.172+0000] {standard_task_runner.py:104} INFO - Running: ['***', 'tasks', 'run', 'ml_pipeline_with_mlflow', 'select_best_model', 'manual__2026-06-18T16:16:16.706402+00:00', '--job-id', '15', '--raw', '--subdir', 'DAGS_FOLDER/full_pipeline.py', '--cfg-path', '/tmp/tmp1bccq4ca']
[2026-06-18T16:17:07.177+0000] {standard_task_runner.py:105} INFO - Job 15: Subtask select_best_model
[2026-06-18T16:17:07.260+0000] {task_command.py:467} INFO - Running <TaskInstance: ml_pipeline_with_mlflow.select_best_model manual__2026-06-18T16:16:16.706402+00:00 [running]> on host 7c322b6c4560
[2026-06-18T16:17:07.370+0000] {taskinstance.py:3131} INFO - Exporting env vars: AIRFLOW_CTX_DAG_OWNER='ml_team' AIRFLOW_CTX_DAG_ID='ml_pipeline_with_mlflow' AIRFLOW_CTX_TASK_ID='select_best_model' AIRFLOW_CTX_EXECUTION_DATE='2026-06-18T16:16:16.706402+00:00' AIRFLOW_CTX_TRY_NUMBER='1' AIRFLOW_CTX_DAG_RUN_ID='manual__2026-06-18T16:16:16.706402+00:00'
[2026-06-18T16:17:07.372+0000] {taskinstance.py:731} INFO - ::endgroup::
[2026-06-18T16:17:07.423+0000] {logging_mixin.py:190} INFO - Model comparison:
[2026-06-18T16:17:07.424+0000] {logging_mixin.py:190} INFO -   RandomForest: 0.8850
[2026-06-18T16:17:07.426+0000] {logging_mixin.py:190} INFO -   GradientBoosting: 0.9000
[2026-06-18T16:17:07.427+0000] {logging_mixin.py:190} INFO -   LogisticRegression: 0.7350
[2026-06-18T16:17:07.438+0000] {logging_mixin.py:190} INFO - 
 Best model: GradientBoosting
[2026-06-18T16:17:07.439+0000] {logging_mixin.py:190} INFO -   Accuracy: 0.9000
[2026-06-18T16:17:07.441+0000] {logging_mixin.py:190} INFO -   Run ID: 2ee345d0492846d78b520db1a1899f7e
[2026-06-18T16:17:07.489+0000] {python.py:240} INFO - Done. Returned value was: {'best_model': 'GradientBoosting', 'best_run_id': '2ee345d0492846d78b520db1a1899f7e', 'best_accuracy': 0.9}
[2026-06-18T16:17:07.517+0000] {taskinstance.py:340} INFO - ::group::Post task execution logs
[2026-06-18T16:17:07.518+0000] {taskinstance.py:352} INFO - Marking task as SUCCESS. dag_id=ml_pipeline_with_mlflow, task_id=select_best_model, run_id=manual__2026-06-18T16:16:16.706402+00:00, execution_date=20260618T161616, start_date=20260618T161707, end_date=20260618T161707
[2026-06-18T16:17:07.548+0000] {local_task_job_runner.py:266} INFO - Task exited with return code 0
[2026-06-18T16:17:07.586+0000] {taskinstance.py:3900} INFO - 1 downstream tasks scheduled from follow-on schedule check
[2026-06-18T16:17:07.591+0000] {local_task_job_runner.py:245} INFO - ::endgroup::
