[2026-06-18T16:16:22.194+0000] {local_task_job_runner.py:123} INFO - ::group::Pre task execution logs
[2026-06-18T16:16:22.229+0000] {taskinstance.py:2612} INFO - Dependencies all met for dep_context=non-requeueable deps ti=<TaskInstance: ml_pipeline_with_mlflow.generate_data manual__2026-06-18T16:16:16.706402+00:00 [queued]>
[2026-06-18T16:16:22.244+0000] {taskinstance.py:2612} INFO - Dependencies all met for dep_context=requeueable deps ti=<TaskInstance: ml_pipeline_with_mlflow.generate_data manual__2026-06-18T16:16:16.706402+00:00 [queued]>
[2026-06-18T16:16:22.245+0000] {taskinstance.py:2865} INFO - Starting attempt 1 of 2
[2026-06-18T16:16:22.274+0000] {taskinstance.py:2888} INFO - Executing <Task(PythonOperator): generate_data> on 2026-06-18 16:16:16.706402+00:00
[2026-06-18T16:16:22.288+0000] {standard_task_runner.py:72} INFO - Started process 2304 to run task
[2026-06-18T16:16:22.309+0000] {standard_task_runner.py:104} INFO - Running: ['***', 'tasks', 'run', 'ml_pipeline_with_mlflow', 'generate_data', 'manual__2026-06-18T16:16:16.706402+00:00', '--job-id', '3', '--raw', '--subdir', 'DAGS_FOLDER/full_pipeline.py', '--cfg-path', '/tmp/tmpo9qom6im']
[2026-06-18T16:16:22.315+0000] {standard_task_runner.py:105} INFO - Job 3: Subtask generate_data
[2026-06-18T16:16:22.520+0000] {task_command.py:467} INFO - Running <TaskInstance: ml_pipeline_with_mlflow.generate_data manual__2026-06-18T16:16:16.706402+00:00 [running]> on host 7c322b6c4560
[2026-06-18T16:16:22.806+0000] {taskinstance.py:3131} INFO - Exporting env vars: AIRFLOW_CTX_DAG_OWNER='ml_team' AIRFLOW_CTX_DAG_ID='ml_pipeline_with_mlflow' AIRFLOW_CTX_TASK_ID='generate_data' AIRFLOW_CTX_EXECUTION_DATE='2026-06-18T16:16:16.706402+00:00' AIRFLOW_CTX_TRY_NUMBER='1' AIRFLOW_CTX_DAG_RUN_ID='manual__2026-06-18T16:16:16.706402+00:00'
[2026-06-18T16:16:22.808+0000] {taskinstance.py:731} INFO - ::endgroup::
[2026-06-18T16:16:23.059+0000] {logging_mixin.py:190} INFO -  Generated 1000 samples
[2026-06-18T16:16:23.103+0000] {logging_mixin.py:190} INFO - Quality distribution:
quality
0    337
2    333
1    330
Name: count, dtype: int64
[2026-06-18T16:16:23.104+0000] {python.py:240} INFO - Done. Returned value was: {'n_samples': 1000, 'n_features': 11}
[2026-06-18T16:16:23.198+0000] {taskinstance.py:340} INFO - ::group::Post task execution logs
[2026-06-18T16:16:23.200+0000] {taskinstance.py:352} INFO - Marking task as SUCCESS. dag_id=ml_pipeline_with_mlflow, task_id=generate_data, run_id=manual__2026-06-18T16:16:16.706402+00:00, execution_date=20260618T161616, start_date=20260618T161622, end_date=20260618T161623
[2026-06-18T16:16:23.249+0000] {local_task_job_runner.py:266} INFO - Task exited with return code 0
[2026-06-18T16:16:23.292+0000] {taskinstance.py:3900} INFO - 1 downstream tasks scheduled from follow-on schedule check
[2026-06-18T16:16:23.297+0000] {local_task_job_runner.py:245} INFO - ::endgroup::
