[2026-03-02T10:35:03.711+0000] {local_task_job_runner.py:123} INFO - ::group::Pre task execution logs
[2026-03-02T10:35:03.722+0000] {taskinstance.py:2612} INFO - Dependencies all met for dep_context=non-requeueable deps ti=<TaskInstance: ml_pipeline_with_mlflow.train_logistic_regression manual__2026-03-02T10:34:56.598976+00:00 [queued]>
[2026-03-02T10:35:03.731+0000] {taskinstance.py:2612} INFO - Dependencies all met for dep_context=requeueable deps ti=<TaskInstance: ml_pipeline_with_mlflow.train_logistic_regression manual__2026-03-02T10:34:56.598976+00:00 [queued]>
[2026-03-02T10:35:03.731+0000] {taskinstance.py:2865} INFO - Starting attempt 1 of 2
[2026-03-02T10:35:03.743+0000] {taskinstance.py:2888} INFO - Executing <Task(PythonOperator): train_logistic_regression> on 2026-03-02 10:34:56.598976+00:00
[2026-03-02T10:35:03.749+0000] {standard_task_runner.py:72} INFO - Started process 841 to run task
[2026-03-02T10:35:03.753+0000] {standard_task_runner.py:104} INFO - Running: ['***', 'tasks', 'run', 'ml_pipeline_with_mlflow', 'train_logistic_regression', 'manual__2026-03-02T10:34:56.598976+00:00', '--job-id', '14', '--raw', '--subdir', 'DAGS_FOLDER/full_pipeline.py', '--cfg-path', '/tmp/tmp06u2te2k']
[2026-03-02T10:35:03.756+0000] {standard_task_runner.py:105} INFO - Job 14: Subtask train_logistic_regression
[2026-03-02T10:35:03.793+0000] {task_command.py:467} INFO - Running <TaskInstance: ml_pipeline_with_mlflow.train_logistic_regression manual__2026-03-02T10:34:56.598976+00:00 [running]> on host 6f79ea9f2e18
[2026-03-02T10:35:03.840+0000] {taskinstance.py:3131} INFO - Exporting env vars: AIRFLOW_CTX_DAG_OWNER='ml_team' AIRFLOW_CTX_DAG_ID='ml_pipeline_with_mlflow' AIRFLOW_CTX_TASK_ID='train_logistic_regression' AIRFLOW_CTX_EXECUTION_DATE='2026-03-02T10:34:56.598976+00:00' AIRFLOW_CTX_TRY_NUMBER='1' AIRFLOW_CTX_DAG_RUN_ID='manual__2026-03-02T10:34:56.598976+00:00'
[2026-03-02T10:35:03.844+0000] {taskinstance.py:731} INFO - ::endgroup::
[2026-03-02T10:35:03.851+0000] {logging_mixin.py:190} INFO -  Training Logistic Regression...
[2026-03-02T10:35:03.912+0000] {logging_mixin.py:190} WARNING - 2026/03/02 10:35:03 WARNING mlflow.utils.git_utils: Failed to import Git (the Git executable is probably not on your PATH), so Git SHA is not available. Error: Failed to initialize: Bad git executable.
The git executable must be specified in one of the following ways:
    - be included in your $PATH
    - be set via $GIT_PYTHON_GIT_EXECUTABLE
    - explicitly set via git.refresh(<full-path-to-git-executable>)

All git commands will error until this is rectified.

This initial message can be silenced or aggravated in the future by setting the
$GIT_PYTHON_REFRESH environment variable. Use one of the following values:
    - quiet|q|silence|s|silent|none|n|0: for no message or exception
    - warn|w|warning|log|l|1: for a warning message (logging level CRITICAL, displayed by default)
    - error|e|exception|raise|r|2: for a raised exception

Example:
    export GIT_PYTHON_REFRESH=quiet
[2026-03-02T10:35:06.223+0000] {logging_mixin.py:190} WARNING - 2026/03/02 10:35:06 WARNING mlflow.models.model: Model logged without a signature and input example. Please set `input_example` parameter when logging the model to auto infer the model signature.
[2026-03-02T10:35:06.307+0000] {credentials.py:1124} INFO - Found credentials in environment variables.
[2026-03-02T10:35:06.392+0000] {logging_mixin.py:190} INFO -  Logistic Regression trained!
[2026-03-02T10:35:06.392+0000] {logging_mixin.py:190} INFO -   Run ID: 4c6daa97859040d7b1687a7f5b630470
[2026-03-02T10:35:06.393+0000] {logging_mixin.py:190} INFO -   Test Accuracy: 0.7350
[2026-03-02T10:35:06.420+0000] {logging_mixin.py:190} WARNING - 2026/03/02 10:35:06 INFO mlflow.tracking._tracking_service.client: 🏃 View run LogisticRegression at: http://mlflow:5001/#/experiments/3/runs/4c6daa97859040d7b1687a7f5b630470.
[2026-03-02T10:35:06.425+0000] {logging_mixin.py:190} WARNING - 2026/03/02 10:35:06 INFO mlflow.tracking._tracking_service.client: 🧪 View experiment at: http://mlflow:5001/#/experiments/3.
[2026-03-02T10:35:06.454+0000] {python.py:240} INFO - Done. Returned value was: {'train_accuracy': 0.7225, 'test_accuracy': 0.735, 'test_precision': 0.7369011839708561, 'test_recall': 0.735, 'test_f1': 0.7352591627485413}
[2026-03-02T10:35:06.488+0000] {taskinstance.py:340} INFO - ::group::Post task execution logs
[2026-03-02T10:35:06.499+0000] {taskinstance.py:352} INFO - Marking task as SUCCESS. dag_id=ml_pipeline_with_mlflow, task_id=train_logistic_regression, run_id=manual__2026-03-02T10:34:56.598976+00:00, execution_date=20260302T103456, start_date=20260302T103503, end_date=20260302T103506
[2026-03-02T10:35:06.523+0000] {local_task_job_runner.py:266} INFO - Task exited with return code 0
[2026-03-02T10:35:06.543+0000] {taskinstance.py:3900} INFO - 0 downstream tasks scheduled from follow-on schedule check
[2026-03-02T10:35:06.544+0000] {local_task_job_runner.py:245} INFO - ::endgroup::
