[2026-03-02T10:33:44.215+0000] {local_task_job_runner.py:123} INFO - ::group::Pre task execution logs
[2026-03-02T10:33:44.225+0000] {taskinstance.py:2612} INFO - Dependencies all met for dep_context=non-requeueable deps ti=<TaskInstance: simple_mlflow_experiment.run_experiment scheduled__2026-03-01T00:00:00+00:00 [queued]>
[2026-03-02T10:33:44.231+0000] {taskinstance.py:2612} INFO - Dependencies all met for dep_context=requeueable deps ti=<TaskInstance: simple_mlflow_experiment.run_experiment scheduled__2026-03-01T00:00:00+00:00 [queued]>
[2026-03-02T10:33:44.231+0000] {taskinstance.py:2865} INFO - Starting attempt 1 of 2
[2026-03-02T10:33:44.239+0000] {taskinstance.py:2888} INFO - Executing <Task(PythonOperator): run_experiment> on 2026-03-01 00:00:00+00:00
[2026-03-02T10:33:44.245+0000] {standard_task_runner.py:72} INFO - Started process 399 to run task
[2026-03-02T10:33:44.264+0000] {standard_task_runner.py:104} INFO - Running: ['***', 'tasks', 'run', 'simple_mlflow_experiment', 'run_experiment', 'scheduled__2026-03-01T00:00:00+00:00', '--job-id', '3', '--raw', '--subdir', 'DAGS_FOLDER/simple_pipeline.py', '--cfg-path', '/tmp/tmpluzmmvi1']
[2026-03-02T10:33:44.274+0000] {standard_task_runner.py:105} INFO - Job 3: Subtask run_experiment
[2026-03-02T10:33:44.352+0000] {task_command.py:467} INFO - Running <TaskInstance: simple_mlflow_experiment.run_experiment scheduled__2026-03-01T00:00:00+00:00 [running]> on host 6f79ea9f2e18
[2026-03-02T10:33:44.447+0000] {taskinstance.py:3131} INFO - Exporting env vars: AIRFLOW_CTX_DAG_OWNER='ml_team' AIRFLOW_CTX_DAG_ID='simple_mlflow_experiment' AIRFLOW_CTX_TASK_ID='run_experiment' AIRFLOW_CTX_EXECUTION_DATE='2026-03-01T00:00:00+00:00' AIRFLOW_CTX_TRY_NUMBER='1' AIRFLOW_CTX_DAG_RUN_ID='scheduled__2026-03-01T00:00:00+00:00'
[2026-03-02T10:33:44.448+0000] {taskinstance.py:731} INFO - ::endgroup::
[2026-03-02T10:33:44.475+0000] {logging_mixin.py:190} INFO - Starting simple ML experiment...
[2026-03-02T10:33:44.547+0000] {logging_mixin.py:190} INFO - Generating data...
[2026-03-02T10:33:44.623+0000] {logging_mixin.py:190} WARNING - 2026/03/02 10:33:44 WARNING mlflow.utils.git_utils: Failed to import Git (the Git executable is probably not on your PATH), so Git SHA is not available. Error: Failed to initialize: Bad git executable.
The git executable must be specified in one of the following ways:
    - be included in your $PATH
    - be set via $GIT_PYTHON_GIT_EXECUTABLE
    - explicitly set via git.refresh(<full-path-to-git-executable>)

All git commands will error until this is rectified.

This initial message can be silenced or aggravated in the future by setting the
$GIT_PYTHON_REFRESH environment variable. Use one of the following values:
    - quiet|q|silence|s|silent|none|n|0: for no message or exception
    - warn|w|warning|log|l|1: for a warning message (logging level CRITICAL, displayed by default)
    - error|e|exception|raise|r|2: for a raised exception

Example:
    export GIT_PYTHON_REFRESH=quiet
[2026-03-02T10:33:44.632+0000] {logging_mixin.py:190} INFO - 
 Training with params: {'n_estimators': 50, 'max_depth': 5}
[2026-03-02T10:33:48.015+0000] {logging_mixin.py:190} WARNING - 2026/03/02 10:33:48 WARNING mlflow.models.model: Model logged without a signature and input example. Please set `input_example` parameter when logging the model to auto infer the model signature.
[2026-03-02T10:33:48.082+0000] {credentials.py:1124} INFO - Found credentials in environment variables.
[2026-03-02T10:33:48.178+0000] {logging_mixin.py:190} INFO -  Run completed!
[2026-03-02T10:33:48.178+0000] {logging_mixin.py:190} INFO -  Run ID: 726b1d11bafd439481d4692a81853d0b
[2026-03-02T10:33:48.179+0000] {logging_mixin.py:190} INFO -  Accuracy: 0.8600
[2026-03-02T10:33:48.186+0000] {logging_mixin.py:190} WARNING - 2026/03/02 10:33:48 INFO mlflow.tracking._tracking_service.client: 🏃 View run flawless-hen-907 at: http://mlflow:5001/#/experiments/1/runs/726b1d11bafd439481d4692a81853d0b.
[2026-03-02T10:33:48.186+0000] {logging_mixin.py:190} WARNING - 2026/03/02 10:33:48 INFO mlflow.tracking._tracking_service.client: 🧪 View experiment at: http://mlflow:5001/#/experiments/1.
[2026-03-02T10:33:48.204+0000] {logging_mixin.py:190} INFO - 
 Training with params: {'n_estimators': 100, 'max_depth': 10}
[2026-03-02T10:33:50.048+0000] {logging_mixin.py:190} WARNING - 2026/03/02 10:33:50 WARNING mlflow.models.model: Model logged without a signature and input example. Please set `input_example` parameter when logging the model to auto infer the model signature.
[2026-03-02T10:33:50.090+0000] {logging_mixin.py:190} INFO -  Run completed!
[2026-03-02T10:33:50.090+0000] {logging_mixin.py:190} INFO -  Run ID: 29aef959641e4ddfa76c884fb4073db5
[2026-03-02T10:33:50.090+0000] {logging_mixin.py:190} INFO -  Accuracy: 0.8800
[2026-03-02T10:33:50.097+0000] {logging_mixin.py:190} WARNING - 2026/03/02 10:33:50 INFO mlflow.tracking._tracking_service.client: 🏃 View run languid-donkey-932 at: http://mlflow:5001/#/experiments/1/runs/29aef959641e4ddfa76c884fb4073db5.
[2026-03-02T10:33:50.097+0000] {logging_mixin.py:190} WARNING - 2026/03/02 10:33:50 INFO mlflow.tracking._tracking_service.client: 🧪 View experiment at: http://mlflow:5001/#/experiments/1.
[2026-03-02T10:33:50.111+0000] {logging_mixin.py:190} INFO - 
 Training with params: {'n_estimators': 200, 'max_depth': 15}
[2026-03-02T10:33:51.994+0000] {logging_mixin.py:190} WARNING - 2026/03/02 10:33:51 WARNING mlflow.models.model: Model logged without a signature and input example. Please set `input_example` parameter when logging the model to auto infer the model signature.
[2026-03-02T10:33:52.051+0000] {logging_mixin.py:190} INFO -  Run completed!
[2026-03-02T10:33:52.051+0000] {logging_mixin.py:190} INFO -  Run ID: c3ba615c0d344a5393777cfed4fb795e
[2026-03-02T10:33:52.051+0000] {logging_mixin.py:190} INFO -  Accuracy: 0.8900
[2026-03-02T10:33:52.058+0000] {logging_mixin.py:190} WARNING - 2026/03/02 10:33:52 INFO mlflow.tracking._tracking_service.client: 🏃 View run trusting-ox-360 at: http://mlflow:5001/#/experiments/1/runs/c3ba615c0d344a5393777cfed4fb795e.
[2026-03-02T10:33:52.059+0000] {logging_mixin.py:190} WARNING - 2026/03/02 10:33:52 INFO mlflow.tracking._tracking_service.client: 🧪 View experiment at: http://mlflow:5001/#/experiments/1.
[2026-03-02T10:33:52.065+0000] {logging_mixin.py:190} INFO - 
 Best model:
[2026-03-02T10:33:52.065+0000] {logging_mixin.py:190} INFO -    Run ID: c3ba615c0d344a5393777cfed4fb795e
[2026-03-02T10:33:52.065+0000] {logging_mixin.py:190} INFO -    Accuracy: 0.8900
[2026-03-02T10:33:52.065+0000] {logging_mixin.py:190} INFO - 
 View results in MLFlow UI: http://mlflow:5001
[2026-03-02T10:33:52.066+0000] {python.py:240} INFO - Done. Returned value was: {'best_run_id': 'c3ba615c0d344a5393777cfed4fb795e', 'best_accuracy': 0.89, 'total_runs': 3}
[2026-03-02T10:33:52.077+0000] {taskinstance.py:340} INFO - ::group::Post task execution logs
[2026-03-02T10:33:52.077+0000] {taskinstance.py:352} INFO - Marking task as SUCCESS. dag_id=simple_mlflow_experiment, task_id=run_experiment, run_id=scheduled__2026-03-01T00:00:00+00:00, execution_date=20260301T000000, start_date=20260302T103344, end_date=20260302T103352
[2026-03-02T10:33:52.095+0000] {local_task_job_runner.py:266} INFO - Task exited with return code 0
[2026-03-02T10:33:52.104+0000] {taskinstance.py:3900} INFO - 0 downstream tasks scheduled from follow-on schedule check
[2026-03-02T10:33:52.105+0000] {local_task_job_runner.py:245} INFO - ::endgroup::
