[2026-03-03T00:08:21.736+0000] {local_task_job_runner.py:123} INFO - ::group::Pre task execution logs
[2026-03-03T00:08:21.750+0000] {taskinstance.py:2612} INFO - Dependencies all met for dep_context=non-requeueable deps ti=<TaskInstance: simple_mlflow_experiment.run_experiment scheduled__2026-03-02T00:00:00+00:00 [queued]>
[2026-03-03T00:08:21.756+0000] {taskinstance.py:2612} INFO - Dependencies all met for dep_context=requeueable deps ti=<TaskInstance: simple_mlflow_experiment.run_experiment scheduled__2026-03-02T00:00:00+00:00 [queued]>
[2026-03-03T00:08:21.757+0000] {taskinstance.py:2865} INFO - Starting attempt 1 of 2
[2026-03-03T00:08:21.765+0000] {taskinstance.py:2888} INFO - Executing <Task(PythonOperator): run_experiment> on 2026-03-02 00:00:00+00:00
[2026-03-03T00:08:21.770+0000] {standard_task_runner.py:72} INFO - Started process 3243 to run task
[2026-03-03T00:08:21.772+0000] {standard_task_runner.py:104} INFO - Running: ['***', 'tasks', 'run', 'simple_mlflow_experiment', 'run_experiment', 'scheduled__2026-03-02T00:00:00+00:00', '--job-id', '32', '--raw', '--subdir', 'DAGS_FOLDER/simple_pipeline.py', '--cfg-path', '/tmp/tmp4sx9kwbo']
[2026-03-03T00:08:21.774+0000] {standard_task_runner.py:105} INFO - Job 32: Subtask run_experiment
[2026-03-03T00:08:21.799+0000] {task_command.py:467} INFO - Running <TaskInstance: simple_mlflow_experiment.run_experiment scheduled__2026-03-02T00:00:00+00:00 [running]> on host 6f79ea9f2e18
[2026-03-03T00:08:21.844+0000] {taskinstance.py:3131} INFO - Exporting env vars: AIRFLOW_CTX_DAG_OWNER='ml_team' AIRFLOW_CTX_DAG_ID='simple_mlflow_experiment' AIRFLOW_CTX_TASK_ID='run_experiment' AIRFLOW_CTX_EXECUTION_DATE='2026-03-02T00:00:00+00:00' AIRFLOW_CTX_TRY_NUMBER='1' AIRFLOW_CTX_DAG_RUN_ID='scheduled__2026-03-02T00:00:00+00:00'
[2026-03-03T00:08:21.845+0000] {taskinstance.py:731} INFO - ::endgroup::
[2026-03-03T00:08:21.852+0000] {logging_mixin.py:190} INFO - Starting simple ML experiment...
[2026-03-03T00:08:21.907+0000] {logging_mixin.py:190} INFO - Generating data...
[2026-03-03T00:08:21.934+0000] {logging_mixin.py:190} WARNING - 2026/03/03 00:08:21 WARNING mlflow.utils.git_utils: Failed to import Git (the Git executable is probably not on your PATH), so Git SHA is not available. Error: Failed to initialize: Bad git executable.
The git executable must be specified in one of the following ways:
    - be included in your $PATH
    - be set via $GIT_PYTHON_GIT_EXECUTABLE
    - explicitly set via git.refresh(<full-path-to-git-executable>)

All git commands will error until this is rectified.

This initial message can be silenced or aggravated in the future by setting the
$GIT_PYTHON_REFRESH environment variable. Use one of the following values:
    - quiet|q|silence|s|silent|none|n|0: for no message or exception
    - warn|w|warning|log|l|1: for a warning message (logging level CRITICAL, displayed by default)
    - error|e|exception|raise|r|2: for a raised exception

Example:
    export GIT_PYTHON_REFRESH=quiet
[2026-03-03T00:08:21.946+0000] {logging_mixin.py:190} INFO - 
 Training with params: {'n_estimators': 50, 'max_depth': 5}
[2026-03-03T00:08:24.214+0000] {logging_mixin.py:190} WARNING - 2026/03/03 00:08:24 WARNING mlflow.models.model: Model logged without a signature and input example. Please set `input_example` parameter when logging the model to auto infer the model signature.
[2026-03-03T00:08:24.323+0000] {credentials.py:1124} INFO - Found credentials in environment variables.
[2026-03-03T00:08:24.454+0000] {logging_mixin.py:190} INFO -  Run completed!
[2026-03-03T00:08:24.455+0000] {logging_mixin.py:190} INFO -  Run ID: 43589f06d3a54f6e92d6a09fa25099fc
[2026-03-03T00:08:24.455+0000] {logging_mixin.py:190} INFO -  Accuracy: 0.8600
[2026-03-03T00:08:24.463+0000] {logging_mixin.py:190} WARNING - 2026/03/03 00:08:24 INFO mlflow.tracking._tracking_service.client: 🏃 View run righteous-gull-555 at: http://mlflow:5001/#/experiments/1/runs/43589f06d3a54f6e92d6a09fa25099fc.
[2026-03-03T00:08:24.464+0000] {logging_mixin.py:190} WARNING - 2026/03/03 00:08:24 INFO mlflow.tracking._tracking_service.client: 🧪 View experiment at: http://mlflow:5001/#/experiments/1.
[2026-03-03T00:08:24.486+0000] {logging_mixin.py:190} INFO - 
 Training with params: {'n_estimators': 100, 'max_depth': 10}
[2026-03-03T00:08:26.063+0000] {logging_mixin.py:190} WARNING - 2026/03/03 00:08:26 WARNING mlflow.models.model: Model logged without a signature and input example. Please set `input_example` parameter when logging the model to auto infer the model signature.
[2026-03-03T00:08:26.108+0000] {logging_mixin.py:190} INFO -  Run completed!
[2026-03-03T00:08:26.108+0000] {logging_mixin.py:190} INFO -  Run ID: e19f04660d304f71b81c07f440ffa041
[2026-03-03T00:08:26.108+0000] {logging_mixin.py:190} INFO -  Accuracy: 0.8800
[2026-03-03T00:08:26.114+0000] {logging_mixin.py:190} WARNING - 2026/03/03 00:08:26 INFO mlflow.tracking._tracking_service.client: 🏃 View run sincere-croc-742 at: http://mlflow:5001/#/experiments/1/runs/e19f04660d304f71b81c07f440ffa041.
[2026-03-03T00:08:26.115+0000] {logging_mixin.py:190} WARNING - 2026/03/03 00:08:26 INFO mlflow.tracking._tracking_service.client: 🧪 View experiment at: http://mlflow:5001/#/experiments/1.
[2026-03-03T00:08:26.130+0000] {logging_mixin.py:190} INFO - 
 Training with params: {'n_estimators': 200, 'max_depth': 15}
[2026-03-03T00:08:28.734+0000] {logging_mixin.py:190} WARNING - 2026/03/03 00:08:28 WARNING mlflow.models.model: Model logged without a signature and input example. Please set `input_example` parameter when logging the model to auto infer the model signature.
[2026-03-03T00:08:28.871+0000] {logging_mixin.py:190} INFO -  Run completed!
[2026-03-03T00:08:28.875+0000] {logging_mixin.py:190} INFO -  Run ID: 62d9a49f78ed40a1b175274730c77b9a
[2026-03-03T00:08:28.875+0000] {logging_mixin.py:190} INFO -  Accuracy: 0.8900
[2026-03-03T00:08:28.900+0000] {logging_mixin.py:190} WARNING - 2026/03/03 00:08:28 INFO mlflow.tracking._tracking_service.client: 🏃 View run receptive-tern-730 at: http://mlflow:5001/#/experiments/1/runs/62d9a49f78ed40a1b175274730c77b9a.
[2026-03-03T00:08:28.901+0000] {logging_mixin.py:190} WARNING - 2026/03/03 00:08:28 INFO mlflow.tracking._tracking_service.client: 🧪 View experiment at: http://mlflow:5001/#/experiments/1.
[2026-03-03T00:08:28.935+0000] {logging_mixin.py:190} INFO - 
 Best model:
[2026-03-03T00:08:28.935+0000] {logging_mixin.py:190} INFO -    Run ID: 62d9a49f78ed40a1b175274730c77b9a
[2026-03-03T00:08:28.936+0000] {logging_mixin.py:190} INFO -    Accuracy: 0.8900
[2026-03-03T00:08:28.936+0000] {logging_mixin.py:190} INFO - 
 View results in MLFlow UI: http://mlflow:5001
[2026-03-03T00:08:28.938+0000] {python.py:240} INFO - Done. Returned value was: {'best_run_id': '62d9a49f78ed40a1b175274730c77b9a', 'best_accuracy': 0.89, 'total_runs': 3}
[2026-03-03T00:08:28.974+0000] {taskinstance.py:340} INFO - ::group::Post task execution logs
[2026-03-03T00:08:28.976+0000] {taskinstance.py:352} INFO - Marking task as SUCCESS. dag_id=simple_mlflow_experiment, task_id=run_experiment, run_id=scheduled__2026-03-02T00:00:00+00:00, execution_date=20260302T000000, start_date=20260303T000821, end_date=20260303T000828
[2026-03-03T00:08:29.021+0000] {local_task_job_runner.py:266} INFO - Task exited with return code 0
[2026-03-03T00:08:29.055+0000] {taskinstance.py:3900} INFO - 0 downstream tasks scheduled from follow-on schedule check
[2026-03-03T00:08:29.058+0000] {local_task_job_runner.py:245} INFO - ::endgroup::
