[2026-03-02T10:34:57.731+0000] {local_task_job_runner.py:123} INFO - ::group::Pre task execution logs
[2026-03-02T10:34:57.742+0000] {taskinstance.py:2612} INFO - Dependencies all met for dep_context=non-requeueable deps ti=<TaskInstance: ml_pipeline_with_mlflow.preprocess_data scheduled__2026-03-01T00:00:00+00:00 [queued]>
[2026-03-02T10:34:57.747+0000] {taskinstance.py:2612} INFO - Dependencies all met for dep_context=requeueable deps ti=<TaskInstance: ml_pipeline_with_mlflow.preprocess_data scheduled__2026-03-01T00:00:00+00:00 [queued]>
[2026-03-02T10:34:57.747+0000] {taskinstance.py:2865} INFO - Starting attempt 1 of 2
[2026-03-02T10:34:57.756+0000] {taskinstance.py:2888} INFO - Executing <Task(PythonOperator): preprocess_data> on 2026-03-01 00:00:00+00:00
[2026-03-02T10:34:57.759+0000] {standard_task_runner.py:72} INFO - Started process 673 to run task
[2026-03-02T10:34:57.762+0000] {standard_task_runner.py:104} INFO - Running: ['***', 'tasks', 'run', 'ml_pipeline_with_mlflow', 'preprocess_data', 'scheduled__2026-03-01T00:00:00+00:00', '--job-id', '6', '--raw', '--subdir', 'DAGS_FOLDER/full_pipeline.py', '--cfg-path', '/tmp/tmp8sh33h7v']
[2026-03-02T10:34:57.765+0000] {standard_task_runner.py:105} INFO - Job 6: Subtask preprocess_data
[2026-03-02T10:34:57.803+0000] {task_command.py:467} INFO - Running <TaskInstance: ml_pipeline_with_mlflow.preprocess_data scheduled__2026-03-01T00:00:00+00:00 [running]> on host 6f79ea9f2e18
[2026-03-02T10:34:57.859+0000] {taskinstance.py:3131} INFO - Exporting env vars: AIRFLOW_CTX_DAG_OWNER='ml_team' AIRFLOW_CTX_DAG_ID='ml_pipeline_with_mlflow' AIRFLOW_CTX_TASK_ID='preprocess_data' AIRFLOW_CTX_EXECUTION_DATE='2026-03-01T00:00:00+00:00' AIRFLOW_CTX_TRY_NUMBER='1' AIRFLOW_CTX_DAG_RUN_ID='scheduled__2026-03-01T00:00:00+00:00'
[2026-03-02T10:34:57.860+0000] {taskinstance.py:731} INFO - ::endgroup::
[2026-03-02T10:34:57.871+0000] {logging_mixin.py:190} INFO -  Preprocessing data...
[2026-03-02T10:34:57.916+0000] {logging_mixin.py:190} INFO -  Preprocessing complete!
[2026-03-02T10:34:57.916+0000] {logging_mixin.py:190} INFO -   Train set: (800, 11)
[2026-03-02T10:34:57.916+0000] {logging_mixin.py:190} INFO -   Test set: (200, 11)
[2026-03-02T10:34:57.941+0000] {python.py:240} INFO - Done. Returned value was: {'train_size': 800, 'test_size': 200, 'n_features': 11}
[2026-03-02T10:34:57.950+0000] {taskinstance.py:340} INFO - ::group::Post task execution logs
[2026-03-02T10:34:57.951+0000] {taskinstance.py:352} INFO - Marking task as SUCCESS. dag_id=ml_pipeline_with_mlflow, task_id=preprocess_data, run_id=scheduled__2026-03-01T00:00:00+00:00, execution_date=20260301T000000, start_date=20260302T103457, end_date=20260302T103457
[2026-03-02T10:34:57.984+0000] {local_task_job_runner.py:266} INFO - Task exited with return code 0
[2026-03-02T10:34:58.014+0000] {taskinstance.py:3900} INFO - 0 downstream tasks scheduled from follow-on schedule check
[2026-03-02T10:34:58.017+0000] {local_task_job_runner.py:245} INFO - ::endgroup::
