[2026-03-03T00:08:25.049+0000] {local_task_job_runner.py:123} INFO - ::group::Pre task execution logs
[2026-03-03T00:08:25.057+0000] {taskinstance.py:2612} INFO - Dependencies all met for dep_context=non-requeueable deps ti=<TaskInstance: ml_pipeline_with_mlflow.preprocess_data scheduled__2026-03-02T00:00:00+00:00 [queued]>
[2026-03-03T00:08:25.061+0000] {taskinstance.py:2612} INFO - Dependencies all met for dep_context=requeueable deps ti=<TaskInstance: ml_pipeline_with_mlflow.preprocess_data scheduled__2026-03-02T00:00:00+00:00 [queued]>
[2026-03-03T00:08:25.062+0000] {taskinstance.py:2865} INFO - Starting attempt 1 of 2
[2026-03-03T00:08:25.068+0000] {taskinstance.py:2888} INFO - Executing <Task(PythonOperator): preprocess_data> on 2026-03-02 00:00:00+00:00
[2026-03-03T00:08:25.073+0000] {standard_task_runner.py:72} INFO - Started process 3295 to run task
[2026-03-03T00:08:25.075+0000] {standard_task_runner.py:104} INFO - Running: ['***', 'tasks', 'run', 'ml_pipeline_with_mlflow', 'preprocess_data', 'scheduled__2026-03-02T00:00:00+00:00', '--job-id', '35', '--raw', '--subdir', 'DAGS_FOLDER/full_pipeline.py', '--cfg-path', '/tmp/tmpx96ip0gk']
[2026-03-03T00:08:25.076+0000] {standard_task_runner.py:105} INFO - Job 35: Subtask preprocess_data
[2026-03-03T00:08:25.101+0000] {task_command.py:467} INFO - Running <TaskInstance: ml_pipeline_with_mlflow.preprocess_data scheduled__2026-03-02T00:00:00+00:00 [running]> on host 6f79ea9f2e18
[2026-03-03T00:08:25.149+0000] {taskinstance.py:3131} INFO - Exporting env vars: AIRFLOW_CTX_DAG_OWNER='ml_team' AIRFLOW_CTX_DAG_ID='ml_pipeline_with_mlflow' AIRFLOW_CTX_TASK_ID='preprocess_data' AIRFLOW_CTX_EXECUTION_DATE='2026-03-02T00:00:00+00:00' AIRFLOW_CTX_TRY_NUMBER='1' AIRFLOW_CTX_DAG_RUN_ID='scheduled__2026-03-02T00:00:00+00:00'
[2026-03-03T00:08:25.150+0000] {taskinstance.py:731} INFO - ::endgroup::
[2026-03-03T00:08:25.158+0000] {logging_mixin.py:190} INFO -  Preprocessing data...
[2026-03-03T00:08:25.180+0000] {logging_mixin.py:190} INFO -  Preprocessing complete!
[2026-03-03T00:08:25.180+0000] {logging_mixin.py:190} INFO -   Train set: (800, 11)
[2026-03-03T00:08:25.180+0000] {logging_mixin.py:190} INFO -   Test set: (200, 11)
[2026-03-03T00:08:25.194+0000] {python.py:240} INFO - Done. Returned value was: {'train_size': 800, 'test_size': 200, 'n_features': 11}
[2026-03-03T00:08:25.224+0000] {taskinstance.py:340} INFO - ::group::Post task execution logs
[2026-03-03T00:08:25.247+0000] {taskinstance.py:352} INFO - Marking task as SUCCESS. dag_id=ml_pipeline_with_mlflow, task_id=preprocess_data, run_id=scheduled__2026-03-02T00:00:00+00:00, execution_date=20260302T000000, start_date=20260303T000825, end_date=20260303T000825
[2026-03-03T00:08:25.300+0000] {local_task_job_runner.py:266} INFO - Task exited with return code 0
[2026-03-03T00:08:25.333+0000] {taskinstance.py:3900} INFO - 3 downstream tasks scheduled from follow-on schedule check
[2026-03-03T00:08:25.334+0000] {local_task_job_runner.py:245} INFO - ::endgroup::
