[2026-03-02T10:35:00.915+0000] {local_task_job_runner.py:123} INFO - ::group::Pre task execution logs
[2026-03-02T10:35:00.927+0000] {taskinstance.py:2612} INFO - Dependencies all met for dep_context=non-requeueable deps ti=<TaskInstance: ml_pipeline_with_mlflow.preprocess_data manual__2026-03-02T10:34:56.598976+00:00 [queued]>
[2026-03-02T10:35:00.936+0000] {taskinstance.py:2612} INFO - Dependencies all met for dep_context=requeueable deps ti=<TaskInstance: ml_pipeline_with_mlflow.preprocess_data manual__2026-03-02T10:34:56.598976+00:00 [queued]>
[2026-03-02T10:35:00.937+0000] {taskinstance.py:2865} INFO - Starting attempt 1 of 2
[2026-03-02T10:35:00.946+0000] {taskinstance.py:2888} INFO - Executing <Task(PythonOperator): preprocess_data> on 2026-03-02 10:34:56.598976+00:00
[2026-03-02T10:35:00.953+0000] {standard_task_runner.py:72} INFO - Started process 752 to run task
[2026-03-02T10:35:00.954+0000] {standard_task_runner.py:104} INFO - Running: ['***', 'tasks', 'run', 'ml_pipeline_with_mlflow', 'preprocess_data', 'manual__2026-03-02T10:34:56.598976+00:00', '--job-id', '12', '--raw', '--subdir', 'DAGS_FOLDER/full_pipeline.py', '--cfg-path', '/tmp/tmph1i9f4mx']
[2026-03-02T10:35:00.958+0000] {standard_task_runner.py:105} INFO - Job 12: Subtask preprocess_data
[2026-03-02T10:35:01.067+0000] {task_command.py:467} INFO - Running <TaskInstance: ml_pipeline_with_mlflow.preprocess_data manual__2026-03-02T10:34:56.598976+00:00 [running]> on host 6f79ea9f2e18
[2026-03-02T10:35:01.159+0000] {taskinstance.py:3131} INFO - Exporting env vars: AIRFLOW_CTX_DAG_OWNER='ml_team' AIRFLOW_CTX_DAG_ID='ml_pipeline_with_mlflow' AIRFLOW_CTX_TASK_ID='preprocess_data' AIRFLOW_CTX_EXECUTION_DATE='2026-03-02T10:34:56.598976+00:00' AIRFLOW_CTX_TRY_NUMBER='1' AIRFLOW_CTX_DAG_RUN_ID='manual__2026-03-02T10:34:56.598976+00:00'
[2026-03-02T10:35:01.161+0000] {taskinstance.py:731} INFO - ::endgroup::
[2026-03-02T10:35:01.181+0000] {logging_mixin.py:190} INFO -  Preprocessing data...
[2026-03-02T10:35:01.354+0000] {logging_mixin.py:190} INFO -  Preprocessing complete!
[2026-03-02T10:35:01.354+0000] {logging_mixin.py:190} INFO -   Train set: (800, 11)
[2026-03-02T10:35:01.354+0000] {logging_mixin.py:190} INFO -   Test set: (200, 11)
[2026-03-02T10:35:01.381+0000] {python.py:240} INFO - Done. Returned value was: {'train_size': 800, 'test_size': 200, 'n_features': 11}
[2026-03-02T10:35:01.393+0000] {taskinstance.py:340} INFO - ::group::Post task execution logs
[2026-03-02T10:35:01.394+0000] {taskinstance.py:352} INFO - Marking task as SUCCESS. dag_id=ml_pipeline_with_mlflow, task_id=preprocess_data, run_id=manual__2026-03-02T10:34:56.598976+00:00, execution_date=20260302T103456, start_date=20260302T103500, end_date=20260302T103501
[2026-03-02T10:35:01.436+0000] {local_task_job_runner.py:266} INFO - Task exited with return code 0
[2026-03-02T10:35:01.475+0000] {taskinstance.py:3900} INFO - 3 downstream tasks scheduled from follow-on schedule check
[2026-03-02T10:35:01.491+0000] {local_task_job_runner.py:245} INFO - ::endgroup::
